\BOOKMARK [0][-]{chapter.1}{\376\377\0001\000\040\000L\000a\000m\000i\000n\000a\000:\000\040\000A\000\040\000M\000o\000l\000e\000c\000u\000l\000a\000r\000\040\000D\000y\000n\000a\000m\000i\000c\000s\000\040\000P\000a\000c\000k\000a\000g\000e}{}% 1
\BOOKMARK [1][-]{section.1.1}{\376\377\0001\000.\0001\000\040\000O\000v\000e\000r\000v\000i\000e\000w}{chapter.1}% 2
\BOOKMARK [1][-]{section.1.2}{\376\377\0001\000.\0002\000\040\000W\000h\000y\000\040\000"\000L\000a\000m\000i\000n\000a\000"\000?}{chapter.1}% 3
\BOOKMARK [1][-]{section.1.3}{\376\377\0001\000.\0003\000\040\000K\000e\000y\000\040\000F\000e\000a\000t\000u\000r\000e\000s}{chapter.1}% 4
\BOOKMARK [2][-]{subsection.1.3.1}{\376\377\0001\000.\0003\000.\0001\000\040\000I\000n\000t\000e\000r\000a\000c\000t\000i\000o\000n\000\040\000P\000o\000t\000e\000n\000t\000i\000a\000l\000s}{section.1.3}% 5
\BOOKMARK [2][-]{subsection.1.3.2}{\376\377\0001\000.\0003\000.\0002\000\040\000T\000h\000e\000r\000m\000o\000s\000t\000a\000t\000s\000\040\000a\000n\000d\000\040\000T\000e\000m\000p\000e\000r\000a\000t\000u\000r\000e\000\040\000C\000o\000n\000t\000r\000o\000l}{section.1.3}% 6
\BOOKMARK [2][-]{subsection.1.3.3}{\376\377\0001\000.\0003\000.\0003\000\040\000T\000i\000m\000e\000\040\000I\000n\000t\000e\000g\000r\000a\000t\000i\000o\000n}{section.1.3}% 7
\BOOKMARK [2][-]{subsection.1.3.4}{\376\377\0001\000.\0003\000.\0004\000\040\000P\000h\000y\000s\000i\000c\000a\000l\000\040\000O\000b\000s\000e\000r\000v\000a\000b\000l\000e\000s}{section.1.3}% 8
\BOOKMARK [2][-]{subsection.1.3.5}{\376\377\0001\000.\0003\000.\0005\000\040\000O\000u\000t\000p\000u\000t\000\040\000a\000n\000d\000\040\000U\000t\000i\000l\000i\000t\000i\000e\000s}{section.1.3}% 9
\BOOKMARK [1][-]{section.1.4}{\376\377\0001\000.\0004\000\040\000P\000r\000o\000j\000e\000c\000t\000\040\000S\000t\000r\000u\000c\000t\000u\000r\000e}{chapter.1}% 10
\BOOKMARK [1][-]{section.1.5}{\376\377\0001\000.\0005\000\040\000I\000n\000s\000t\000a\000l\000l\000a\000t\000i\000o\000n\000\040\000I\000n\000s\000t\000r\000u\000c\000t\000i\000o\000n\000s}{chapter.1}% 11
\BOOKMARK [2][-]{subsection.1.5.1}{\376\377\0001\000.\0005\000.\0001\000\040\000P\000r\000e\000r\000e\000q\000u\000i\000s\000i\000t\000e\000s}{section.1.5}% 12
\BOOKMARK [1][-]{section.1.6}{\376\377\0001\000.\0006\000\040\000B\000u\000i\000l\000d\000i\000n\000g\000\040\000L\000a\000m\000i\000n\000a}{chapter.1}% 13
\BOOKMARK [2][-]{subsection.1.6.1}{\376\377\0001\000.\0006\000.\0001\000\040\000U\000s\000i\000n\000g\000\040\000M\000a\000k\000e\000f\000i\000l\000e}{section.1.6}% 14
\BOOKMARK [2][-]{subsection.1.6.2}{\376\377\0001\000.\0006\000.\0002\000\040\000U\000s\000i\000n\000g\000\040\000C\000M\000a\000k\000e\000\040\000\050\000R\000e\000c\000o\000m\000m\000e\000n\000d\000e\000d\000\051}{section.1.6}% 15
\BOOKMARK [1][-]{section.1.7}{\376\377\0001\000.\0007\000\040\000C\000o\000n\000t\000i\000n\000u\000o\000u\000s\000\040\000I\000n\000t\000e\000g\000r\000a\000t\000i\000o\000n\000\040\000\050\000C\000I\000\051\000\040\000w\000i\000t\000h\000\040\000G\000i\000t\000H\000u\000b\000\040\000A\000c\000t\000i\000o\000n\000s}{chapter.1}% 16
\BOOKMARK [1][-]{section.1.8}{\376\377\0001\000.\0008\000\040\000D\000o\000c\000u\000m\000e\000n\000t\000a\000t\000i\000o\000n}{chapter.1}% 17
\BOOKMARK [1][-]{section.1.9}{\376\377\0001\000.\0009\000\040\000A\000d\000d\000i\000n\000g\000\040\000a\000\040\000B\000u\000i\000l\000d\000\040\000S\000t\000a\000t\000u\000s\000\040\000B\000a\000d\000g\000e}{chapter.1}% 18
\BOOKMARK [0][-]{chapter.2}{\376\377\0002\000\040\000C\000l\000a\000s\000s\000\040\000I\000n\000d\000e\000x}{}% 19
\BOOKMARK [1][-]{section.2.1}{\376\377\0002\000.\0001\000\040\000C\000l\000a\000s\000s\000\040\000L\000i\000s\000t}{chapter.2}% 20
\BOOKMARK [0][-]{chapter.3}{\376\377\0003\000\040\000F\000i\000l\000e\000\040\000I\000n\000d\000e\000x}{}% 21
\BOOKMARK [1][-]{section.3.1}{\376\377\0003\000.\0001\000\040\000F\000i\000l\000e\000\040\000L\000i\000s\000t}{chapter.3}% 22
\BOOKMARK [0][-]{chapter.4}{\376\377\0004\000\040\000C\000l\000a\000s\000s\000\040\000D\000o\000c\000u\000m\000e\000n\000t\000a\000t\000i\000o\000n}{}% 23
\BOOKMARK [1][-]{section.4.1}{\376\377\0004\000.\0001\000\040\000R\000e\000s\000t\000a\000r\000t\000H\000e\000a\000d\000e\000r\000\040\000S\000t\000r\000u\000c\000t\000\040\000R\000e\000f\000e\000r\000e\000n\000c\000e}{chapter.4}% 24
\BOOKMARK [2][-]{subsection.4.1.1}{\376\377\0004\000.\0001\000.\0001\000\040\000D\000e\000t\000a\000i\000l\000e\000d\000\040\000D\000e\000s\000c\000r\000i\000p\000t\000i\000o\000n}{section.4.1}% 25
\BOOKMARK [2][-]{subsection.4.1.2}{\376\377\0004\000.\0001\000.\0002\000\040\000M\000e\000m\000b\000e\000r\000\040\000D\000a\000t\000a\000\040\000D\000o\000c\000u\000m\000e\000n\000t\000a\000t\000i\000o\000n}{section.4.1}% 26
\BOOKMARK [3][-]{subsubsection.4.1.2.1}{\376\377\0004\000.\0001\000.\0002\000.\0001\000\040\000b\000i\000g\000D\000i\000a\000m\000e\000t\000e\000r}{subsection.4.1.2}% 27
\BOOKMARK [3][-]{subsubsection.4.1.2.2}{\376\377\0004\000.\0001\000.\0002\000.\0002\000\040\000f\000o\000r\000c\000e\000S\000u\000m\000x\000E\000x\000t\000e\000r\000n}{subsection.4.1.2}% 28
\BOOKMARK [3][-]{subsubsection.4.1.2.3}{\376\377\0004\000.\0001\000.\0002\000.\0003\000\040\000f\000o\000r\000c\000e\000S\000u\000m\000y\000E\000x\000t\000e\000r\000n}{subsection.4.1.2}% 29
\BOOKMARK [3][-]{subsubsection.4.1.2.4}{\376\377\0004\000.\0001\000.\0002\000.\0004\000\040\000I\000n\000t\000e\000r\000f\000a\000c\000e\000W\000i\000d\000t\000h}{subsection.4.1.2}% 30
\BOOKMARK [3][-]{subsubsection.4.1.2.5}{\376\377\0004\000.\0001\000.\0002\000.\0005\000\040\000m\000a\000g\000i\000c}{subsection.4.1.2}% 31
\BOOKMARK [3][-]{subsubsection.4.1.2.6}{\376\377\0004\000.\0001\000.\0002\000.\0006\000\040\000n\000A\000t\000o\000m}{subsection.4.1.2}% 32
\BOOKMARK [3][-]{subsubsection.4.1.2.7}{\376\377\0004\000.\0001\000.\0002\000.\0007\000\040\000n\000A\000t\000o\000m\000B\000l\000o\000c\000k}{subsection.4.1.2}% 33
\BOOKMARK [3][-]{subsubsection.4.1.2.8}{\376\377\0004\000.\0001\000.\0002\000.\0008\000\040\000n\000A\000t\000o\000m\000I\000n\000t\000e\000r\000f\000a\000c\000e}{subsection.4.1.2}% 34
\BOOKMARK [3][-]{subsubsection.4.1.2.9}{\376\377\0004\000.\0001\000.\0002\000.\0009\000\040\000n\000A\000t\000o\000m\000T\000y\000p\000e}{subsection.4.1.2}% 35
\BOOKMARK [3][-]{subsubsection.4.1.2.10}{\376\377\0004\000.\0001\000.\0002\000.\0001\0000\000\040\000n\000B\000o\000n\000d}{subsection.4.1.2}% 36
\BOOKMARK [3][-]{subsubsection.4.1.2.11}{\376\377\0004\000.\0001\000.\0002\000.\0001\0001\000\040\000n\000B\000o\000n\000d\000T\000y\000p\000e}{subsection.4.1.2}% 37
\BOOKMARK [3][-]{subsubsection.4.1.2.12}{\376\377\0004\000.\0001\000.\0002\000.\0001\0002\000\040\000n\000D\000i\000s\000c\000I\000n\000t\000e\000r\000f\000a\000c\000e}{subsection.4.1.2}% 38
\BOOKMARK [3][-]{subsubsection.4.1.2.13}{\376\377\0004\000.\0001\000.\0002\000.\0001\0003\000\040\000n\000P\000a\000i\000r\000A\000c\000t\000i\000v\000e}{subsection.4.1.2}% 39
\BOOKMARK [3][-]{subsubsection.4.1.2.14}{\376\377\0004\000.\0001\000.\0002\000.\0001\0004\000\040\000n\000P\000a\000i\000r\000T\000o\000t\000a\000l}{subsection.4.1.2}% 40
\BOOKMARK [3][-]{subsubsection.4.1.2.15}{\376\377\0004\000.\0001\000.\0002\000.\0001\0005\000\040\000r\000e\000g\000i\000o\000n\000X}{subsection.4.1.2}% 41
\BOOKMARK [3][-]{subsubsection.4.1.2.16}{\376\377\0004\000.\0001\000.\0002\000.\0001\0006\000\040\000r\000e\000g\000i\000o\000n\000Y}{subsection.4.1.2}% 42
\BOOKMARK [3][-]{subsubsection.4.1.2.17}{\376\377\0004\000.\0001\000.\0002\000.\0001\0007\000\040\000s\000t\000e\000p\000C\000o\000u\000n\000t}{subsection.4.1.2}% 43
\BOOKMARK [3][-]{subsubsection.4.1.2.18}{\376\377\0004\000.\0001\000.\0002\000.\0001\0008\000\040\000t\000i\000m\000e\000N\000o\000w}{subsection.4.1.2}% 44
\BOOKMARK [3][-]{subsubsection.4.1.2.19}{\376\377\0004\000.\0001\000.\0002\000.\0001\0009\000\040\000T\000o\000t\000a\000l\000B\000o\000n\000d\000E\000n\000e\000r\000g\000y}{subsection.4.1.2}% 45
\BOOKMARK [3][-]{subsubsection.4.1.2.20}{\376\377\0004\000.\0001\000.\0002\000.\0002\0000\000\040\000u\000S\000u\000m\000P\000a\000i\000r}{subsection.4.1.2}% 46
\BOOKMARK [3][-]{subsubsection.4.1.2.21}{\376\377\0004\000.\0001\000.\0002\000.\0002\0001\000\040\000v\000e\000r\000s\000i\000o\000n}{subsection.4.1.2}% 47
\BOOKMARK [3][-]{subsubsection.4.1.2.22}{\376\377\0004\000.\0001\000.\0002\000.\0002\0002\000\040\000v\000i\000r\000S\000u\000m\000B\000o\000n\000d}{subsection.4.1.2}% 48
\BOOKMARK [3][-]{subsubsection.4.1.2.23}{\376\377\0004\000.\0001\000.\0002\000.\0002\0003\000\040\000v\000i\000r\000S\000u\000m\000B\000o\000n\000d\000x\000x}{subsection.4.1.2}% 49
\BOOKMARK [3][-]{subsubsection.4.1.2.24}{\376\377\0004\000.\0001\000.\0002\000.\0002\0004\000\040\000v\000i\000r\000S\000u\000m\000B\000o\000n\000d\000x\000y}{subsection.4.1.2}% 50
\BOOKMARK [3][-]{subsubsection.4.1.2.25}{\376\377\0004\000.\0001\000.\0002\000.\0002\0005\000\040\000v\000i\000r\000S\000u\000m\000B\000o\000n\000d\000y\000y}{subsection.4.1.2}% 51
\BOOKMARK [3][-]{subsubsection.4.1.2.26}{\376\377\0004\000.\0001\000.\0002\000.\0002\0006\000\040\000v\000i\000r\000S\000u\000m\000P\000a\000i\000r}{subsection.4.1.2}% 52
\BOOKMARK [3][-]{subsubsection.4.1.2.27}{\376\377\0004\000.\0001\000.\0002\000.\0002\0007\000\040\000v\000i\000r\000S\000u\000m\000P\000a\000i\000r\000x\000x}{subsection.4.1.2}% 53
\BOOKMARK [3][-]{subsubsection.4.1.2.28}{\376\377\0004\000.\0001\000.\0002\000.\0002\0008\000\040\000v\000i\000r\000S\000u\000m\000P\000a\000i\000r\000x\000y}{subsection.4.1.2}% 54
\BOOKMARK [3][-]{subsubsection.4.1.2.29}{\376\377\0004\000.\0001\000.\0002\000.\0002\0009\000\040\000v\000i\000r\000S\000u\000m\000P\000a\000i\000r\000y\000y}{subsection.4.1.2}% 55
\BOOKMARK [0][-]{chapter.5}{\376\377\0005\000\040\000F\000i\000l\000e\000\040\000D\000o\000c\000u\000m\000e\000n\000t\000a\000t\000i\000o\000n}{}% 56
\BOOKMARK [1][-]{section.5.1}{\376\377\0005\000.\0001\000\040\000R\000E\000A\000D\000M\000E\000.\000m\000d\000\040\000F\000i\000l\000e\000\040\000R\000e\000f\000e\000r\000e\000n\000c\000e}{chapter.5}% 57
\BOOKMARK [1][-]{section.5.2}{\376\377\0005\000.\0002\000\040\000s\000o\000u\000r\000c\000e\000/\000A\000c\000c\000u\000m\000P\000r\000o\000p\000s\000.\000c\000\040\000F\000i\000l\000e\000\040\000R\000e\000f\000e\000r\000e\000n\000c\000e}{chapter.5}% 58
\BOOKMARK [2][-]{subsection.5.2.1}{\376\377\0005\000.\0002\000.\0001\000\040\000F\000u\000n\000c\000t\000i\000o\000n\000\040\000D\000o\000c\000u\000m\000e\000n\000t\000a\000t\000i\000o\000n}{section.5.2}% 59
\BOOKMARK [3][-]{subsubsection.5.2.1.1}{\376\377\0005\000.\0002\000.\0001\000.\0001\000\040\000A\000c\000c\000u\000m\000P\000r\000o\000p\000s\000\050\000\051}{subsection.5.2.1}% 60
\BOOKMARK [1][-]{section.5.3}{\376\377\0005\000.\0003\000\040\000A\000c\000c\000u\000m\000P\000r\000o\000p\000s\000.\000c}{chapter.5}% 61
\BOOKMARK [1][-]{section.5.4}{\376\377\0005\000.\0004\000\040\000s\000o\000u\000r\000c\000e\000/\000A\000c\000c\000u\000m\000V\000a\000c\000f\000.\000c\000\040\000F\000i\000l\000e\000\040\000R\000e\000f\000e\000r\000e\000n\000c\000e}{chapter.5}% 62
\BOOKMARK [2][-]{subsection.5.4.1}{\376\377\0005\000.\0004\000.\0001\000\040\000F\000u\000n\000c\000t\000i\000o\000n\000\040\000D\000o\000c\000u\000m\000e\000n\000t\000a\000t\000i\000o\000n}{section.5.4}% 63
\BOOKMARK [3][-]{subsubsection.5.4.1.1}{\376\377\0005\000.\0004\000.\0001\000.\0001\000\040\000A\000c\000c\000u\000m\000V\000a\000c\000f\000\050\000\051}{subsection.5.4.1}% 64
\BOOKMARK [3][-]{subsubsection.5.4.1.2}{\376\377\0005\000.\0004\000.\0001\000.\0002\000\040\000I\000n\000t\000e\000g\000r\000a\000t\000e\000\050\000\051}{subsection.5.4.1}% 65
\BOOKMARK [3][-]{subsubsection.5.4.1.3}{\376\377\0005\000.\0004\000.\0001\000.\0003\000\040\000P\000r\000i\000n\000t\000V\000a\000c\000f\000\050\000\051}{subsection.5.4.1}% 66
\BOOKMARK [3][-]{subsubsection.5.4.1.4}{\376\377\0005\000.\0004\000.\0001\000.\0004\000\040\000Z\000e\000r\000o\000V\000a\000c\000f\000\050\000\051}{subsection.5.4.1}% 67
\BOOKMARK [1][-]{section.5.5}{\376\377\0005\000.\0005\000\040\000A\000c\000c\000u\000m\000V\000a\000c\000f\000.\000c}{chapter.5}% 68
\BOOKMARK [1][-]{section.5.6}{\376\377\0005\000.\0006\000\040\000s\000o\000u\000r\000c\000e\000/\000A\000l\000l\000o\000c\000A\000r\000r\000a\000y\000s\000.\000c\000\040\000F\000i\000l\000e\000\040\000R\000e\000f\000e\000r\000e\000n\000c\000e}{chapter.5}% 69
\BOOKMARK [2][-]{subsection.5.6.1}{\376\377\0005\000.\0006\000.\0001\000\040\000F\000u\000n\000c\000t\000i\000o\000n\000\040\000D\000o\000c\000u\000m\000e\000n\000t\000a\000t\000i\000o\000n}{section.5.6}% 70
\BOOKMARK [3][-]{subsubsection.5.6.1.1}{\376\377\0005\000.\0006\000.\0001\000.\0001\000\040\000A\000l\000l\000o\000c\000A\000r\000r\000a\000y\000s\000\050\000\051}{subsection.5.6.1}% 71
\BOOKMARK [1][-]{section.5.7}{\376\377\0005\000.\0007\000\040\000A\000l\000l\000o\000c\000A\000r\000r\000a\000y\000s\000.\000c}{chapter.5}% 72
\BOOKMARK [1][-]{section.5.8}{\376\377\0005\000.\0008\000\040\000s\000o\000u\000r\000c\000e\000/\000A\000p\000p\000l\000y\000B\000o\000u\000n\000d\000a\000r\000y\000C\000o\000n\000d\000.\000c\000\040\000F\000i\000l\000e\000\040\000R\000e\000f\000e\000r\000e\000n\000c\000e}{chapter.5}% 73
\BOOKMARK [2][-]{subsection.5.8.1}{\376\377\0005\000.\0008\000.\0001\000\040\000F\000u\000n\000c\000t\000i\000o\000n\000\040\000D\000o\000c\000u\000m\000e\000n\000t\000a\000t\000i\000o\000n}{section.5.8}% 74
\BOOKMARK [3][-]{subsubsection.5.8.1.1}{\376\377\0005\000.\0008\000.\0001\000.\0001\000\040\000A\000p\000p\000l\000y\000B\000o\000u\000n\000d\000a\000r\000y\000C\000o\000n\000d\000\050\000\051}{subsection.5.8.1}% 75
\BOOKMARK [1][-]{section.5.9}{\376\377\0005\000.\0009\000\040\000A\000p\000p\000l\000y\000B\000o\000u\000n\000d\000a\000r\000y\000C\000o\000n\000d\000.\000c}{chapter.5}% 76
\BOOKMARK [1][-]{section.5.10}{\376\377\0005\000.\0001\0000\000\040\000s\000o\000u\000r\000c\000e\000/\000A\000p\000p\000l\000y\000D\000r\000i\000v\000i\000n\000g\000F\000o\000r\000c\000e\000.\000c\000\040\000F\000i\000l\000e\000\040\000R\000e\000f\000e\000r\000e\000n\000c\000e}{chapter.5}% 77
\BOOKMARK [2][-]{subsection.5.10.1}{\376\377\0005\000.\0001\0000\000.\0001\000\040\000F\000u\000n\000c\000t\000i\000o\000n\000\040\000D\000o\000c\000u\000m\000e\000n\000t\000a\000t\000i\000o\000n}{section.5.10}% 78
\BOOKMARK [3][-]{subsubsection.5.10.1.1}{\376\377\0005\000.\0001\0000\000.\0001\000.\0001\000\040\000A\000p\000p\000l\000y\000D\000r\000i\000v\000i\000n\000g\000F\000o\000r\000c\000e\000\050\000\051}{subsection.5.10.1}% 79
\BOOKMARK [1][-]{section.5.11}{\376\377\0005\000.\0001\0001\000\040\000A\000p\000p\000l\000y\000D\000r\000i\000v\000i\000n\000g\000F\000o\000r\000c\000e\000.\000c}{chapter.5}% 80
\BOOKMARK [1][-]{section.5.12}{\376\377\0005\000.\0001\0002\000\040\000s\000o\000u\000r\000c\000e\000/\000A\000p\000p\000l\000y\000F\000o\000r\000c\000e\000.\000c\000\040\000F\000i\000l\000e\000\040\000R\000e\000f\000e\000r\000e\000n\000c\000e}{chapter.5}% 81
\BOOKMARK [2][-]{subsection.5.12.1}{\376\377\0005\000.\0001\0002\000.\0001\000\040\000F\000u\000n\000c\000t\000i\000o\000n\000\040\000D\000o\000c\000u\000m\000e\000n\000t\000a\000t\000i\000o\000n}{section.5.12}% 82
\BOOKMARK [3][-]{subsubsection.5.12.1.1}{\376\377\0005\000.\0001\0002\000.\0001\000.\0001\000\040\000A\000p\000p\000l\000y\000F\000o\000r\000c\000e\000\050\000\051}{subsection.5.12.1}% 83
\BOOKMARK [1][-]{section.5.13}{\376\377\0005\000.\0001\0003\000\040\000A\000p\000p\000l\000y\000F\000o\000r\000c\000e\000.\000c}{chapter.5}% 84
\BOOKMARK [1][-]{section.5.14}{\376\377\0005\000.\0001\0004\000\040\000s\000o\000u\000r\000c\000e\000/\000A\000p\000p\000l\000y\000L\000e\000e\000s\000E\000d\000w\000a\000r\000d\000s\000B\000o\000u\000n\000d\000a\000r\000y\000C\000o\000n\000d\000.\000c\000\040\000F\000i\000l\000e\000\040\000R\000e\000f\000e\000r\000e\000n\000c\000e}{chapter.5}% 85
\BOOKMARK [2][-]{subsection.5.14.1}{\376\377\0005\000.\0001\0004\000.\0001\000\040\000F\000u\000n\000c\000t\000i\000o\000n\000\040\000D\000o\000c\000u\000m\000e\000n\000t\000a\000t\000i\000o\000n}{section.5.14}% 86
\BOOKMARK [3][-]{subsubsection.5.14.1.1}{\376\377\0005\000.\0001\0004\000.\0001\000.\0001\000\040\000A\000p\000p\000l\000y\000L\000e\000e\000s\000E\000d\000w\000a\000r\000d\000s\000B\000o\000u\000n\000d\000a\000r\000y\000C\000o\000n\000d\000\050\000\051}{subsection.5.14.1}% 87
\BOOKMARK [1][-]{section.5.15}{\376\377\0005\000.\0001\0005\000\040\000A\000p\000p\000l\000y\000L\000e\000e\000s\000E\000d\000w\000a\000r\000d\000s\000B\000o\000u\000n\000d\000a\000r\000y\000C\000o\000n\000d\000.\000c}{chapter.5}% 88
\BOOKMARK [1][-]{section.5.16}{\376\377\0005\000.\0001\0006\000\040\000s\000o\000u\000r\000c\000e\000/\000A\000p\000p\000l\000y\000S\000h\000e\000a\000r\000.\000c\000\040\000F\000i\000l\000e\000\040\000R\000e\000f\000e\000r\000e\000n\000c\000e}{chapter.5}% 89
\BOOKMARK [2][-]{subsection.5.16.1}{\376\377\0005\000.\0001\0006\000.\0001\000\040\000F\000u\000n\000c\000t\000i\000o\000n\000\040\000D\000o\000c\000u\000m\000e\000n\000t\000a\000t\000i\000o\000n}{section.5.16}% 90
\BOOKMARK [3][-]{subsubsection.5.16.1.1}{\376\377\0005\000.\0001\0006\000.\0001\000.\0001\000\040\000A\000p\000p\000l\000y\000S\000h\000e\000a\000r\000\050\000\051}{subsection.5.16.1}% 91
\BOOKMARK [1][-]{section.5.17}{\376\377\0005\000.\0001\0007\000\040\000A\000p\000p\000l\000y\000S\000h\000e\000a\000r\000.\000c}{chapter.5}% 92
\BOOKMARK [1][-]{section.5.18}{\376\377\0005\000.\0001\0008\000\040\000s\000o\000u\000r\000c\000e\000/\000A\000p\000p\000l\000y\000V\000i\000s\000c\000o\000u\000s\000.\000c\000\040\000F\000i\000l\000e\000\040\000R\000e\000f\000e\000r\000e\000n\000c\000e}{chapter.5}% 93
\BOOKMARK [2][-]{subsection.5.18.1}{\376\377\0005\000.\0001\0008\000.\0001\000\040\000F\000u\000n\000c\000t\000i\000o\000n\000\040\000D\000o\000c\000u\000m\000e\000n\000t\000a\000t\000i\000o\000n}{section.5.18}% 94
\BOOKMARK [3][-]{subsubsection.5.18.1.1}{\376\377\0005\000.\0001\0008\000.\0001\000.\0001\000\040\000A\000p\000p\000l\000y\000V\000i\000s\000c\000o\000u\000s\000\050\000\051}{subsection.5.18.1}% 95
\BOOKMARK [1][-]{section.5.19}{\376\377\0005\000.\0001\0009\000\040\000A\000p\000p\000l\000y\000V\000i\000s\000c\000o\000u\000s\000.\000c}{chapter.5}% 96
\BOOKMARK [1][-]{section.5.20}{\376\377\0005\000.\0002\0000\000\040\000s\000o\000u\000r\000c\000e\000/\000B\000r\000o\000w\000n\000i\000a\000n\000S\000t\000e\000p\000.\000c\000\040\000F\000i\000l\000e\000\040\000R\000e\000f\000e\000r\000e\000n\000c\000e}{chapter.5}% 97
\BOOKMARK [2][-]{subsection.5.20.1}{\376\377\0005\000.\0002\0000\000.\0001\000\040\000F\000u\000n\000c\000t\000i\000o\000n\000\040\000D\000o\000c\000u\000m\000e\000n\000t\000a\000t\000i\000o\000n}{section.5.20}% 98
\BOOKMARK [3][-]{subsubsection.5.20.1.1}{\376\377\0005\000.\0002\0000\000.\0001\000.\0001\000\040\000B\000r\000o\000w\000n\000i\000a\000n\000S\000t\000e\000p\000\050\000\051}{subsection.5.20.1}% 99
\BOOKMARK [1][-]{section.5.21}{\376\377\0005\000.\0002\0001\000\040\000B\000r\000o\000w\000n\000i\000a\000n\000S\000t\000e\000p\000.\000c}{chapter.5}% 100
\BOOKMARK [1][-]{section.5.22}{\376\377\0005\000.\0002\0002\000\040\000s\000o\000u\000r\000c\000e\000/\000C\000l\000o\000s\000e\000.\000c\000\040\000F\000i\000l\000e\000\040\000R\000e\000f\000e\000r\000e\000n\000c\000e}{chapter.5}% 101
\BOOKMARK [2][-]{subsection.5.22.1}{\376\377\0005\000.\0002\0002\000.\0001\000\040\000F\000u\000n\000c\000t\000i\000o\000n\000\040\000D\000o\000c\000u\000m\000e\000n\000t\000a\000t\000i\000o\000n}{section.5.22}% 102
\BOOKMARK [3][-]{subsubsection.5.22.1.1}{\376\377\0005\000.\0002\0002\000.\0001\000.\0001\000\040\000C\000l\000o\000s\000e\000\050\000\051}{subsection.5.22.1}% 103
\BOOKMARK [1][-]{section.5.23}{\376\377\0005\000.\0002\0003\000\040\000C\000l\000o\000s\000e\000.\000c}{chapter.5}% 104
\BOOKMARK [1][-]{section.5.24}{\376\377\0005\000.\0002\0004\000\040\000s\000o\000u\000r\000c\000e\000/\000C\000o\000m\000p\000u\000t\000e\000B\000o\000n\000d\000F\000o\000r\000c\000e\000.\000c\000\040\000F\000i\000l\000e\000\040\000R\000e\000f\000e\000r\000e\000n\000c\000e}{chapter.5}% 105
\BOOKMARK [2][-]{subsection.5.24.1}{\376\377\0005\000.\0002\0004\000.\0001\000\040\000F\000u\000n\000c\000t\000i\000o\000n\000\040\000D\000o\000c\000u\000m\000e\000n\000t\000a\000t\000i\000o\000n}{section.5.24}% 106
\BOOKMARK [3][-]{subsubsection.5.24.1.1}{\376\377\0005\000.\0002\0004\000.\0001\000.\0001\000\040\000C\000o\000m\000p\000u\000t\000e\000B\000o\000n\000d\000F\000o\000r\000c\000e\000\050\000\051}{subsection.5.24.1}% 107
\BOOKMARK [1][-]{section.5.25}{\376\377\0005\000.\0002\0005\000\040\000C\000o\000m\000p\000u\000t\000e\000B\000o\000n\000d\000F\000o\000r\000c\000e\000.\000c}{chapter.5}% 108
\BOOKMARK [1][-]{section.5.26}{\376\377\0005\000.\0002\0006\000\040\000s\000o\000u\000r\000c\000e\000/\000C\000o\000m\000p\000u\000t\000e\000B\000o\000n\000d\000F\000o\000r\000c\000e\000.\000h\000\040\000F\000i\000l\000e\000\040\000R\000e\000f\000e\000r\000e\000n\000c\000e}{chapter.5}% 109
\BOOKMARK [2][-]{subsection.5.26.1}{\376\377\0005\000.\0002\0006\000.\0001\000\040\000F\000u\000n\000c\000t\000i\000o\000n\000\040\000D\000o\000c\000u\000m\000e\000n\000t\000a\000t\000i\000o\000n}{section.5.26}% 110
\BOOKMARK [3][-]{subsubsection.5.26.1.1}{\376\377\0005\000.\0002\0006\000.\0001\000.\0001\000\040\000C\000o\000m\000p\000u\000t\000e\000B\000o\000n\000d\000F\000o\000r\000c\000e\000\050\000\051}{subsection.5.26.1}% 111
\BOOKMARK [1][-]{section.5.27}{\376\377\0005\000.\0002\0007\000\040\000C\000o\000m\000p\000u\000t\000e\000B\000o\000n\000d\000F\000o\000r\000c\000e\000.\000h}{chapter.5}% 112
\BOOKMARK [1][-]{section.5.28}{\376\377\0005\000.\0002\0008\000\040\000s\000o\000u\000r\000c\000e\000/\000C\000o\000m\000p\000u\000t\000e\000F\000o\000r\000c\000e\000s\000C\000e\000l\000l\000s\000.\000c\000\040\000F\000i\000l\000e\000\040\000R\000e\000f\000e\000r\000e\000n\000c\000e}{chapter.5}% 113
\BOOKMARK [2][-]{subsection.5.28.1}{\376\377\0005\000.\0002\0008\000.\0001\000\040\000F\000u\000n\000c\000t\000i\000o\000n\000\040\000D\000o\000c\000u\000m\000e\000n\000t\000a\000t\000i\000o\000n}{section.5.28}% 114
\BOOKMARK [3][-]{subsubsection.5.28.1.1}{\376\377\0005\000.\0002\0008\000.\0001\000.\0001\000\040\000C\000o\000m\000p\000u\000t\000e\000F\000o\000r\000c\000e\000s\000C\000e\000l\000l\000s\000\050\000\051}{subsection.5.28.1}% 115
\BOOKMARK [1][-]{section.5.29}{\376\377\0005\000.\0002\0009\000\040\000C\000o\000m\000p\000u\000t\000e\000F\000o\000r\000c\000e\000s\000C\000e\000l\000l\000s\000.\000c}{chapter.5}% 116
\BOOKMARK [1][-]{section.5.30}{\376\377\0005\000.\0003\0000\000\040\000s\000o\000u\000r\000c\000e\000/\000C\000o\000m\000p\000u\000t\000e\000P\000a\000i\000r\000F\000o\000r\000c\000e\000.\000c\000\040\000F\000i\000l\000e\000\040\000R\000e\000f\000e\000r\000e\000n\000c\000e}{chapter.5}% 117
\BOOKMARK [2][-]{subsection.5.30.1}{\376\377\0005\000.\0003\0000\000.\0001\000\040\000F\000u\000n\000c\000t\000i\000o\000n\000\040\000D\000o\000c\000u\000m\000e\000n\000t\000a\000t\000i\000o\000n}{section.5.30}% 118
\BOOKMARK [3][-]{subsubsection.5.30.1.1}{\376\377\0005\000.\0003\0000\000.\0001\000.\0001\000\040\000C\000o\000m\000p\000u\000t\000e\000P\000a\000i\000r\000F\000o\000r\000c\000e\000\050\000\051}{subsection.5.30.1}% 119
\BOOKMARK [1][-]{section.5.31}{\376\377\0005\000.\0003\0001\000\040\000C\000o\000m\000p\000u\000t\000e\000P\000a\000i\000r\000F\000o\000r\000c\000e\000.\000c}{chapter.5}% 120
\BOOKMARK [1][-]{section.5.32}{\376\377\0005\000.\0003\0002\000\040\000s\000o\000u\000r\000c\000e\000/\000C\000o\000m\000p\000u\000t\000e\000P\000a\000i\000r\000F\000o\000r\000c\000e\000.\000h\000\040\000F\000i\000l\000e\000\040\000R\000e\000f\000e\000r\000e\000n\000c\000e}{chapter.5}% 121
\BOOKMARK [2][-]{subsection.5.32.1}{\376\377\0005\000.\0003\0002\000.\0001\000\040\000F\000u\000n\000c\000t\000i\000o\000n\000\040\000D\000o\000c\000u\000m\000e\000n\000t\000a\000t\000i\000o\000n}{section.5.32}% 122
\BOOKMARK [3][-]{subsubsection.5.32.1.1}{\376\377\0005\000.\0003\0002\000.\0001\000.\0001\000\040\000C\000o\000m\000p\000u\000t\000e\000P\000a\000i\000r\000F\000o\000r\000c\000e\000\050\000\051}{subsection.5.32.1}% 123
\BOOKMARK [1][-]{section.5.33}{\376\377\0005\000.\0003\0003\000\040\000C\000o\000m\000p\000u\000t\000e\000P\000a\000i\000r\000F\000o\000r\000c\000e\000.\000h}{chapter.5}% 124
\BOOKMARK [1][-]{section.5.34}{\376\377\0005\000.\0003\0004\000\040\000s\000o\000u\000r\000c\000e\000/\000D\000i\000s\000p\000l\000a\000c\000e\000A\000t\000o\000m\000s\000.\000c\000\040\000F\000i\000l\000e\000\040\000R\000e\000f\000e\000r\000e\000n\000c\000e}{chapter.5}% 125
\BOOKMARK [2][-]{subsection.5.34.1}{\376\377\0005\000.\0003\0004\000.\0001\000\040\000F\000u\000n\000c\000t\000i\000o\000n\000\040\000D\000o\000c\000u\000m\000e\000n\000t\000a\000t\000i\000o\000n}{section.5.34}% 126
\BOOKMARK [3][-]{subsubsection.5.34.1.1}{\376\377\0005\000.\0003\0004\000.\0001\000.\0001\000\040\000D\000i\000s\000p\000l\000a\000c\000e\000A\000t\000o\000m\000s\000\050\000\051}{subsection.5.34.1}% 127
\BOOKMARK [1][-]{section.5.35}{\376\377\0005\000.\0003\0005\000\040\000D\000i\000s\000p\000l\000a\000c\000e\000A\000t\000o\000m\000s\000.\000c}{chapter.5}% 128
\BOOKMARK [1][-]{section.5.36}{\376\377\0005\000.\0003\0006\000\040\000s\000o\000u\000r\000c\000e\000/\000D\000u\000m\000p\000B\000o\000n\000d\000s\000.\000c\000\040\000F\000i\000l\000e\000\040\000R\000e\000f\000e\000r\000e\000n\000c\000e}{chapter.5}% 129
\BOOKMARK [2][-]{subsection.5.36.1}{\376\377\0005\000.\0003\0006\000.\0001\000\040\000F\000u\000n\000c\000t\000i\000o\000n\000\040\000D\000o\000c\000u\000m\000e\000n\000t\000a\000t\000i\000o\000n}{section.5.36}% 130
\BOOKMARK [3][-]{subsubsection.5.36.1.1}{\376\377\0005\000.\0003\0006\000.\0001\000.\0001\000\040\000D\000u\000m\000p\000B\000o\000n\000d\000s\000\050\000\051}{subsection.5.36.1}% 131
\BOOKMARK [1][-]{section.5.37}{\376\377\0005\000.\0003\0007\000\040\000D\000u\000m\000p\000B\000o\000n\000d\000s\000.\000c}{chapter.5}% 132
\BOOKMARK [1][-]{section.5.38}{\376\377\0005\000.\0003\0008\000\040\000s\000o\000u\000r\000c\000e\000/\000D\000u\000m\000p\000P\000a\000i\000r\000s\000.\000c\000\040\000F\000i\000l\000e\000\040\000R\000e\000f\000e\000r\000e\000n\000c\000e}{chapter.5}% 133
\BOOKMARK [2][-]{subsection.5.38.1}{\376\377\0005\000.\0003\0008\000.\0001\000\040\000F\000u\000n\000c\000t\000i\000o\000n\000\040\000D\000o\000c\000u\000m\000e\000n\000t\000a\000t\000i\000o\000n}{section.5.38}% 134
\BOOKMARK [3][-]{subsubsection.5.38.1.1}{\376\377\0005\000.\0003\0008\000.\0001\000.\0001\000\040\000D\000u\000m\000p\000P\000a\000i\000r\000s\000\050\000\051}{subsection.5.38.1}% 135
\BOOKMARK [1][-]{section.5.39}{\376\377\0005\000.\0003\0009\000\040\000D\000u\000m\000p\000P\000a\000i\000r\000s\000.\000c}{chapter.5}% 136
\BOOKMARK [1][-]{section.5.40}{\376\377\0005\000.\0004\0000\000\040\000s\000o\000u\000r\000c\000e\000/\000D\000u\000m\000p\000R\000e\000s\000t\000a\000r\000t\000.\000c\000\040\000F\000i\000l\000e\000\040\000R\000e\000f\000e\000r\000e\000n\000c\000e}{chapter.5}% 137
\BOOKMARK [2][-]{subsection.5.40.1}{\376\377\0005\000.\0004\0000\000.\0001\000\040\000F\000u\000n\000c\000t\000i\000o\000n\000\040\000D\000o\000c\000u\000m\000e\000n\000t\000a\000t\000i\000o\000n}{section.5.40}% 138
\BOOKMARK [3][-]{subsubsection.5.40.1.1}{\376\377\0005\000.\0004\0000\000.\0001\000.\0001\000\040\000D\000u\000m\000p\000R\000e\000s\000t\000a\000r\000t\000\050\000\051}{subsection.5.40.1}% 139
\BOOKMARK [1][-]{section.5.41}{\376\377\0005\000.\0004\0001\000\040\000D\000u\000m\000p\000R\000e\000s\000t\000a\000r\000t\000.\000c}{chapter.5}% 140
\BOOKMARK [1][-]{section.5.42}{\376\377\0005\000.\0004\0002\000\040\000s\000o\000u\000r\000c\000e\000/\000D\000u\000m\000p\000S\000t\000a\000t\000e\000.\000c\000\040\000F\000i\000l\000e\000\040\000R\000e\000f\000e\000r\000e\000n\000c\000e}{chapter.5}% 141
\BOOKMARK [2][-]{subsection.5.42.1}{\376\377\0005\000.\0004\0002\000.\0001\000\040\000F\000u\000n\000c\000t\000i\000o\000n\000\040\000D\000o\000c\000u\000m\000e\000n\000t\000a\000t\000i\000o\000n}{section.5.42}% 142
\BOOKMARK [3][-]{subsubsection.5.42.1.1}{\376\377\0005\000.\0004\0002\000.\0001\000.\0001\000\040\000D\000u\000m\000p\000S\000t\000a\000t\000e\000\050\000\051}{subsection.5.42.1}% 143
\BOOKMARK [1][-]{section.5.43}{\376\377\0005\000.\0004\0003\000\040\000D\000u\000m\000p\000S\000t\000a\000t\000e\000.\000c}{chapter.5}% 144
\BOOKMARK [1][-]{section.5.44}{\376\377\0005\000.\0004\0004\000\040\000s\000o\000u\000r\000c\000e\000/\000E\000v\000a\000l\000C\000o\000m\000.\000c\000\040\000F\000i\000l\000e\000\040\000R\000e\000f\000e\000r\000e\000n\000c\000e}{chapter.5}% 145
\BOOKMARK [2][-]{subsection.5.44.1}{\376\377\0005\000.\0004\0004\000.\0001\000\040\000F\000u\000n\000c\000t\000i\000o\000n\000\040\000D\000o\000c\000u\000m\000e\000n\000t\000a\000t\000i\000o\000n}{section.5.44}% 146
\BOOKMARK [3][-]{subsubsection.5.44.1.1}{\376\377\0005\000.\0004\0004\000.\0001\000.\0001\000\040\000E\000v\000a\000l\000C\000o\000m\000\050\000\051}{subsection.5.44.1}% 147
\BOOKMARK [1][-]{section.5.45}{\376\377\0005\000.\0004\0005\000\040\000E\000v\000a\000l\000C\000o\000m\000.\000c}{chapter.5}% 148
\BOOKMARK [1][-]{section.5.46}{\376\377\0005\000.\0004\0006\000\040\000s\000o\000u\000r\000c\000e\000/\000E\000v\000a\000l\000P\000r\000o\000p\000s\000.\000c\000\040\000F\000i\000l\000e\000\040\000R\000e\000f\000e\000r\000e\000n\000c\000e}{chapter.5}% 149
\BOOKMARK [2][-]{subsection.5.46.1}{\376\377\0005\000.\0004\0006\000.\0001\000\040\000F\000u\000n\000c\000t\000i\000o\000n\000\040\000D\000o\000c\000u\000m\000e\000n\000t\000a\000t\000i\000o\000n}{section.5.46}% 150
\BOOKMARK [3][-]{subsubsection.5.46.1.1}{\376\377\0005\000.\0004\0006\000.\0001\000.\0001\000\040\000E\000v\000a\000l\000P\000r\000o\000p\000s\000\050\000\051}{subsection.5.46.1}% 151
\BOOKMARK [1][-]{section.5.47}{\376\377\0005\000.\0004\0007\000\040\000E\000v\000a\000l\000P\000r\000o\000p\000s\000.\000c}{chapter.5}% 152
\BOOKMARK [1][-]{section.5.48}{\376\377\0005\000.\0004\0008\000\040\000s\000o\000u\000r\000c\000e\000/\000E\000v\000a\000l\000R\000d\000f\000.\000c\000\040\000F\000i\000l\000e\000\040\000R\000e\000f\000e\000r\000e\000n\000c\000e}{chapter.5}% 153
\BOOKMARK [2][-]{subsection.5.48.1}{\376\377\0005\000.\0004\0008\000.\0001\000\040\000F\000u\000n\000c\000t\000i\000o\000n\000\040\000D\000o\000c\000u\000m\000e\000n\000t\000a\000t\000i\000o\000n}{section.5.48}% 154
\BOOKMARK [3][-]{subsubsection.5.48.1.1}{\376\377\0005\000.\0004\0008\000.\0001\000.\0001\000\040\000E\000v\000a\000l\000R\000d\000f\000\050\000\051}{subsection.5.48.1}% 155
\BOOKMARK [1][-]{section.5.49}{\376\377\0005\000.\0004\0009\000\040\000E\000v\000a\000l\000R\000d\000f\000.\000c}{chapter.5}% 156
\BOOKMARK [1][-]{section.5.50}{\376\377\0005\000.\0005\0000\000\040\000s\000o\000u\000r\000c\000e\000/\000E\000v\000a\000l\000S\000p\000a\000c\000e\000t\000i\000m\000e\000C\000o\000r\000r\000.\000c\000\040\000F\000i\000l\000e\000\040\000R\000e\000f\000e\000r\000e\000n\000c\000e}{chapter.5}% 157
\BOOKMARK [2][-]{subsection.5.50.1}{\376\377\0005\000.\0005\0000\000.\0001\000\040\000F\000u\000n\000c\000t\000i\000o\000n\000\040\000D\000o\000c\000u\000m\000e\000n\000t\000a\000t\000i\000o\000n}{section.5.50}% 158
\BOOKMARK [3][-]{subsubsection.5.50.1.1}{\376\377\0005\000.\0005\0000\000.\0001\000.\0001\000\040\000E\000v\000a\000l\000S\000p\000a\000c\000e\000t\000i\000m\000e\000C\000o\000r\000r\000\050\000\051}{subsection.5.50.1}% 159
\BOOKMARK [1][-]{section.5.51}{\376\377\0005\000.\0005\0001\000\040\000E\000v\000a\000l\000S\000p\000a\000c\000e\000t\000i\000m\000e\000C\000o\000r\000r\000.\000c}{chapter.5}% 160
\BOOKMARK [1][-]{section.5.52}{\376\377\0005\000.\0005\0002\000\040\000s\000o\000u\000r\000c\000e\000/\000E\000v\000a\000l\000U\000n\000w\000r\000a\000p\000.\000c\000\040\000F\000i\000l\000e\000\040\000R\000e\000f\000e\000r\000e\000n\000c\000e}{chapter.5}% 161
\BOOKMARK [2][-]{subsection.5.52.1}{\376\377\0005\000.\0005\0002\000.\0001\000\040\000F\000u\000n\000c\000t\000i\000o\000n\000\040\000D\000o\000c\000u\000m\000e\000n\000t\000a\000t\000i\000o\000n}{section.5.52}% 162
\BOOKMARK [3][-]{subsubsection.5.52.1.1}{\376\377\0005\000.\0005\0002\000.\0001\000.\0001\000\040\000E\000v\000a\000l\000U\000n\000w\000r\000a\000p\000\050\000\051}{subsection.5.52.1}% 163
\BOOKMARK [1][-]{section.5.53}{\376\377\0005\000.\0005\0003\000\040\000E\000v\000a\000l\000U\000n\000w\000r\000a\000p\000.\000c}{chapter.5}% 164
\BOOKMARK [1][-]{section.5.54}{\376\377\0005\000.\0005\0004\000\040\000s\000o\000u\000r\000c\000e\000/\000E\000v\000a\000l\000V\000a\000c\000f\000.\000c\000\040\000F\000i\000l\000e\000\040\000R\000e\000f\000e\000r\000e\000n\000c\000e}{chapter.5}% 165
\BOOKMARK [2][-]{subsection.5.54.1}{\376\377\0005\000.\0005\0004\000.\0001\000\040\000F\000u\000n\000c\000t\000i\000o\000n\000\040\000D\000o\000c\000u\000m\000e\000n\000t\000a\000t\000i\000o\000n}{section.5.54}% 166
\BOOKMARK [3][-]{subsubsection.5.54.1.1}{\376\377\0005\000.\0005\0004\000.\0001\000.\0001\000\040\000A\000c\000c\000u\000m\000V\000a\000c\000f\000\050\000\051}{subsection.5.54.1}% 167
\BOOKMARK [3][-]{subsubsection.5.54.1.2}{\376\377\0005\000.\0005\0004\000.\0001\000.\0002\000\040\000E\000v\000a\000l\000V\000a\000c\000f\000\050\000\051}{subsection.5.54.1}% 168
\BOOKMARK [1][-]{section.5.55}{\376\377\0005\000.\0005\0005\000\040\000E\000v\000a\000l\000V\000a\000c\000f\000.\000c}{chapter.5}% 169
\BOOKMARK [1][-]{section.5.56}{\376\377\0005\000.\0005\0006\000\040\000s\000o\000u\000r\000c\000e\000/\000E\000v\000a\000l\000V\000r\000m\000s\000.\000c\000\040\000F\000i\000l\000e\000\040\000R\000e\000f\000e\000r\000e\000n\000c\000e}{chapter.5}% 170
\BOOKMARK [2][-]{subsection.5.56.1}{\376\377\0005\000.\0005\0006\000.\0001\000\040\000F\000u\000n\000c\000t\000i\000o\000n\000\040\000D\000o\000c\000u\000m\000e\000n\000t\000a\000t\000i\000o\000n}{section.5.56}% 171
\BOOKMARK [3][-]{subsubsection.5.56.1.1}{\376\377\0005\000.\0005\0006\000.\0001\000.\0001\000\040\000E\000v\000a\000l\000V\000r\000m\000s\000\050\000\051}{subsection.5.56.1}% 172
\BOOKMARK [1][-]{section.5.57}{\376\377\0005\000.\0005\0007\000\040\000E\000v\000a\000l\000V\000r\000m\000s\000.\000c}{chapter.5}% 173
\BOOKMARK [1][-]{section.5.58}{\376\377\0005\000.\0005\0008\000\040\000s\000o\000u\000r\000c\000e\000/\000g\000l\000o\000b\000a\000l\000.\000h\000\040\000F\000i\000l\000e\000\040\000R\000e\000f\000e\000r\000e\000n\000c\000e}{chapter.5}% 174
\BOOKMARK [2][-]{subsection.5.58.1}{\376\377\0005\000.\0005\0008\000.\0001\000\040\000M\000a\000c\000r\000o\000\040\000D\000e\000f\000i\000n\000i\000t\000i\000o\000n\000\040\000D\000o\000c\000u\000m\000e\000n\000t\000a\000t\000i\000o\000n}{section.5.58}% 175
\BOOKMARK [3][-]{subsubsection.5.58.1.1}{\376\377\0005\000.\0005\0008\000.\0001\000.\0001\000\040\000E\000X\000T\000E\000R\000N}{subsection.5.58.1}% 176
\BOOKMARK [3][-]{subsubsection.5.58.1.2}{\376\377\0005\000.\0005\0008\000.\0001\000.\0002\000\040\000N\000D\000I\000M}{subsection.5.58.1}% 177
\BOOKMARK [3][-]{subsubsection.5.58.1.3}{\376\377\0005\000.\0005\0008\000.\0001\000.\0003\000\040\000S\000i\000g\000n\000R}{subsection.5.58.1}% 178
\BOOKMARK [3][-]{subsubsection.5.58.1.4}{\376\377\0005\000.\0005\0008\000.\0001\000.\0004\000\040\000S\000q\000r}{subsection.5.58.1}% 179
\BOOKMARK [2][-]{subsection.5.58.2}{\376\377\0005\000.\0005\0008\000.\0002\000\040\000T\000y\000p\000e\000d\000e\000f\000\040\000D\000o\000c\000u\000m\000e\000n\000t\000a\000t\000i\000o\000n}{section.5.58}% 180
\BOOKMARK [3][-]{subsubsection.5.58.2.1}{\376\377\0005\000.\0005\0008\000.\0002\000.\0001\000\040\000r\000e\000a\000l}{subsection.5.58.2}% 181
\BOOKMARK [2][-]{subsection.5.58.3}{\376\377\0005\000.\0005\0008\000.\0003\000\040\000V\000a\000r\000i\000a\000b\000l\000e\000\040\000D\000o\000c\000u\000m\000e\000n\000t\000a\000t\000i\000o\000n}{section.5.58}% 182
\BOOKMARK [3][-]{subsubsection.5.58.3.1}{\376\377\0005\000.\0005\0008\000.\0003\000.\0001\000\040\000a\000t\000o\000m\0001}{subsection.5.58.3}% 183
\BOOKMARK [3][-]{subsubsection.5.58.3.2}{\376\377\0005\000.\0005\0008\000.\0003\000.\0002\000\040\000a\000t\000o\000m\0002}{subsection.5.58.3}% 184
\BOOKMARK [3][-]{subsubsection.5.58.3.3}{\376\377\0005\000.\0005\0008\000.\0003\000.\0003\000\040\000a\000t\000o\000m\000I\000D}{subsection.5.58.3}% 185
\BOOKMARK [3][-]{subsubsection.5.58.3.4}{\376\377\0005\000.\0005\0008\000.\0003\000.\0004\000\040\000a\000t\000o\000m\000I\000D\000I\000n\000t\000e\000r\000f\000a\000c\000e}{subsection.5.58.3}% 186
\BOOKMARK [3][-]{subsubsection.5.58.3.5}{\376\377\0005\000.\0005\0008\000.\0003\000.\0005\000\040\000a\000t\000o\000m\000M\000a\000s\000s}{subsection.5.58.3}% 187
\BOOKMARK [3][-]{subsubsection.5.58.3.6}{\376\377\0005\000.\0005\0008\000.\0003\000.\0006\000\040\000a\000t\000o\000m\000R\000a\000d\000i\000u\000s}{subsection.5.58.3}% 188
\BOOKMARK [3][-]{subsubsection.5.58.3.7}{\376\377\0005\000.\0005\0008\000.\0003\000.\0007\000\040\000a\000t\000o\000m\000T\000y\000p\000e}{subsection.5.58.3}% 189
\BOOKMARK [3][-]{subsubsection.5.58.3.8}{\376\377\0005\000.\0005\0008\000.\0003\000.\0008\000\040\000a\000x}{subsection.5.58.3}% 190
\BOOKMARK [3][-]{subsubsection.5.58.3.9}{\376\377\0005\000.\0005\0008\000.\0003\000.\0009\000\040\000a\000y}{subsection.5.58.3}% 191
\BOOKMARK [3][-]{subsubsection.5.58.3.10}{\376\377\0005\000.\0005\0008\000.\0003\000.\0001\0000\000\040\000b\000i\000g\000D\000i\000a\000m\000e\000t\000e\000r}{subsection.5.58.3}% 192
\BOOKMARK [3][-]{subsubsection.5.58.3.11}{\376\377\0005\000.\0005\0008\000.\0003\000.\0001\0001\000\040\000b\000o\000n\000d}{subsection.5.58.3}% 193
\BOOKMARK [3][-]{subsubsection.5.58.3.12}{\376\377\0005\000.\0005\0008\000.\0003\000.\0001\0002\000\040\000B\000o\000n\000d\000E\000n\000e\000r\000g\000y}{subsection.5.58.3}% 194
\BOOKMARK [3][-]{subsubsection.5.58.3.13}{\376\377\0005\000.\0005\0008\000.\0003\000.\0001\0003\000\040\000B\000o\000n\000d\000E\000n\000e\000r\000g\000y\000P\000e\000r\000A\000t\000o\000m}{subsection.5.58.3}% 195
\BOOKMARK [3][-]{subsubsection.5.58.3.14}{\376\377\0005\000.\0005\0008\000.\0003\000.\0001\0004\000\040\000B\000o\000n\000d\000I\000D}{subsection.5.58.3}% 196
\BOOKMARK [3][-]{subsubsection.5.58.3.15}{\376\377\0005\000.\0005\0008\000.\0003\000.\0001\0005\000\040\000B\000o\000n\000d\000L\000e\000n\000g\000t\000h}{subsection.5.58.3}% 197
\BOOKMARK [3][-]{subsubsection.5.58.3.16}{\376\377\0005\000.\0005\0008\000.\0003\000.\0001\0006\000\040\000B\000o\000n\000d\000P\000a\000i\000r\000F\000l\000a\000g}{subsection.5.58.3}% 198
\BOOKMARK [3][-]{subsubsection.5.58.3.17}{\376\377\0005\000.\0005\0008\000.\0003\000.\0001\0007\000\040\000B\000o\000n\000d\000T\000y\000p\000e}{subsection.5.58.3}% 199
\BOOKMARK [3][-]{subsubsection.5.58.3.18}{\376\377\0005\000.\0005\0008\000.\0003\000.\0001\0008\000\040\000c\000e\000l\000l\000L\000i\000s\000t}{subsection.5.58.3}% 200
\BOOKMARK [3][-]{subsubsection.5.58.3.19}{\376\377\0005\000.\0005\0008\000.\0003\000.\0001\0009\000\040\000c\000e\000l\000l\000s}{subsection.5.58.3}% 201
\BOOKMARK [3][-]{subsubsection.5.58.3.20}{\376\377\0005\000.\0005\0008\000.\0003\000.\0002\0000\000\040\000c\000f\000O\000r\000g}{subsection.5.58.3}% 202
\BOOKMARK [3][-]{subsubsection.5.58.3.21}{\376\377\0005\000.\0005\0008\000.\0003\000.\0002\0001\000\040\000c\000f\000V\000a\000l}{subsection.5.58.3}% 203
\BOOKMARK [3][-]{subsubsection.5.58.3.22}{\376\377\0005\000.\0005\0008\000.\0003\000.\0002\0002\000\040\000c\000o\000m}{subsection.5.58.3}% 204
\BOOKMARK [3][-]{subsubsection.5.58.3.23}{\376\377\0005\000.\0005\0008\000.\0003\000.\0002\0003\000\040\000C\000o\000m\000X}{subsection.5.58.3}% 205
\BOOKMARK [3][-]{subsubsection.5.58.3.24}{\376\377\0005\000.\0005\0008\000.\0003\000.\0002\0004\000\040\000C\000o\000m\000X\0000}{subsection.5.58.3}% 206
\BOOKMARK [3][-]{subsubsection.5.58.3.25}{\376\377\0005\000.\0005\0008\000.\0003\000.\0002\0005\000\040\000C\000o\000m\000X\000R\000a\000t\000i\000o}{subsection.5.58.3}% 207
\BOOKMARK [3][-]{subsubsection.5.58.3.26}{\376\377\0005\000.\0005\0008\000.\0003\000.\0002\0006\000\040\000C\000o\000m\000Y}{subsection.5.58.3}% 208
\BOOKMARK [3][-]{subsubsection.5.58.3.27}{\376\377\0005\000.\0005\0008\000.\0003\000.\0002\0007\000\040\000C\000o\000m\000Y\0000}{subsection.5.58.3}% 209
\BOOKMARK [3][-]{subsubsection.5.58.3.28}{\376\377\0005\000.\0005\0008\000.\0003\000.\0002\0008\000\040\000C\000o\000m\000Y\000R\000a\000t\000i\000o}{subsection.5.58.3}% 210
\BOOKMARK [3][-]{subsubsection.5.58.3.29}{\376\377\0005\000.\0005\0008\000.\0003\000.\0002\0009\000\040\000c\000o\000u\000n\000t\000A\000c\000f\000A\000v}{subsection.5.58.3}% 211
\BOOKMARK [3][-]{subsubsection.5.58.3.30}{\376\377\0005\000.\0005\0008\000.\0003\000.\0003\0000\000\040\000c\000o\000u\000n\000t\000C\000o\000r\000r\000A\000v}{subsection.5.58.3}% 212
\BOOKMARK [3][-]{subsubsection.5.58.3.31}{\376\377\0005\000.\0005\0008\000.\0003\000.\0003\0001\000\040\000c\000o\000u\000n\000t\000R\000d\000f}{subsection.5.58.3}% 213
\BOOKMARK [3][-]{subsubsection.5.58.3.32}{\376\377\0005\000.\0005\0008\000.\0003\000.\0003\0002\000\040\000D\000a\000m\000p\000F\000l\000a\000g}{subsection.5.58.3}% 214
\BOOKMARK [3][-]{subsubsection.5.58.3.33}{\376\377\0005\000.\0005\0008\000.\0003\000.\0003\0003\000\040\000d\000e\000l\000t\000a\000T}{subsection.5.58.3}% 215
\BOOKMARK [3][-]{subsubsection.5.58.3.34}{\376\377\0005\000.\0005\0008\000.\0003\000.\0003\0004\000\040\000D\000e\000l\000t\000a\000X}{subsection.5.58.3}% 216
\BOOKMARK [3][-]{subsubsection.5.58.3.35}{\376\377\0005\000.\0005\0008\000.\0003\000.\0003\0005\000\040\000D\000e\000l\000t\000a\000Y}{subsection.5.58.3}% 217
\BOOKMARK [3][-]{subsubsection.5.58.3.36}{\376\377\0005\000.\0005\0008\000.\0003\000.\0003\0006\000\040\000d\000e\000n\000s\000i\000t\000y}{subsection.5.58.3}% 218
\BOOKMARK [3][-]{subsubsection.5.58.3.37}{\376\377\0005\000.\0005\0008\000.\0003\000.\0003\0007\000\040\000d\000i\000s\000c\000D\000r\000a\000g\000x}{subsection.5.58.3}% 219
\BOOKMARK [3][-]{subsubsection.5.58.3.38}{\376\377\0005\000.\0005\0008\000.\0003\000.\0003\0008\000\040\000d\000i\000s\000c\000D\000r\000a\000g\000y}{subsection.5.58.3}% 220
\BOOKMARK [3][-]{subsubsection.5.58.3.39}{\376\377\0005\000.\0005\0008\000.\0003\000.\0003\0009\000\040\000d\000n\000s\000t\000y}{subsection.5.58.3}% 221
\BOOKMARK [3][-]{subsubsection.5.58.3.40}{\376\377\0005\000.\0005\0008\000.\0003\000.\0004\0000\000\040\000d\000u\000m\000p}{subsection.5.58.3}% 222
\BOOKMARK [3][-]{subsubsection.5.58.3.41}{\376\377\0005\000.\0005\0008\000.\0003\000.\0004\0001\000\040\000d\000u\000m\000p\000P\000a\000i\000r\000F\000l\000a\000g}{subsection.5.58.3}% 223
\BOOKMARK [3][-]{subsubsection.5.58.3.42}{\376\377\0005\000.\0005\0008\000.\0003\000.\0004\0002\000\040\000f\000a\000x}{subsection.5.58.3}% 224
\BOOKMARK [3][-]{subsubsection.5.58.3.43}{\376\377\0005\000.\0005\0008\000.\0003\000.\0004\0003\000\040\000f\000a\000y}{subsection.5.58.3}% 225
\BOOKMARK [3][-]{subsubsection.5.58.3.44}{\376\377\0005\000.\0005\0008\000.\0003\000.\0004\0004\000\040\000f\000o\000r\000c\000e}{subsection.5.58.3}% 226
\BOOKMARK [3][-]{subsubsection.5.58.3.45}{\376\377\0005\000.\0005\0008\000.\0003\000.\0004\0005\000\040\000f\000o\000r\000c\000e\000S\000u\000m\000x\000E\000x\000t\000e\000r\000n}{subsection.5.58.3}% 227
\BOOKMARK [3][-]{subsubsection.5.58.3.46}{\376\377\0005\000.\0005\0008\000.\0003\000.\0004\0006\000\040\000f\000o\000r\000c\000e\000S\000u\000m\000y\000E\000x\000t\000e\000r\000n}{subsection.5.58.3}% 228
\BOOKMARK [3][-]{subsubsection.5.58.3.47}{\376\377\0005\000.\0005\0008\000.\0003\000.\0004\0007\000\040\000f\000p\000b\000o\000n\000d}{subsection.5.58.3}% 229
\BOOKMARK [3][-]{subsubsection.5.58.3.48}{\376\377\0005\000.\0005\0008\000.\0003\000.\0004\0008\000\040\000f\000p\000c\000o\000m}{subsection.5.58.3}% 230
\BOOKMARK [3][-]{subsubsection.5.58.3.49}{\376\377\0005\000.\0005\0008\000.\0003\000.\0004\0009\000\040\000f\000p\000d\000n\000s\000t\000y}{subsection.5.58.3}% 231
\BOOKMARK [3][-]{subsubsection.5.58.3.50}{\376\377\0005\000.\0005\0008\000.\0003\000.\0005\0000\000\040\000f\000p\000d\000u\000m\000p}{subsection.5.58.3}% 232
\BOOKMARK [3][-]{subsubsection.5.58.3.51}{\376\377\0005\000.\0005\0008\000.\0003\000.\0005\0001\000\040\000f\000p\000f\000o\000r\000c\000e}{subsection.5.58.3}% 233
\BOOKMARK [3][-]{subsubsection.5.58.3.52}{\376\377\0005\000.\0005\0008\000.\0003\000.\0005\0002\000\040\000f\000p\000m\000o\000m\000e\000n\000t\000u\000m}{subsection.5.58.3}% 234
\BOOKMARK [3][-]{subsubsection.5.58.3.53}{\376\377\0005\000.\0005\0008\000.\0003\000.\0005\0003\000\040\000f\000p\000p\000a\000i\000r}{subsection.5.58.3}% 235
\BOOKMARK [3][-]{subsubsection.5.58.3.54}{\376\377\0005\000.\0005\0008\000.\0003\000.\0005\0004\000\040\000f\000p\000r\000d\000f}{subsection.5.58.3}% 236
\BOOKMARK [3][-]{subsubsection.5.58.3.55}{\376\377\0005\000.\0005\0008\000.\0003\000.\0005\0005\000\040\000f\000p\000r\000e\000s\000u\000l\000t}{subsection.5.58.3}% 237
\BOOKMARK [3][-]{subsubsection.5.58.3.56}{\376\377\0005\000.\0005\0008\000.\0003\000.\0005\0006\000\040\000f\000p\000s\000t\000r\000e\000s\000s}{subsection.5.58.3}% 238
\BOOKMARK [3][-]{subsubsection.5.58.3.57}{\376\377\0005\000.\0005\0008\000.\0003\000.\0005\0007\000\040\000f\000p\000v\000i\000s\000c}{subsection.5.58.3}% 239
\BOOKMARK [3][-]{subsubsection.5.58.3.58}{\376\377\0005\000.\0005\0008\000.\0003\000.\0005\0008\000\040\000f\000p\000v\000r\000m\000s}{subsection.5.58.3}% 240
\BOOKMARK [3][-]{subsubsection.5.58.3.59}{\376\377\0005\000.\0005\0008\000.\0003\000.\0005\0009\000\040\000f\000p\000x\000y\000z}{subsection.5.58.3}% 241
\BOOKMARK [3][-]{subsubsection.5.58.3.60}{\376\377\0005\000.\0005\0008\000.\0003\000.\0006\0000\000\040\000f\000r\000e\000e\000z\000e\000A\000t\000o\000m\000T\000y\000p\000e}{subsection.5.58.3}% 242
\BOOKMARK [3][-]{subsubsection.5.58.3.61}{\376\377\0005\000.\0005\0008\000.\0003\000.\0006\0001\000\040\000f\000r\000f\000A\000t\000o\000m}{subsection.5.58.3}% 243
\BOOKMARK [3][-]{subsubsection.5.58.3.62}{\376\377\0005\000.\0005\0008\000.\0003\000.\0006\0002\000\040\000f\000u\000S\000u\000m}{subsection.5.58.3}% 244
\BOOKMARK [3][-]{subsubsection.5.58.3.63}{\376\377\0005\000.\0005\0008\000.\0003\000.\0006\0003\000\040\000f\000v\000i\000r\000S\000u\000m}{subsection.5.58.3}% 245
\BOOKMARK [3][-]{subsubsection.5.58.3.64}{\376\377\0005\000.\0005\0008\000.\0003\000.\0006\0004\000\040\000f\000x}{subsection.5.58.3}% 246
\BOOKMARK [3][-]{subsubsection.5.58.3.65}{\376\377\0005\000.\0005\0008\000.\0003\000.\0006\0005\000\040\000f\000x\000B\000y\000f\000y}{subsection.5.58.3}% 247
\BOOKMARK [3][-]{subsubsection.5.58.3.66}{\376\377\0005\000.\0005\0008\000.\0003\000.\0006\0006\000\040\000f\000x\000E\000x\000t\000e\000r\000n}{subsection.5.58.3}% 248
\BOOKMARK [3][-]{subsubsection.5.58.3.67}{\376\377\0005\000.\0005\0008\000.\0003\000.\0006\0007\000\040\000f\000y}{subsection.5.58.3}% 249
\BOOKMARK [3][-]{subsubsection.5.58.3.68}{\376\377\0005\000.\0005\0008\000.\0003\000.\0006\0008\000\040\000F\000y\000B\000y\000l\000x}{subsection.5.58.3}% 250
\BOOKMARK [3][-]{subsubsection.5.58.3.69}{\376\377\0005\000.\0005\0008\000.\0003\000.\0006\0009\000\040\000f\000y\000E\000x\000t\000e\000r\000n}{subsection.5.58.3}% 251
\BOOKMARK [3][-]{subsubsection.5.58.3.70}{\376\377\0005\000.\0005\0008\000.\0003\000.\0007\0000\000\040\000g\000a\000m\000m\000a\000n}{subsection.5.58.3}% 252
\BOOKMARK [3][-]{subsubsection.5.58.3.71}{\376\377\0005\000.\0005\0008\000.\0003\000.\0007\0001\000\040\000H\000a\000l\000t\000C\000o\000n\000d\000i\000t\000i\000o\000n}{subsection.5.58.3}% 253
\BOOKMARK [3][-]{subsubsection.5.58.3.72}{\376\377\0005\000.\0005\0008\000.\0003\000.\0007\0002\000\040\000h\000i\000s\000t\000R\000d\000f}{subsection.5.58.3}% 254
\BOOKMARK [3][-]{subsubsection.5.58.3.73}{\376\377\0005\000.\0005\0008\000.\0003\000.\0007\0003\000\040\000I\000m\000a\000g\000e\000X}{subsection.5.58.3}% 255
\BOOKMARK [3][-]{subsubsection.5.58.3.74}{\376\377\0005\000.\0005\0008\000.\0003\000.\0007\0004\000\040\000I\000m\000a\000g\000e\000Y}{subsection.5.58.3}% 256
\BOOKMARK [3][-]{subsubsection.5.58.3.75}{\376\377\0005\000.\0005\0008\000.\0003\000.\0007\0005\000\040\000i\000n\000d\000e\000x\000A\000c\000f}{subsection.5.58.3}% 257
\BOOKMARK [3][-]{subsubsection.5.58.3.76}{\376\377\0005\000.\0005\0008\000.\0003\000.\0007\0006\000\040\000i\000n\000d\000e\000x\000C\000o\000r\000r}{subsection.5.58.3}% 258
\BOOKMARK [3][-]{subsubsection.5.58.3.77}{\376\377\0005\000.\0005\0008\000.\0003\000.\0007\0007\000\040\000i\000n\000i\000t\000U\000c\000e\000l\000l}{subsection.5.58.3}% 259
\BOOKMARK [3][-]{subsubsection.5.58.3.78}{\376\377\0005\000.\0005\0008\000.\0003\000.\0007\0008\000\040\000i\000n\000p\000u\000t\000C\000o\000n\000f\000i\000g}{subsection.5.58.3}% 260
\BOOKMARK [3][-]{subsubsection.5.58.3.79}{\376\377\0005\000.\0005\0008\000.\0003\000.\0007\0009\000\040\000I\000n\000t\000e\000r\000f\000a\000c\000e\000W\000i\000d\000t\000h}{subsection.5.58.3}% 261
\BOOKMARK [3][-]{subsubsection.5.58.3.80}{\376\377\0005\000.\0005\0008\000.\0003\000.\0008\0000\000\040\000i\000s\000B\000o\000n\000d\000e\000d}{subsection.5.58.3}% 262
\BOOKMARK [3][-]{subsubsection.5.58.3.81}{\376\377\0005\000.\0005\0008\000.\0003\000.\0008\0001\000\040\000k\000a\000p\000p\000a}{subsection.5.58.3}% 263
\BOOKMARK [3][-]{subsubsection.5.58.3.82}{\376\377\0005\000.\0005\0008\000.\0003\000.\0008\0002\000\040\000k\000b}{subsection.5.58.3}% 264
\BOOKMARK [3][-]{subsubsection.5.58.3.83}{\376\377\0005\000.\0005\0008\000.\0003\000.\0008\0003\000\040\000k\000i\000n\000E\000n\000e\000r\000g\000y}{subsection.5.58.3}% 265
\BOOKMARK [3][-]{subsubsection.5.58.3.84}{\376\377\0005\000.\0005\0008\000.\0003\000.\0008\0004\000\040\000K\000n}{subsection.5.58.3}% 266
\BOOKMARK [3][-]{subsubsection.5.58.3.85}{\376\377\0005\000.\0005\0008\000.\0003\000.\0008\0005\000\040\000l\000i\000m\000i\000t\000A\000c\000f\000A\000v}{subsection.5.58.3}% 267
\BOOKMARK [3][-]{subsubsection.5.58.3.86}{\376\377\0005\000.\0005\0008\000.\0003\000.\0008\0006\000\040\000l\000i\000m\000i\000t\000C\000o\000r\000r\000A\000v}{subsection.5.58.3}% 268
\BOOKMARK [3][-]{subsubsection.5.58.3.87}{\376\377\0005\000.\0005\0008\000.\0003\000.\0008\0007\000\040\000l\000i\000m\000i\000t\000R\000d\000f}{subsection.5.58.3}% 269
\BOOKMARK [3][-]{subsubsection.5.58.3.88}{\376\377\0005\000.\0005\0008\000.\0003\000.\0008\0008\000\040\000m\000a\000s\000s}{subsection.5.58.3}% 270
\BOOKMARK [3][-]{subsubsection.5.58.3.89}{\376\377\0005\000.\0005\0008\000.\0003\000.\0008\0009\000\040\000m\000a\000s\000t\000e\000r}{subsection.5.58.3}% 271
\BOOKMARK [3][-]{subsubsection.5.58.3.90}{\376\377\0005\000.\0005\0008\000.\0003\000.\0009\0000\000\040\000m\000o\000d\000e}{subsection.5.58.3}% 272
\BOOKMARK [3][-]{subsubsection.5.58.3.91}{\376\377\0005\000.\0005\0008\000.\0003\000.\0009\0001\000\040\000m\000o\000l\000I\000D}{subsection.5.58.3}% 273
\BOOKMARK [3][-]{subsubsection.5.58.3.92}{\376\377\0005\000.\0005\0008\000.\0003\000.\0009\0002\000\040\000m\000o\000m\000e\000n\000t\000u\000m}{subsection.5.58.3}% 274
\BOOKMARK [3][-]{subsubsection.5.58.3.93}{\376\377\0005\000.\0005\0008\000.\0003\000.\0009\0003\000\040\000m\000o\000r\000e\000C\000y\000c\000l\000e\000s}{subsection.5.58.3}% 275
\BOOKMARK [3][-]{subsubsection.5.58.3.94}{\376\377\0005\000.\0005\0008\000.\0003\000.\0009\0004\000\040\000n\000A\000t\000o\000m}{subsection.5.58.3}% 276
\BOOKMARK [3][-]{subsubsection.5.58.3.95}{\376\377\0005\000.\0005\0008\000.\0003\000.\0009\0005\000\040\000n\000A\000t\000o\000m\000B\000l\000o\000c\000k}{subsection.5.58.3}% 277
\BOOKMARK [3][-]{subsubsection.5.58.3.96}{\376\377\0005\000.\0005\0008\000.\0003\000.\0009\0006\000\040\000n\000A\000t\000o\000m\000I\000n\000t\000e\000r\000f\000a\000c\000e}{subsection.5.58.3}% 278
\BOOKMARK [3][-]{subsubsection.5.58.3.97}{\376\377\0005\000.\0005\0008\000.\0003\000.\0009\0007\000\040\000n\000A\000t\000o\000m\000I\000n\000t\000e\000r\000f\000a\000c\000e\000T\000o\000t\000a\000l}{subsection.5.58.3}% 279
\BOOKMARK [3][-]{subsubsection.5.58.3.98}{\376\377\0005\000.\0005\0008\000.\0003\000.\0009\0008\000\040\000n\000A\000t\000o\000m\000T\000y\000p\000e}{subsection.5.58.3}% 280
\BOOKMARK [3][-]{subsubsection.5.58.3.99}{\376\377\0005\000.\0005\0008\000.\0003\000.\0009\0009\000\040\000n\000B\000o\000n\000d}{subsection.5.58.3}% 281
\BOOKMARK [3][-]{subsubsection.5.58.3.100}{\376\377\0005\000.\0005\0008\000.\0003\000.\0001\0000\0000\000\040\000n\000B\000o\000n\000d\000T\000y\000p\000e}{subsection.5.58.3}% 282
\BOOKMARK [3][-]{subsubsection.5.58.3.101}{\376\377\0005\000.\0005\0008\000.\0003\000.\0001\0000\0001\000\040\000n\000B\000u\000f\000f\000A\000c\000f}{subsection.5.58.3}% 283
\BOOKMARK [3][-]{subsubsection.5.58.3.102}{\376\377\0005\000.\0005\0008\000.\0003\000.\0001\0000\0002\000\040\000n\000B\000u\000f\000f\000C\000o\000r\000r}{subsection.5.58.3}% 284
\BOOKMARK [3][-]{subsubsection.5.58.3.103}{\376\377\0005\000.\0005\0008\000.\0003\000.\0001\0000\0003\000\040\000n\000D\000i\000s\000c\000I\000n\000t\000e\000r\000f\000a\000c\000e}{subsection.5.58.3}% 285
\BOOKMARK [3][-]{subsubsection.5.58.3.104}{\376\377\0005\000.\0005\0008\000.\0003\000.\0001\0000\0004\000\040\000n\000F\000u\000n\000C\000o\000r\000r}{subsection.5.58.3}% 286
\BOOKMARK [3][-]{subsubsection.5.58.3.105}{\376\377\0005\000.\0005\0008\000.\0003\000.\0001\0000\0005\000\040\000n\000o\000d\000e\000D\000r\000a\000g\000x}{subsection.5.58.3}% 287
\BOOKMARK [3][-]{subsubsection.5.58.3.106}{\376\377\0005\000.\0005\0008\000.\0003\000.\0001\0000\0006\000\040\000n\000o\000d\000e\000D\000r\000a\000g\000y}{subsection.5.58.3}% 288
\BOOKMARK [3][-]{subsubsection.5.58.3.107}{\376\377\0005\000.\0005\0008\000.\0003\000.\0001\0000\0007\000\040\000n\000P\000a\000i\000r\000A\000c\000t\000i\000v\000e}{subsection.5.58.3}% 289
\BOOKMARK [3][-]{subsubsection.5.58.3.108}{\376\377\0005\000.\0005\0008\000.\0003\000.\0001\0000\0008\000\040\000n\000P\000a\000i\000r\000T\000o\000t\000a\000l}{subsection.5.58.3}% 290
\BOOKMARK [3][-]{subsubsection.5.58.3.109}{\376\377\0005\000.\0005\0008\000.\0003\000.\0001\0000\0009\000\040\000n\000V\000a\000l\000A\000c\000f}{subsection.5.58.3}% 291
\BOOKMARK [3][-]{subsubsection.5.58.3.110}{\376\377\0005\000.\0005\0008\000.\0003\000.\0001\0001\0000\000\040\000n\000V\000a\000l\000C\000o\000r\000r}{subsection.5.58.3}% 292
\BOOKMARK [3][-]{subsubsection.5.58.3.111}{\376\377\0005\000.\0005\0008\000.\0003\000.\0001\0001\0001\000\040\000p\000a\000i\000r}{subsection.5.58.3}% 293
\BOOKMARK [3][-]{subsubsection.5.58.3.112}{\376\377\0005\000.\0005\0008\000.\0003\000.\0001\0001\0002\000\040\000P\000a\000i\000r\000a\000t\000o\000m\0001}{subsection.5.58.3}% 294
\BOOKMARK [3][-]{subsubsection.5.58.3.113}{\376\377\0005\000.\0005\0008\000.\0003\000.\0001\0001\0003\000\040\000P\000a\000i\000r\000a\000t\000o\000m\0002}{subsection.5.58.3}% 295
\BOOKMARK [3][-]{subsubsection.5.58.3.114}{\376\377\0005\000.\0005\0008\000.\0003\000.\0001\0001\0004\000\040\000P\000a\000i\000r\000I\000D}{subsection.5.58.3}% 296
\BOOKMARK [3][-]{subsubsection.5.58.3.115}{\376\377\0005\000.\0005\0008\000.\0003\000.\0001\0001\0005\000\040\000P\000a\000i\000r\000X\000i\000j}{subsection.5.58.3}% 297
\BOOKMARK [3][-]{subsubsection.5.58.3.116}{\376\377\0005\000.\0005\0008\000.\0003\000.\0001\0001\0006\000\040\000P\000a\000i\000r\000Y\000i\000j}{subsection.5.58.3}% 298
\BOOKMARK [3][-]{subsubsection.5.58.3.117}{\376\377\0005\000.\0005\0008\000.\0003\000.\0001\0001\0007\000\040\000p\000o\000t\000E\000n\000e\000r\000g\000y}{subsection.5.58.3}% 299
\BOOKMARK [3][-]{subsubsection.5.58.3.118}{\376\377\0005\000.\0005\0008\000.\0003\000.\0001\0001\0008\000\040\000p\000r\000e\000f\000i\000x}{subsection.5.58.3}% 300
\BOOKMARK [3][-]{subsubsection.5.58.3.119}{\376\377\0005\000.\0005\0008\000.\0003\000.\0001\0001\0009\000\040\000p\000r\000e\000s\000s\000u\000r\000e}{subsection.5.58.3}% 301
\BOOKMARK [3][-]{subsubsection.5.58.3.120}{\376\377\0005\000.\0005\0008\000.\0003\000.\0001\0002\0000\000\040\000R\000a\000d\000i\000u\000s\000I\000J}{subsection.5.58.3}% 302
\BOOKMARK [3][-]{subsubsection.5.58.3.121}{\376\377\0005\000.\0005\0008\000.\0003\000.\0001\0002\0001\000\040\000R\000a\000d\000i\000u\000s\000I\000J\000I\000n\000v}{subsection.5.58.3}% 303
\BOOKMARK [3][-]{subsubsection.5.58.3.122}{\376\377\0005\000.\0005\0008\000.\0003\000.\0001\0002\0002\000\040\000r\000a\000n\000g\000e\000R\000d\000f}{subsection.5.58.3}% 304
\BOOKMARK [3][-]{subsubsection.5.58.3.123}{\376\377\0005\000.\0005\0008\000.\0003\000.\0001\0002\0003\000\040\000r\000a\000n\000k}{subsection.5.58.3}% 305
\BOOKMARK [3][-]{subsubsection.5.58.3.124}{\376\377\0005\000.\0005\0008\000.\0003\000.\0001\0002\0004\000\040\000r\000C\000u\000t}{subsection.5.58.3}% 306
\BOOKMARK [3][-]{subsubsection.5.58.3.125}{\376\377\0005\000.\0005\0008\000.\0003\000.\0001\0002\0005\000\040\000r\000d\000f}{subsection.5.58.3}% 307
\BOOKMARK [3][-]{subsubsection.5.58.3.126}{\376\377\0005\000.\0005\0008\000.\0003\000.\0001\0002\0006\000\040\000r\000e\000g\000i\000o\000n}{subsection.5.58.3}% 308
\BOOKMARK [3][-]{subsubsection.5.58.3.127}{\376\377\0005\000.\0005\0008\000.\0003\000.\0001\0002\0007\000\040\000r\000e\000g\000i\000o\000n\000H}{subsection.5.58.3}% 309
\BOOKMARK [3][-]{subsubsection.5.58.3.128}{\376\377\0005\000.\0005\0008\000.\0003\000.\0001\0002\0008\000\040\000r\000e\000s\000u\000l\000t}{subsection.5.58.3}% 310
\BOOKMARK [3][-]{subsubsection.5.58.3.129}{\376\377\0005\000.\0005\0008\000.\0003\000.\0001\0002\0009\000\040\000r\000f\000A\000t\000o\000m}{subsection.5.58.3}% 311
\BOOKMARK [3][-]{subsubsection.5.58.3.130}{\376\377\0005\000.\0005\0008\000.\0003\000.\0001\0003\0000\000\040\000r\000o}{subsection.5.58.3}% 312
\BOOKMARK [3][-]{subsubsection.5.58.3.131}{\376\377\0005\000.\0005\0008\000.\0003\000.\0001\0003\0001\000\040\000r\000x}{subsection.5.58.3}% 313
\BOOKMARK [3][-]{subsubsection.5.58.3.132}{\376\377\0005\000.\0005\0008\000.\0003\000.\0001\0003\0002\000\040\000r\000x\000U\000n\000w\000r\000a\000p}{subsection.5.58.3}% 314
\BOOKMARK [3][-]{subsubsection.5.58.3.133}{\376\377\0005\000.\0005\0008\000.\0003\000.\0001\0003\0003\000\040\000r\000y}{subsection.5.58.3}% 315
\BOOKMARK [3][-]{subsubsection.5.58.3.134}{\376\377\0005\000.\0005\0008\000.\0003\000.\0001\0003\0004\000\040\000r\000y\000U\000n\000w\000r\000a\000p}{subsection.5.58.3}% 316
\BOOKMARK [3][-]{subsubsection.5.58.3.135}{\376\377\0005\000.\0005\0008\000.\0003\000.\0001\0003\0005\000\040\000s\000h\000e\000a\000r\000D\000i\000s\000p\000l\000a\000c\000e\000m\000e\000n\000t}{subsection.5.58.3}% 317
\BOOKMARK [3][-]{subsubsection.5.58.3.136}{\376\377\0005\000.\0005\0008\000.\0003\000.\0001\0003\0006\000\040\000s\000h\000e\000a\000r\000V\000e\000l\000o\000c\000i\000t\000y}{subsection.5.58.3}% 318
\BOOKMARK [3][-]{subsubsection.5.58.3.137}{\376\377\0005\000.\0005\0008\000.\0003\000.\0001\0003\0007\000\040\000s\000i\000z\000e}{subsection.5.58.3}% 319
\BOOKMARK [3][-]{subsubsection.5.58.3.138}{\376\377\0005\000.\0005\0008\000.\0003\000.\0001\0003\0008\000\040\000s\000i\000z\000e\000H\000i\000s\000t\000R\000d\000f}{subsection.5.58.3}% 320
\BOOKMARK [3][-]{subsubsection.5.58.3.139}{\376\377\0005\000.\0005\0008\000.\0003\000.\0001\0003\0009\000\040\000s\000K\000i\000n\000E\000n\000e\000r\000g\000y}{subsection.5.58.3}% 321
\BOOKMARK [3][-]{subsubsection.5.58.3.140}{\376\377\0005\000.\0005\0008\000.\0003\000.\0001\0004\0000\000\040\000s\000o\000l\000v\000e\000r}{subsection.5.58.3}% 322
\BOOKMARK [3][-]{subsubsection.5.58.3.141}{\376\377\0005\000.\0005\0008\000.\0003\000.\0001\0004\0001\000\040\000s\000p\000a\000c\000e\000t\000i\000m\000e\000C\000o\000r\000r}{subsection.5.58.3}% 323
\BOOKMARK [3][-]{subsubsection.5.58.3.142}{\376\377\0005\000.\0005\0008\000.\0003\000.\0001\0004\0002\000\040\000s\000p\000a\000c\000e\000t\000i\000m\000e\000C\000o\000r\000r\000A\000v}{subsection.5.58.3}% 324
\BOOKMARK [3][-]{subsubsection.5.58.3.143}{\376\377\0005\000.\0005\0008\000.\0003\000.\0001\0004\0003\000\040\000s\000p\000e\000e\000d}{subsection.5.58.3}% 325
\BOOKMARK [3][-]{subsubsection.5.58.3.144}{\376\377\0005\000.\0005\0008\000.\0003\000.\0001\0004\0004\000\040\000s\000P\000o\000t\000E\000n\000e\000r\000g\000y}{subsection.5.58.3}% 326
\BOOKMARK [3][-]{subsubsection.5.58.3.145}{\376\377\0005\000.\0005\0008\000.\0003\000.\0001\0004\0005\000\040\000s\000P\000r\000e\000s\000s\000u\000r\000e}{subsection.5.58.3}% 327
\BOOKMARK [3][-]{subsubsection.5.58.3.146}{\376\377\0005\000.\0005\0008\000.\0003\000.\0001\0004\0006\000\040\000S\000q\000r\000R\000a\000d\000i\000u\000s\000I\000J}{subsection.5.58.3}% 328
\BOOKMARK [3][-]{subsubsection.5.58.3.147}{\376\377\0005\000.\0005\0008\000.\0003\000.\0001\0004\0007\000\040\000s\000s\000K\000i\000n\000E\000n\000e\000r\000g\000y}{subsection.5.58.3}% 329
\BOOKMARK [3][-]{subsubsection.5.58.3.148}{\376\377\0005\000.\0005\0008\000.\0003\000.\0001\0004\0008\000\040\000s\000s\000P\000o\000t\000E\000n\000e\000r\000g\000y}{subsection.5.58.3}% 330
\BOOKMARK [3][-]{subsubsection.5.58.3.149}{\376\377\0005\000.\0005\0008\000.\0003\000.\0001\0004\0009\000\040\000s\000s\000P\000r\000e\000s\000s\000u\000r\000e}{subsection.5.58.3}% 331
\BOOKMARK [3][-]{subsubsection.5.58.3.150}{\376\377\0005\000.\0005\0008\000.\0003\000.\0001\0005\0000\000\040\000s\000s\000T\000o\000t\000E\000n\000e\000r\000g\000y}{subsection.5.58.3}% 332
\BOOKMARK [3][-]{subsubsection.5.58.3.151}{\376\377\0005\000.\0005\0008\000.\0003\000.\0001\0005\0001\000\040\000s\000t\000e\000p\000A\000c\000f}{subsection.5.58.3}% 333
\BOOKMARK [3][-]{subsubsection.5.58.3.152}{\376\377\0005\000.\0005\0008\000.\0003\000.\0001\0005\0002\000\040\000s\000t\000e\000p\000A\000v\000g}{subsection.5.58.3}% 334
\BOOKMARK [3][-]{subsubsection.5.58.3.153}{\376\377\0005\000.\0005\0008\000.\0003\000.\0001\0005\0003\000\040\000s\000t\000e\000p\000C\000o\000r\000r}{subsection.5.58.3}% 335
\BOOKMARK [3][-]{subsubsection.5.58.3.154}{\376\377\0005\000.\0005\0008\000.\0003\000.\0001\0005\0004\000\040\000s\000t\000e\000p\000C\000o\000u\000n\000t}{subsection.5.58.3}% 336
\BOOKMARK [3][-]{subsubsection.5.58.3.155}{\376\377\0005\000.\0005\0008\000.\0003\000.\0001\0005\0005\000\040\000s\000t\000e\000p\000D\000u\000m\000p}{subsection.5.58.3}% 337
\BOOKMARK [3][-]{subsubsection.5.58.3.156}{\376\377\0005\000.\0005\0008\000.\0003\000.\0001\0005\0006\000\040\000s\000t\000e\000p\000E\000q\000u\000i\000l}{subsection.5.58.3}% 338
\BOOKMARK [3][-]{subsubsection.5.58.3.157}{\376\377\0005\000.\0005\0008\000.\0003\000.\0001\0005\0007\000\040\000s\000t\000e\000p\000L\000i\000m\000i\000t}{subsection.5.58.3}% 339
\BOOKMARK [3][-]{subsubsection.5.58.3.158}{\376\377\0005\000.\0005\0008\000.\0003\000.\0001\0005\0008\000\040\000s\000t\000e\000p\000R\000d\000f}{subsection.5.58.3}% 340
\BOOKMARK [3][-]{subsubsection.5.58.3.159}{\376\377\0005\000.\0005\0008\000.\0003\000.\0001\0005\0009\000\040\000s\000t\000e\000p\000T\000r\000a\000j}{subsection.5.58.3}% 341
\BOOKMARK [3][-]{subsubsection.5.58.3.160}{\376\377\0005\000.\0005\0008\000.\0003\000.\0001\0006\0000\000\040\000s\000T\000o\000t\000E\000n\000e\000r\000g\000y}{subsection.5.58.3}% 342
\BOOKMARK [3][-]{subsubsection.5.58.3.161}{\376\377\0005\000.\0005\0008\000.\0003\000.\0001\0006\0001\000\040\000s\000t\000r\000a\000i\000n}{subsection.5.58.3}% 343
\BOOKMARK [3][-]{subsubsection.5.58.3.162}{\376\377\0005\000.\0005\0008\000.\0003\000.\0001\0006\0002\000\040\000s\000t\000r\000a\000i\000n\000R\000a\000t\000e}{subsection.5.58.3}% 344
\BOOKMARK [3][-]{subsubsection.5.58.3.163}{\376\377\0005\000.\0005\0008\000.\0003\000.\0001\0006\0003\000\040\000s\000t\000r\000e\000c\000h}{subsection.5.58.3}% 345
\BOOKMARK [3][-]{subsubsection.5.58.3.164}{\376\377\0005\000.\0005\0008\000.\0003\000.\0001\0006\0004\000\040\000s\000t\000r\000e\000s\000s}{subsection.5.58.3}% 346
\BOOKMARK [3][-]{subsubsection.5.58.3.165}{\376\377\0005\000.\0005\0008\000.\0003\000.\0001\0006\0005\000\040\000s\000v\000i\000r\000S\000u\000m}{subsection.5.58.3}% 347
\BOOKMARK [3][-]{subsubsection.5.58.3.166}{\376\377\0005\000.\0005\0008\000.\0003\000.\0001\0006\0006\000\040\000t\000i\000m\000e\000N\000o\000w}{subsection.5.58.3}% 348
\BOOKMARK [3][-]{subsubsection.5.58.3.167}{\376\377\0005\000.\0005\0008\000.\0003\000.\0001\0006\0007\000\040\000T\000o\000t\000a\000l\000B\000o\000n\000d\000E\000n\000e\000r\000g\000y}{subsection.5.58.3}% 349
\BOOKMARK [3][-]{subsubsection.5.58.3.168}{\376\377\0005\000.\0005\0008\000.\0003\000.\0001\0006\0008\000\040\000T\000o\000t\000a\000l\000M\000a\000s\000s}{subsection.5.58.3}% 350
\BOOKMARK [3][-]{subsubsection.5.58.3.169}{\376\377\0005\000.\0005\0008\000.\0003\000.\0001\0006\0009\000\040\000t\000o\000t\000E\000n\000e\000r\000g\000y}{subsection.5.58.3}% 351
\BOOKMARK [3][-]{subsubsection.5.58.3.170}{\376\377\0005\000.\0005\0008\000.\0003\000.\0001\0007\0000\000\040\000u\000S\000u\000m}{subsection.5.58.3}% 352
\BOOKMARK [3][-]{subsubsection.5.58.3.171}{\376\377\0005\000.\0005\0008\000.\0003\000.\0001\0007\0001\000\040\000u\000S\000u\000m\000P\000a\000i\000r}{subsection.5.58.3}% 353
\BOOKMARK [3][-]{subsubsection.5.58.3.172}{\376\377\0005\000.\0005\0008\000.\0003\000.\0001\0007\0002\000\040\000u\000S\000u\000m\000P\000a\000i\000r\000P\000e\000r\000A\000t\000o\000m}{subsection.5.58.3}% 354
\BOOKMARK [3][-]{subsubsection.5.58.3.173}{\376\377\0005\000.\0005\0008\000.\0003\000.\0001\0007\0003\000\040\000v\000i\000r\000S\000u\000m}{subsection.5.58.3}% 355
\BOOKMARK [3][-]{subsubsection.5.58.3.174}{\376\377\0005\000.\0005\0008\000.\0003\000.\0001\0007\0004\000\040\000v\000i\000r\000S\000u\000m\000B\000o\000n\000d}{subsection.5.58.3}% 356
\BOOKMARK [3][-]{subsubsection.5.58.3.175}{\376\377\0005\000.\0005\0008\000.\0003\000.\0001\0007\0005\000\040\000v\000i\000r\000S\000u\000m\000B\000o\000n\000d\000x\000x}{subsection.5.58.3}% 357
\BOOKMARK [3][-]{subsubsection.5.58.3.176}{\376\377\0005\000.\0005\0008\000.\0003\000.\0001\0007\0006\000\040\000v\000i\000r\000S\000u\000m\000B\000o\000n\000d\000x\000y}{subsection.5.58.3}% 358
\BOOKMARK [3][-]{subsubsection.5.58.3.177}{\376\377\0005\000.\0005\0008\000.\0003\000.\0001\0007\0007\000\040\000v\000i\000r\000S\000u\000m\000B\000o\000n\000d\000y\000y}{subsection.5.58.3}% 359
\BOOKMARK [3][-]{subsubsection.5.58.3.178}{\376\377\0005\000.\0005\0008\000.\0003\000.\0001\0007\0008\000\040\000v\000i\000r\000S\000u\000m\000P\000a\000i\000r}{subsection.5.58.3}% 360
\BOOKMARK [3][-]{subsubsection.5.58.3.179}{\376\377\0005\000.\0005\0008\000.\0003\000.\0001\0007\0009\000\040\000v\000i\000r\000S\000u\000m\000P\000a\000i\000r\000x\000x}{subsection.5.58.3}% 361
\BOOKMARK [3][-]{subsubsection.5.58.3.180}{\376\377\0005\000.\0005\0008\000.\0003\000.\0001\0008\0000\000\040\000v\000i\000r\000S\000u\000m\000P\000a\000i\000r\000x\000y}{subsection.5.58.3}% 362
\BOOKMARK [3][-]{subsubsection.5.58.3.181}{\376\377\0005\000.\0005\0008\000.\0003\000.\0001\0008\0001\000\040\000v\000i\000r\000S\000u\000m\000P\000a\000i\000r\000y\000y}{subsection.5.58.3}% 363
\BOOKMARK [3][-]{subsubsection.5.58.3.182}{\376\377\0005\000.\0005\0008\000.\0003\000.\0001\0008\0002\000\040\000v\000i\000r\000S\000u\000m\000x\000x}{subsection.5.58.3}% 364
\BOOKMARK [3][-]{subsubsection.5.58.3.183}{\376\377\0005\000.\0005\0008\000.\0003\000.\0001\0008\0003\000\040\000v\000i\000r\000S\000u\000m\000x\000y}{subsection.5.58.3}% 365
\BOOKMARK [3][-]{subsubsection.5.58.3.184}{\376\377\0005\000.\0005\0008\000.\0003\000.\0001\0008\0004\000\040\000v\000i\000r\000S\000u\000m\000y\000y}{subsection.5.58.3}% 366
\BOOKMARK [3][-]{subsubsection.5.58.3.185}{\376\377\0005\000.\0005\0008\000.\0003\000.\0001\0008\0005\000\040\000v\000i\000s\000c}{subsection.5.58.3}% 367
\BOOKMARK [3][-]{subsubsection.5.58.3.186}{\376\377\0005\000.\0005\0008\000.\0003\000.\0001\0008\0006\000\040\000v\000i\000s\000c\000A\000c\000f}{subsection.5.58.3}% 368
\BOOKMARK [3][-]{subsubsection.5.58.3.187}{\376\377\0005\000.\0005\0008\000.\0003\000.\0001\0008\0007\000\040\000v\000i\000s\000c\000A\000c\000f\000A\000v}{subsection.5.58.3}% 369
\BOOKMARK [3][-]{subsubsection.5.58.3.188}{\376\377\0005\000.\0005\0008\000.\0003\000.\0001\0008\0008\000\040\000v\000i\000s\000c\000A\000c\000f\000I\000n\000t}{subsection.5.58.3}% 370
\BOOKMARK [3][-]{subsubsection.5.58.3.189}{\376\377\0005\000.\0005\0008\000.\0003\000.\0001\0008\0009\000\040\000v\000i\000s\000c\000A\000c\000f\000O\000r\000g}{subsection.5.58.3}% 371
\BOOKMARK [3][-]{subsubsection.5.58.3.190}{\376\377\0005\000.\0005\0008\000.\0003\000.\0001\0009\0000\000\040\000V\000M\000e\000a\000n\000S\000q\000r}{subsection.5.58.3}% 372
\BOOKMARK [3][-]{subsubsection.5.58.3.191}{\376\377\0005\000.\0005\0008\000.\0003\000.\0001\0009\0001\000\040\000v\000r\000m\000s}{subsection.5.58.3}% 373
\BOOKMARK [3][-]{subsubsection.5.58.3.192}{\376\377\0005\000.\0005\0008\000.\0003\000.\0001\0009\0002\000\040\000V\000R\000o\000o\000t\000M\000e\000a\000n\000S\000q\000r}{subsection.5.58.3}% 374
\BOOKMARK [3][-]{subsubsection.5.58.3.193}{\376\377\0005\000.\0005\0008\000.\0003\000.\0001\0009\0003\000\040\000V\000S\000q\000r}{subsection.5.58.3}% 375
\BOOKMARK [3][-]{subsubsection.5.58.3.194}{\376\377\0005\000.\0005\0008\000.\0003\000.\0001\0009\0004\000\040\000v\000S\000u\000m}{subsection.5.58.3}% 376
\BOOKMARK [3][-]{subsubsection.5.58.3.195}{\376\377\0005\000.\0005\0008\000.\0003\000.\0001\0009\0005\000\040\000v\000S\000u\000m\000X}{subsection.5.58.3}% 377
\BOOKMARK [3][-]{subsubsection.5.58.3.196}{\376\377\0005\000.\0005\0008\000.\0003\000.\0001\0009\0006\000\040\000v\000S\000u\000m\000Y}{subsection.5.58.3}% 378
\BOOKMARK [3][-]{subsubsection.5.58.3.197}{\376\377\0005\000.\0005\0008\000.\0003\000.\0001\0009\0007\000\040\000v\000v\000S\000u\000m}{subsection.5.58.3}% 379
\BOOKMARK [3][-]{subsubsection.5.58.3.198}{\376\377\0005\000.\0005\0008\000.\0003\000.\0001\0009\0008\000\040\000v\000x}{subsection.5.58.3}% 380
\BOOKMARK [3][-]{subsubsection.5.58.3.199}{\376\377\0005\000.\0005\0008\000.\0003\000.\0001\0009\0009\000\040\000v\000y}{subsection.5.58.3}% 381
\BOOKMARK [3][-]{subsubsection.5.58.3.200}{\376\377\0005\000.\0005\0008\000.\0003\000.\0002\0000\0000\000\040\000x\000B\000o\000u\000n\000d\000a\000r\000y}{subsection.5.58.3}% 382
\BOOKMARK [3][-]{subsubsection.5.58.3.201}{\376\377\0005\000.\0005\0008\000.\0003\000.\0002\0000\0001\000\040\000x\000y\000z}{subsection.5.58.3}% 383
\BOOKMARK [3][-]{subsubsection.5.58.3.202}{\376\377\0005\000.\0005\0008\000.\0003\000.\0002\0000\0002\000\040\000y\000B\000o\000u\000n\000d\000a\000r\000y}{subsection.5.58.3}% 384
\BOOKMARK [1][-]{section.5.59}{\376\377\0005\000.\0005\0009\000\040\000g\000l\000o\000b\000a\000l\000.\000h}{chapter.5}% 385
\BOOKMARK [1][-]{section.5.60}{\376\377\0005\000.\0006\0000\000\040\000s\000o\000u\000r\000c\000e\000/\000H\000a\000l\000t\000.\000c\000\040\000F\000i\000l\000e\000\040\000R\000e\000f\000e\000r\000e\000n\000c\000e}{chapter.5}% 386
\BOOKMARK [2][-]{subsection.5.60.1}{\376\377\0005\000.\0006\0000\000.\0001\000\040\000F\000u\000n\000c\000t\000i\000o\000n\000\040\000D\000o\000c\000u\000m\000e\000n\000t\000a\000t\000i\000o\000n}{section.5.60}% 387
\BOOKMARK [3][-]{subsubsection.5.60.1.1}{\376\377\0005\000.\0006\0000\000.\0001\000.\0001\000\040\000H\000a\000l\000t\000C\000o\000n\000d\000i\000t\000i\000o\000n\000C\000h\000e\000c\000k\000\050\000\051}{subsection.5.60.1}% 388
\BOOKMARK [1][-]{section.5.61}{\376\377\0005\000.\0006\0001\000\040\000H\000a\000l\000t\000.\000c}{chapter.5}% 389
\BOOKMARK [1][-]{section.5.62}{\376\377\0005\000.\0006\0002\000\040\000s\000o\000u\000r\000c\000e\000/\000I\000n\000i\000t\000.\000c\000\040\000F\000i\000l\000e\000\040\000R\000e\000f\000e\000r\000e\000n\000c\000e}{chapter.5}% 390
\BOOKMARK [2][-]{subsection.5.62.1}{\376\377\0005\000.\0006\0002\000.\0001\000\040\000F\000u\000n\000c\000t\000i\000o\000n\000\040\000D\000o\000c\000u\000m\000e\000n\000t\000a\000t\000i\000o\000n}{section.5.62}% 391
\BOOKMARK [3][-]{subsubsection.5.62.1.1}{\376\377\0005\000.\0006\0002\000.\0001\000.\0001\000\040\000I\000n\000i\000t\000\050\000\051}{subsection.5.62.1}% 392
\BOOKMARK [3][-]{subsubsection.5.62.1.2}{\376\377\0005\000.\0006\0002\000.\0001\000.\0002\000\040\000R\000e\000a\000d\000B\000i\000n\000a\000r\000y\000R\000e\000s\000t\000a\000r\000t\000\050\000\051}{subsection.5.62.1}% 393
\BOOKMARK [1][-]{section.5.63}{\376\377\0005\000.\0006\0003\000\040\000I\000n\000i\000t\000.\000c}{chapter.5}% 394
\BOOKMARK [1][-]{section.5.64}{\376\377\0005\000.\0006\0004\000\040\000s\000o\000u\000r\000c\000e\000/\000I\000n\000i\000t\000V\000a\000c\000f\000.\000c\000\040\000F\000i\000l\000e\000\040\000R\000e\000f\000e\000r\000e\000n\000c\000e}{chapter.5}% 395
\BOOKMARK [2][-]{subsection.5.64.1}{\376\377\0005\000.\0006\0004\000.\0001\000\040\000F\000u\000n\000c\000t\000i\000o\000n\000\040\000D\000o\000c\000u\000m\000e\000n\000t\000a\000t\000i\000o\000n}{section.5.64}% 396
\BOOKMARK [3][-]{subsubsection.5.64.1.1}{\376\377\0005\000.\0006\0004\000.\0001\000.\0001\000\040\000I\000n\000i\000t\000V\000a\000c\000f\000\050\000\051}{subsection.5.64.1}% 397
\BOOKMARK [3][-]{subsubsection.5.64.1.2}{\376\377\0005\000.\0006\0004\000.\0001\000.\0002\000\040\000Z\000e\000r\000o\000V\000a\000c\000f\000\050\000\051}{subsection.5.64.1}% 398
\BOOKMARK [1][-]{section.5.65}{\376\377\0005\000.\0006\0005\000\040\000I\000n\000i\000t\000V\000a\000c\000f\000.\000c}{chapter.5}% 399
\BOOKMARK [1][-]{section.5.66}{\376\377\0005\000.\0006\0006\000\040\000s\000o\000u\000r\000c\000e\000/\000I\000n\000t\000e\000g\000r\000a\000t\000e\000.\000c\000\040\000F\000i\000l\000e\000\040\000R\000e\000f\000e\000r\000e\000n\000c\000e}{chapter.5}% 400
\BOOKMARK [2][-]{subsection.5.66.1}{\376\377\0005\000.\0006\0006\000.\0001\000\040\000F\000u\000n\000c\000t\000i\000o\000n\000\040\000D\000o\000c\000u\000m\000e\000n\000t\000a\000t\000i\000o\000n}{section.5.66}% 401
\BOOKMARK [3][-]{subsubsection.5.66.1.1}{\376\377\0005\000.\0006\0006\000.\0001\000.\0001\000\040\000I\000n\000t\000e\000g\000r\000a\000t\000e\000\050\000\051}{subsection.5.66.1}% 402
\BOOKMARK [1][-]{section.5.67}{\376\377\0005\000.\0006\0007\000\040\000I\000n\000t\000e\000g\000r\000a\000t\000e\000.\000c}{chapter.5}% 403
\BOOKMARK [1][-]{section.5.68}{\376\377\0005\000.\0006\0008\000\040\000s\000o\000u\000r\000c\000e\000/\000L\000e\000a\000p\000f\000r\000o\000g\000S\000t\000e\000p\000.\000c\000\040\000F\000i\000l\000e\000\040\000R\000e\000f\000e\000r\000e\000n\000c\000e}{chapter.5}% 404
\BOOKMARK [2][-]{subsection.5.68.1}{\376\377\0005\000.\0006\0008\000.\0001\000\040\000F\000u\000n\000c\000t\000i\000o\000n\000\040\000D\000o\000c\000u\000m\000e\000n\000t\000a\000t\000i\000o\000n}{section.5.68}% 405
\BOOKMARK [3][-]{subsubsection.5.68.1.1}{\376\377\0005\000.\0006\0008\000.\0001\000.\0001\000\040\000L\000e\000a\000p\000f\000r\000o\000g\000S\000t\000e\000p\000\050\000\051}{subsection.5.68.1}% 406
\BOOKMARK [1][-]{section.5.69}{\376\377\0005\000.\0006\0009\000\040\000L\000e\000a\000p\000f\000r\000o\000g\000S\000t\000e\000p\000.\000c}{chapter.5}% 407
\BOOKMARK [1][-]{section.5.70}{\376\377\0005\000.\0007\0000\000\040\000s\000o\000u\000r\000c\000e\000/\000m\000a\000i\000n\000.\000c\000\040\000F\000i\000l\000e\000\040\000R\000e\000f\000e\000r\000e\000n\000c\000e}{chapter.5}% 408
\BOOKMARK [2][-]{subsection.5.70.1}{\376\377\0005\000.\0007\0000\000.\0001\000\040\000M\000a\000c\000r\000o\000\040\000D\000e\000f\000i\000n\000i\000t\000i\000o\000n\000\040\000D\000o\000c\000u\000m\000e\000n\000t\000a\000t\000i\000o\000n}{section.5.70}% 409
\BOOKMARK [3][-]{subsubsection.5.70.1.1}{\376\377\0005\000.\0007\0000\000.\0001\000.\0001\000\040\000D\000E\000F\000I\000N\000E\000\137\000G\000L\000O\000B\000A\000L\000S}{subsection.5.70.1}% 410
\BOOKMARK [2][-]{subsection.5.70.2}{\376\377\0005\000.\0007\0000\000.\0002\000\040\000F\000u\000n\000c\000t\000i\000o\000n\000\040\000D\000o\000c\000u\000m\000e\000n\000t\000a\000t\000i\000o\000n}{section.5.70}% 411
\BOOKMARK [3][-]{subsubsection.5.70.2.1}{\376\377\0005\000.\0007\0000\000.\0002\000.\0001\000\040\000A\000c\000c\000u\000m\000P\000r\000o\000p\000s\000\050\000\051}{subsection.5.70.2}% 412
\BOOKMARK [3][-]{subsubsection.5.70.2.2}{\376\377\0005\000.\0007\0000\000.\0002\000.\0002\000\040\000A\000p\000p\000l\000y\000B\000o\000u\000n\000d\000a\000r\000y\000C\000o\000n\000d\000\050\000\051}{subsection.5.70.2}% 413
\BOOKMARK [3][-]{subsubsection.5.70.2.3}{\376\377\0005\000.\0007\0000\000.\0002\000.\0003\000\040\000A\000p\000p\000l\000y\000F\000o\000r\000c\000e\000\050\000\051}{subsection.5.70.2}% 414
\BOOKMARK [3][-]{subsubsection.5.70.2.4}{\376\377\0005\000.\0007\0000\000.\0002\000.\0004\000\040\000A\000p\000p\000l\000y\000L\000e\000e\000s\000E\000d\000w\000a\000r\000d\000s\000B\000o\000u\000n\000d\000a\000r\000y\000C\000o\000n\000d\000\050\000\051}{subsection.5.70.2}% 415
\BOOKMARK [3][-]{subsubsection.5.70.2.5}{\376\377\0005\000.\0007\0000\000.\0002\000.\0005\000\040\000C\000l\000o\000s\000e\000\050\000\051}{subsection.5.70.2}% 416
\BOOKMARK [3][-]{subsubsection.5.70.2.6}{\376\377\0005\000.\0007\0000\000.\0002\000.\0006\000\040\000C\000o\000m\000p\000u\000t\000e\000F\000o\000r\000c\000e\000s\000C\000e\000l\000l\000s\000\050\000\051}{subsection.5.70.2}% 417
\BOOKMARK [3][-]{subsubsection.5.70.2.7}{\376\377\0005\000.\0007\0000\000.\0002\000.\0007\000\040\000D\000i\000s\000p\000l\000a\000c\000e\000A\000t\000o\000m\000s\000\050\000\051}{subsection.5.70.2}% 418
\BOOKMARK [3][-]{subsubsection.5.70.2.8}{\376\377\0005\000.\0007\0000\000.\0002\000.\0008\000\040\000D\000u\000m\000p\000B\000o\000n\000d\000s\000\050\000\051}{subsection.5.70.2}% 419
\BOOKMARK [3][-]{subsubsection.5.70.2.9}{\376\377\0005\000.\0007\0000\000.\0002\000.\0009\000\040\000D\000u\000m\000p\000P\000a\000i\000r\000s\000\050\000\051}{subsection.5.70.2}% 420
\BOOKMARK [3][-]{subsubsection.5.70.2.10}{\376\377\0005\000.\0007\0000\000.\0002\000.\0001\0000\000\040\000D\000u\000m\000p\000R\000e\000s\000t\000a\000r\000t\000\050\000\051}{subsection.5.70.2}% 421
\BOOKMARK [3][-]{subsubsection.5.70.2.11}{\376\377\0005\000.\0007\0000\000.\0002\000.\0001\0001\000\040\000D\000u\000m\000p\000S\000t\000a\000t\000e\000\050\000\051}{subsection.5.70.2}% 422
\BOOKMARK [3][-]{subsubsection.5.70.2.12}{\376\377\0005\000.\0007\0000\000.\0002\000.\0001\0002\000\040\000E\000v\000a\000l\000C\000o\000m\000\050\000\051}{subsection.5.70.2}% 423
\BOOKMARK [3][-]{subsubsection.5.70.2.13}{\376\377\0005\000.\0007\0000\000.\0002\000.\0001\0003\000\040\000E\000v\000a\000l\000P\000r\000o\000p\000s\000\050\000\051}{subsection.5.70.2}% 424
\BOOKMARK [3][-]{subsubsection.5.70.2.14}{\376\377\0005\000.\0007\0000\000.\0002\000.\0001\0004\000\040\000E\000v\000a\000l\000S\000p\000a\000c\000e\000t\000i\000m\000e\000C\000o\000r\000r\000\050\000\051}{subsection.5.70.2}% 425
\BOOKMARK [3][-]{subsubsection.5.70.2.15}{\376\377\0005\000.\0007\0000\000.\0002\000.\0001\0005\000\040\000E\000v\000a\000l\000U\000n\000w\000r\000a\000p\000\050\000\051}{subsection.5.70.2}% 426
\BOOKMARK [3][-]{subsubsection.5.70.2.16}{\376\377\0005\000.\0007\0000\000.\0002\000.\0001\0006\000\040\000E\000v\000a\000l\000V\000r\000m\000s\000\050\000\051}{subsection.5.70.2}% 427
\BOOKMARK [3][-]{subsubsection.5.70.2.17}{\376\377\0005\000.\0007\0000\000.\0002\000.\0001\0007\000\040\000H\000a\000l\000t\000C\000o\000n\000d\000i\000t\000i\000o\000n\000C\000h\000e\000c\000k\000\050\000\051}{subsection.5.70.2}% 428
\BOOKMARK [3][-]{subsubsection.5.70.2.18}{\376\377\0005\000.\0007\0000\000.\0002\000.\0001\0008\000\040\000I\000n\000i\000t\000\050\000\051}{subsection.5.70.2}% 429
\BOOKMARK [3][-]{subsubsection.5.70.2.19}{\376\377\0005\000.\0007\0000\000.\0002\000.\0001\0009\000\040\000m\000a\000i\000n\000\050\000\051}{subsection.5.70.2}% 430
\BOOKMARK [3][-]{subsubsection.5.70.2.20}{\376\377\0005\000.\0007\0000\000.\0002\000.\0002\0000\000\040\000P\000r\000i\000n\000t\000C\000o\000m\000\050\000\051}{subsection.5.70.2}% 431
\BOOKMARK [3][-]{subsubsection.5.70.2.21}{\376\377\0005\000.\0007\0000\000.\0002\000.\0002\0001\000\040\000P\000r\000i\000n\000t\000F\000o\000r\000c\000e\000S\000u\000m\000\050\000\051}{subsection.5.70.2}% 432
\BOOKMARK [3][-]{subsubsection.5.70.2.22}{\376\377\0005\000.\0007\0000\000.\0002\000.\0002\0002\000\040\000P\000r\000i\000n\000t\000M\000o\000m\000e\000n\000t\000u\000m\000\050\000\051}{subsection.5.70.2}% 433
\BOOKMARK [3][-]{subsubsection.5.70.2.23}{\376\377\0005\000.\0007\0000\000.\0002\000.\0002\0003\000\040\000P\000r\000i\000n\000t\000S\000t\000r\000e\000s\000s\000\050\000\051}{subsection.5.70.2}% 434
\BOOKMARK [3][-]{subsubsection.5.70.2.24}{\376\377\0005\000.\0007\0000\000.\0002\000.\0002\0004\000\040\000P\000r\000i\000n\000t\000S\000u\000m\000m\000a\000r\000y\000\050\000\051}{subsection.5.70.2}% 435
\BOOKMARK [3][-]{subsubsection.5.70.2.25}{\376\377\0005\000.\0007\0000\000.\0002\000.\0002\0005\000\040\000P\000r\000i\000n\000t\000V\000r\000m\000s\000\050\000\051}{subsection.5.70.2}% 436
\BOOKMARK [3][-]{subsubsection.5.70.2.26}{\376\377\0005\000.\0007\0000\000.\0002\000.\0002\0006\000\040\000S\000e\000t\000u\000p\000J\000o\000b\000\050\000\051}{subsection.5.70.2}% 437
\BOOKMARK [3][-]{subsubsection.5.70.2.27}{\376\377\0005\000.\0007\0000\000.\0002\000.\0002\0007\000\040\000T\000r\000a\000j\000e\000c\000t\000o\000r\000y\000\050\000\051}{subsection.5.70.2}% 438
\BOOKMARK [3][-]{subsubsection.5.70.2.28}{\376\377\0005\000.\0007\0000\000.\0002\000.\0002\0008\000\040\000V\000e\000l\000o\000c\000i\000t\000y\000V\000e\000r\000l\000e\000t\000S\000t\000e\000p\000\050\000\051}{subsection.5.70.2}% 439
\BOOKMARK [3][-]{subsubsection.5.70.2.29}{\376\377\0005\000.\0007\0000\000.\0002\000.\0002\0009\000\040\000W\000r\000i\000t\000e\000B\000i\000n\000a\000r\000y\000R\000e\000s\000t\000a\000r\000t\000\050\000\051}{subsection.5.70.2}% 440
\BOOKMARK [2][-]{subsection.5.70.3}{\376\377\0005\000.\0007\0000\000.\0003\000\040\000V\000a\000r\000i\000a\000b\000l\000e\000\040\000D\000o\000c\000u\000m\000e\000n\000t\000a\000t\000i\000o\000n}{section.5.70}% 441
\BOOKMARK [3][-]{subsubsection.5.70.3.1}{\376\377\0005\000.\0007\0000\000.\0003\000.\0001\000\040\000p\000r\000e\000f\000i\000x}{subsection.5.70.3}% 442
\BOOKMARK [1][-]{section.5.71}{\376\377\0005\000.\0007\0001\000\040\000m\000a\000i\000n\000.\000c}{chapter.5}% 443
\BOOKMARK [1][-]{section.5.72}{\376\377\0005\000.\0007\0002\000\040\000s\000o\000u\000r\000c\000e\000/\000P\000r\000i\000n\000t\000C\000o\000m\000.\000c\000\040\000F\000i\000l\000e\000\040\000R\000e\000f\000e\000r\000e\000n\000c\000e}{chapter.5}% 444
\BOOKMARK [2][-]{subsection.5.72.1}{\376\377\0005\000.\0007\0002\000.\0001\000\040\000F\000u\000n\000c\000t\000i\000o\000n\000\040\000D\000o\000c\000u\000m\000e\000n\000t\000a\000t\000i\000o\000n}{section.5.72}% 445
\BOOKMARK [3][-]{subsubsection.5.72.1.1}{\376\377\0005\000.\0007\0002\000.\0001\000.\0001\000\040\000P\000r\000i\000n\000t\000C\000o\000m\000\050\000\051}{subsection.5.72.1}% 446
\BOOKMARK [1][-]{section.5.73}{\376\377\0005\000.\0007\0003\000\040\000P\000r\000i\000n\000t\000C\000o\000m\000.\000c}{chapter.5}% 447
\BOOKMARK [1][-]{section.5.74}{\376\377\0005\000.\0007\0004\000\040\000s\000o\000u\000r\000c\000e\000/\000P\000r\000i\000n\000t\000F\000o\000r\000c\000e\000S\000u\000m\000.\000c\000\040\000F\000i\000l\000e\000\040\000R\000e\000f\000e\000r\000e\000n\000c\000e}{chapter.5}% 448
\BOOKMARK [2][-]{subsection.5.74.1}{\376\377\0005\000.\0007\0004\000.\0001\000\040\000F\000u\000n\000c\000t\000i\000o\000n\000\040\000D\000o\000c\000u\000m\000e\000n\000t\000a\000t\000i\000o\000n}{section.5.74}% 449
\BOOKMARK [3][-]{subsubsection.5.74.1.1}{\376\377\0005\000.\0007\0004\000.\0001\000.\0001\000\040\000P\000r\000i\000n\000t\000F\000o\000r\000c\000e\000S\000u\000m\000\050\000\051}{subsection.5.74.1}% 450
\BOOKMARK [1][-]{section.5.75}{\376\377\0005\000.\0007\0005\000\040\000P\000r\000i\000n\000t\000F\000o\000r\000c\000e\000S\000u\000m\000.\000c}{chapter.5}% 451
\BOOKMARK [1][-]{section.5.76}{\376\377\0005\000.\0007\0006\000\040\000s\000o\000u\000r\000c\000e\000/\000P\000r\000i\000n\000t\000M\000o\000m\000e\000n\000t\000u\000m\000.\000c\000\040\000F\000i\000l\000e\000\040\000R\000e\000f\000e\000r\000e\000n\000c\000e}{chapter.5}% 452
\BOOKMARK [2][-]{subsection.5.76.1}{\376\377\0005\000.\0007\0006\000.\0001\000\040\000F\000u\000n\000c\000t\000i\000o\000n\000\040\000D\000o\000c\000u\000m\000e\000n\000t\000a\000t\000i\000o\000n}{section.5.76}% 453
\BOOKMARK [3][-]{subsubsection.5.76.1.1}{\376\377\0005\000.\0007\0006\000.\0001\000.\0001\000\040\000P\000r\000i\000n\000t\000M\000o\000m\000e\000n\000t\000u\000m\000\050\000\051}{subsection.5.76.1}% 454
\BOOKMARK [1][-]{section.5.77}{\376\377\0005\000.\0007\0007\000\040\000P\000r\000i\000n\000t\000M\000o\000m\000e\000n\000t\000u\000m\000.\000c}{chapter.5}% 455
\BOOKMARK [1][-]{section.5.78}{\376\377\0005\000.\0007\0008\000\040\000s\000o\000u\000r\000c\000e\000/\000P\000r\000i\000n\000t\000S\000t\000r\000e\000s\000s\000.\000c\000\040\000F\000i\000l\000e\000\040\000R\000e\000f\000e\000r\000e\000n\000c\000e}{chapter.5}% 456
\BOOKMARK [2][-]{subsection.5.78.1}{\376\377\0005\000.\0007\0008\000.\0001\000\040\000F\000u\000n\000c\000t\000i\000o\000n\000\040\000D\000o\000c\000u\000m\000e\000n\000t\000a\000t\000i\000o\000n}{section.5.78}% 457
\BOOKMARK [3][-]{subsubsection.5.78.1.1}{\376\377\0005\000.\0007\0008\000.\0001\000.\0001\000\040\000P\000r\000i\000n\000t\000S\000t\000r\000e\000s\000s\000\050\000\051}{subsection.5.78.1}% 458
\BOOKMARK [1][-]{section.5.79}{\376\377\0005\000.\0007\0009\000\040\000P\000r\000i\000n\000t\000S\000t\000r\000e\000s\000s\000.\000c}{chapter.5}% 459
\BOOKMARK [1][-]{section.5.80}{\376\377\0005\000.\0008\0000\000\040\000s\000o\000u\000r\000c\000e\000/\000P\000r\000i\000n\000t\000S\000u\000m\000m\000a\000r\000y\000.\000c\000\040\000F\000i\000l\000e\000\040\000R\000e\000f\000e\000r\000e\000n\000c\000e}{chapter.5}% 460
\BOOKMARK [2][-]{subsection.5.80.1}{\376\377\0005\000.\0008\0000\000.\0001\000\040\000F\000u\000n\000c\000t\000i\000o\000n\000\040\000D\000o\000c\000u\000m\000e\000n\000t\000a\000t\000i\000o\000n}{section.5.80}% 461
\BOOKMARK [3][-]{subsubsection.5.80.1.1}{\376\377\0005\000.\0008\0000\000.\0001\000.\0001\000\040\000P\000r\000i\000n\000t\000S\000u\000m\000m\000a\000r\000y\000\050\000\051}{subsection.5.80.1}% 462
\BOOKMARK [1][-]{section.5.81}{\376\377\0005\000.\0008\0001\000\040\000P\000r\000i\000n\000t\000S\000u\000m\000m\000a\000r\000y\000.\000c}{chapter.5}% 463
\BOOKMARK [1][-]{section.5.82}{\376\377\0005\000.\0008\0002\000\040\000s\000o\000u\000r\000c\000e\000/\000P\000r\000i\000n\000t\000V\000a\000c\000f\000.\000c\000\040\000F\000i\000l\000e\000\040\000R\000e\000f\000e\000r\000e\000n\000c\000e}{chapter.5}% 464
\BOOKMARK [2][-]{subsection.5.82.1}{\376\377\0005\000.\0008\0002\000.\0001\000\040\000F\000u\000n\000c\000t\000i\000o\000n\000\040\000D\000o\000c\000u\000m\000e\000n\000t\000a\000t\000i\000o\000n}{section.5.82}% 465
\BOOKMARK [3][-]{subsubsection.5.82.1.1}{\376\377\0005\000.\0008\0002\000.\0001\000.\0001\000\040\000P\000r\000i\000n\000t\000V\000a\000c\000f\000\050\000\051}{subsection.5.82.1}% 466
\BOOKMARK [1][-]{section.5.83}{\376\377\0005\000.\0008\0003\000\040\000P\000r\000i\000n\000t\000V\000a\000c\000f\000.\000c}{chapter.5}% 467
\BOOKMARK [1][-]{section.5.84}{\376\377\0005\000.\0008\0004\000\040\000s\000o\000u\000r\000c\000e\000/\000P\000r\000i\000n\000t\000V\000r\000m\000s\000.\000c\000\040\000F\000i\000l\000e\000\040\000R\000e\000f\000e\000r\000e\000n\000c\000e}{chapter.5}% 468
\BOOKMARK [2][-]{subsection.5.84.1}{\376\377\0005\000.\0008\0004\000.\0001\000\040\000F\000u\000n\000c\000t\000i\000o\000n\000\040\000D\000o\000c\000u\000m\000e\000n\000t\000a\000t\000i\000o\000n}{section.5.84}% 469
\BOOKMARK [3][-]{subsubsection.5.84.1.1}{\376\377\0005\000.\0008\0004\000.\0001\000.\0001\000\040\000P\000r\000i\000n\000t\000V\000r\000m\000s\000\050\000\051}{subsection.5.84.1}% 470
\BOOKMARK [1][-]{section.5.85}{\376\377\0005\000.\0008\0005\000\040\000P\000r\000i\000n\000t\000V\000r\000m\000s\000.\000c}{chapter.5}% 471
\BOOKMARK [1][-]{section.5.86}{\376\377\0005\000.\0008\0006\000\040\000s\000o\000u\000r\000c\000e\000/\000R\000e\000a\000d\000R\000e\000s\000t\000a\000r\000t\000B\000i\000n\000a\000r\000y\000.\000c\000\040\000F\000i\000l\000e\000\040\000R\000e\000f\000e\000r\000e\000n\000c\000e}{chapter.5}% 472
\BOOKMARK [2][-]{subsection.5.86.1}{\376\377\0005\000.\0008\0006\000.\0001\000\040\000F\000u\000n\000c\000t\000i\000o\000n\000\040\000D\000o\000c\000u\000m\000e\000n\000t\000a\000t\000i\000o\000n}{section.5.86}% 473
\BOOKMARK [3][-]{subsubsection.5.86.1.1}{\376\377\0005\000.\0008\0006\000.\0001\000.\0001\000\040\000R\000e\000a\000d\000B\000i\000n\000a\000r\000y\000R\000e\000s\000t\000a\000r\000t\000\050\000\051}{subsection.5.86.1}% 474
\BOOKMARK [1][-]{section.5.87}{\376\377\0005\000.\0008\0007\000\040\000R\000e\000a\000d\000R\000e\000s\000t\000a\000r\000t\000B\000i\000n\000a\000r\000y\000.\000c}{chapter.5}% 475
\BOOKMARK [1][-]{section.5.88}{\376\377\0005\000.\0008\0008\000\040\000s\000o\000u\000r\000c\000e\000/\000S\000e\000t\000u\000p\000J\000o\000b\000.\000c\000\040\000F\000i\000l\000e\000\040\000R\000e\000f\000e\000r\000e\000n\000c\000e}{chapter.5}% 476
\BOOKMARK [2][-]{subsection.5.88.1}{\376\377\0005\000.\0008\0008\000.\0001\000\040\000F\000u\000n\000c\000t\000i\000o\000n\000\040\000D\000o\000c\000u\000m\000e\000n\000t\000a\000t\000i\000o\000n}{section.5.88}% 477
\BOOKMARK [3][-]{subsubsection.5.88.1.1}{\376\377\0005\000.\0008\0008\000.\0001\000.\0001\000\040\000A\000c\000c\000u\000m\000P\000r\000o\000p\000s\000\050\000\051}{subsection.5.88.1}% 478
\BOOKMARK [3][-]{subsubsection.5.88.1.2}{\376\377\0005\000.\0008\0008\000.\0001\000.\0002\000\040\000A\000l\000l\000o\000c\000A\000r\000r\000a\000y\000s\000\050\000\051}{subsection.5.88.1}% 479
\BOOKMARK [3][-]{subsubsection.5.88.1.3}{\376\377\0005\000.\0008\0008\000.\0001\000.\0003\000\040\000I\000n\000i\000t\000V\000a\000c\000f\000\050\000\051}{subsection.5.88.1}% 480
\BOOKMARK [3][-]{subsubsection.5.88.1.4}{\376\377\0005\000.\0008\0008\000.\0001\000.\0004\000\040\000S\000e\000t\000u\000p\000J\000o\000b\000\050\000\051}{subsection.5.88.1}% 481
\BOOKMARK [1][-]{section.5.89}{\376\377\0005\000.\0008\0009\000\040\000S\000e\000t\000u\000p\000J\000o\000b\000.\000c}{chapter.5}% 482
\BOOKMARK [1][-]{section.5.90}{\376\377\0005\000.\0009\0000\000\040\000s\000o\000u\000r\000c\000e\000/\000T\000r\000a\000j\000e\000c\000t\000o\000r\000y\000.\000c\000\040\000F\000i\000l\000e\000\040\000R\000e\000f\000e\000r\000e\000n\000c\000e}{chapter.5}% 483
\BOOKMARK [2][-]{subsection.5.90.1}{\376\377\0005\000.\0009\0000\000.\0001\000\040\000F\000u\000n\000c\000t\000i\000o\000n\000\040\000D\000o\000c\000u\000m\000e\000n\000t\000a\000t\000i\000o\000n}{section.5.90}% 484
\BOOKMARK [3][-]{subsubsection.5.90.1.1}{\376\377\0005\000.\0009\0000\000.\0001\000.\0001\000\040\000T\000r\000a\000j\000e\000c\000t\000o\000r\000y\000\050\000\051}{subsection.5.90.1}% 485
\BOOKMARK [1][-]{section.5.91}{\376\377\0005\000.\0009\0001\000\040\000T\000r\000a\000j\000e\000c\000t\000o\000r\000y\000.\000c}{chapter.5}% 486
\BOOKMARK [1][-]{section.5.92}{\376\377\0005\000.\0009\0002\000\040\000s\000o\000u\000r\000c\000e\000/\000V\000e\000l\000o\000c\000i\000t\000y\000V\000e\000r\000l\000e\000t\000S\000t\000e\000p\000.\000c\000\040\000F\000i\000l\000e\000\040\000R\000e\000f\000e\000r\000e\000n\000c\000e}{chapter.5}% 487
\BOOKMARK [2][-]{subsection.5.92.1}{\376\377\0005\000.\0009\0002\000.\0001\000\040\000F\000u\000n\000c\000t\000i\000o\000n\000\040\000D\000o\000c\000u\000m\000e\000n\000t\000a\000t\000i\000o\000n}{section.5.92}% 488
\BOOKMARK [3][-]{subsubsection.5.92.1.1}{\376\377\0005\000.\0009\0002\000.\0001\000.\0001\000\040\000V\000e\000l\000o\000c\000i\000t\000y\000V\000e\000r\000l\000e\000t\000S\000t\000e\000p\000\050\000\051}{subsection.5.92.1}% 489
\BOOKMARK [1][-]{section.5.93}{\376\377\0005\000.\0009\0003\000\040\000V\000e\000l\000o\000c\000i\000t\000y\000V\000e\000r\000l\000e\000t\000S\000t\000e\000p\000.\000c}{chapter.5}% 490
\BOOKMARK [1][-]{section.5.94}{\376\377\0005\000.\0009\0004\000\040\000s\000o\000u\000r\000c\000e\000/\000W\000r\000i\000t\000e\000R\000e\000s\000t\000a\000r\000t\000B\000i\000n\000a\000r\000y\000.\000c\000\040\000F\000i\000l\000e\000\040\000R\000e\000f\000e\000r\000e\000n\000c\000e}{chapter.5}% 491
\BOOKMARK [2][-]{subsection.5.94.1}{\376\377\0005\000.\0009\0004\000.\0001\000\040\000F\000u\000n\000c\000t\000i\000o\000n\000\040\000D\000o\000c\000u\000m\000e\000n\000t\000a\000t\000i\000o\000n}{section.5.94}% 492
\BOOKMARK [3][-]{subsubsection.5.94.1.1}{\376\377\0005\000.\0009\0004\000.\0001\000.\0001\000\040\000W\000r\000i\000t\000e\000B\000i\000n\000a\000r\000y\000R\000e\000s\000t\000a\000r\000t\000\050\000\051}{subsection.5.94.1}% 493
\BOOKMARK [1][-]{section.5.95}{\376\377\0005\000.\0009\0005\000\040\000W\000r\000i\000t\000e\000R\000e\000s\000t\000a\000r\000t\000B\000i\000n\000a\000r\000y\000.\000c}{chapter.5}% 494
\BOOKMARK [1][-]{section.5.96}{\376\377\0005\000.\0009\0006\000\040\000s\000o\000u\000r\000c\000e\000/\000Z\000e\000r\000o\000V\000a\000c\000f\000.\000c\000\040\000F\000i\000l\000e\000\040\000R\000e\000f\000e\000r\000e\000n\000c\000e}{chapter.5}% 495
\BOOKMARK [2][-]{subsection.5.96.1}{\376\377\0005\000.\0009\0006\000.\0001\000\040\000F\000u\000n\000c\000t\000i\000o\000n\000\040\000D\000o\000c\000u\000m\000e\000n\000t\000a\000t\000i\000o\000n}{section.5.96}% 496
\BOOKMARK [3][-]{subsubsection.5.96.1.1}{\376\377\0005\000.\0009\0006\000.\0001\000.\0001\000\040\000Z\000e\000r\000o\000V\000a\000c\000f\000\050\000\051}{subsection.5.96.1}% 497
\BOOKMARK [1][-]{section.5.97}{\376\377\0005\000.\0009\0007\000\040\000Z\000e\000r\000o\000V\000a\000c\000f\000.\000c}{chapter.5}% 498
\BOOKMARK [0][-]{section*.181}{\376\377\000I\000n\000d\000e\000x}{}% 499
