This is pdfTeX, Version 3.141592653-2.6-1.40.25 (TeX Live 2023/Fedora 40) (preloaded format=pdflatex 2025.3.10)  17 MAY 2025 23:17
entering extended mode
 restricted \write18 enabled.
 %&-line parsing enabled.
**refman
(./refman.tex
LaTeX2e <2022-11-01> patch level 1
L3 programming layer <2023-02-22>
(/usr/share/texlive/texmf-dist/tex/latex/base/book.cls
Document Class: book 2022/07/02 v1.4n Standard LaTeX document class
(/usr/share/texlive/texmf-dist/tex/latex/base/bk10.clo
File: bk10.clo 2022/07/02 v1.4n Standard LaTeX file (size option)
)
\c@part=\count185
\c@chapter=\count186
\c@section=\count187
\c@subsection=\count188
\c@subsubsection=\count189
\c@paragraph=\count190
\c@subparagraph=\count191
\c@figure=\count192
\c@table=\count193
\abovecaptionskip=\skip48
\belowcaptionskip=\skip49
\bibindent=\dimen140
)
(/usr/share/texlive/texmf-dist/tex/latex/base/ifthen.sty
Package: ifthen 2022/04/13 v1.1d Standard LaTeX ifthen package (DPC)
)
(/usr/share/texlive/texmf-dist/tex/latex/tools/array.sty
Rollback for package 'array' requested -> date 2016-10-06.
         Best approximation is the release introduced on 2016-10-06.

(/usr/share/texlive/texmf-dist/tex/latex/tools/array-2016-10-06.sty
Package: array 2016/10/06 v2.4d Tabular extension package (FMi)
\col@sep=\dimen141
\extrarowheight=\dimen142
\NC@list=\toks16
\extratabsurround=\skip50
\backup@length=\skip51
))
(/usr/share/texlive/texmf-dist/tex/generic/infwarerr/infwarerr.sty
package info suppressed
)
(./doxygen.sty
Package: doxygen 
 (/usr/share/texlive/texmf-dist/tex/latex/base/alltt.sty
Package: alltt 2021/01/29 v2.0g defines alltt environment
)
(/usr/share/texlive/texmf-dist/tex/latex/tools/calc.sty
Package: calc 2017/05/25 v4.3 Infix arithmetic (KKT,FJ)
\calc@Acount=\count194
\calc@Bcount=\count195
\calc@Adimen=\dimen143
\calc@Bdimen=\dimen144
\calc@Askip=\skip52
\calc@Bskip=\skip53
LaTeX Info: Redefining \setlength on input line 80.
LaTeX Info: Redefining \addtolength on input line 81.
\calc@Ccount=\count196
\calc@Cskip=\skip54
)
(/usr/share/texlive/texmf-dist/tex/latex/float/float.sty
Package: float 2001/11/08 v1.3d Float enhancements (AL)
\c@float@type=\count197
\float@exts=\toks17
\float@box=\box51
\@float@everytoks=\toks18
\@floatcapt=\box52
)
(/usr/share/texlive/texmf-dist/tex/latex/tools/verbatim.sty
Package: verbatim 2022-07-02 v1.5u LaTeX2e package for verbatim enhancements
\every@verbatim=\toks19
\verbatim@line=\toks20
\verbatim@in@stream=\read2
)
(/usr/share/texlive/texmf-dist/tex/latex/xcolor/xcolor.sty
Package: xcolor 2022/06/12 v2.14 LaTeX color extensions (UK)

(/usr/share/texlive/texmf-dist/tex/latex/graphics-cfg/color.cfg
File: color.cfg 2016/01/02 v1.6 sample color configuration
)
Package xcolor Info: Driver file: pdftex.def on input line 227.

(/usr/share/texlive/texmf-dist/tex/latex/graphics-def/pdftex.def
File: pdftex.def 2022/09/22 v1.2b Graphics/color driver for pdftex
)
(/usr/share/texlive/texmf-dist/tex/latex/colortbl/colortbl.sty
Package: colortbl 2022/06/20 v1.0f Color table columns (DPC)
\everycr=\toks21
\minrowclearance=\skip55
\rownum=\count198
)
(/usr/share/texlive/texmf-dist/tex/latex/graphics/mathcolor.ltx)
Package xcolor Info: Model `cmy' substituted by `cmy0' on input line 1353.
Package xcolor Info: Model `hsb' substituted by `rgb' on input line 1357.
Package xcolor Info: Model `RGB' extended on input line 1369.
Package xcolor Info: Model `HTML' substituted by `rgb' on input line 1371.
Package xcolor Info: Model `Hsb' substituted by `hsb' on input line 1372.
Package xcolor Info: Model `tHsb' substituted by `hsb' on input line 1373.
Package xcolor Info: Model `HSB' substituted by `hsb' on input line 1374.
Package xcolor Info: Model `Gray' substituted by `gray' on input line 1375.
Package xcolor Info: Model `wave' substituted by `hsb' on input line 1376.
)
(./longtable_doxygen.sty
Package: longtable_doxygen 2014/10/28 v4.11 Multi-page Table package (DPC) - fr
ozen version for doxygen
\LTleft=\skip56
\LTright=\skip57
\LTpre=\skip58
\LTpost=\skip59
\LTchunksize=\count199
\LTcapwidth=\dimen145
\LT@head=\box53
\LT@firsthead=\box54
\LT@foot=\box55
\LT@lastfoot=\box56
\LT@cols=\count266
\LT@rows=\count267
\c@LT@tables=\count268
\c@LT@chunks=\count269
\LT@p@ftn=\toks22
) (./tabu_doxygen.sty
Package: tabu_doxygen 2011/02/26 v2.8 - flexible LaTeX tabulars (FC), frozen ve
rsion for doxygen

(/usr/share/texlive/texmf-dist/tex/latex/varwidth/varwidth.sty
Package: varwidth 2009/03/30 ver 0.92;  Variable-width minipages
\@vwid@box=\box57
\sift@deathcycles=\count270
\@vwid@loff=\dimen146
\@vwid@roff=\dimen147
)
\c@taburow=\count271
\tabu@nbcols=\count272
\tabu@cnt=\count273
\tabu@Xcol=\count274
\tabu@alloc=\count275
\tabu@nested=\count276
\tabu@target=\dimen148
\tabu@spreadtarget=\dimen149
\tabu@naturalX=\dimen150
\tabucolX=\dimen151
\tabu@Xsum=\dimen152
\extrarowdepth=\dimen153
\abovetabulinesep=\dimen154
\belowtabulinesep=\dimen155
\tabustrutrule=\dimen156
\tabu@thebody=\toks23
\tabu@footnotes=\toks24
\tabu@box=\box58
\tabu@arstrutbox=\box59
\tabu@hleads=\box60
\tabu@vleads=\box61
\tabu@cellskip=\skip60
)
(/usr/share/texlive/texmf-dist/tex/latex/fancyvrb/fancyvrb.sty
Package: fancyvrb 2023/01/19 4.5a verbatim text (tvz,hv)

(/usr/share/texlive/texmf-dist/tex/latex/graphics/keyval.sty
Package: keyval 2022/05/29 v1.15 key=value parser (DPC)
\KV@toks@=\toks25
)
\FV@CodeLineNo=\count277
\FV@InFile=\read3
\FV@TabBox=\box62
\c@FancyVerbLine=\count278
\FV@StepNumber=\count279
\FV@OutFile=\write3
)
(/usr/share/texlive/texmf-dist/tex/latex/tools/tabularx.sty
Package: tabularx 2020/01/15 v2.11c `tabularx' package (DPC)
\TX@col@width=\dimen157
\TX@old@table=\dimen158
\TX@old@col=\dimen159
\TX@target=\dimen160
\TX@delta=\dimen161
\TX@cols=\count280
\TX@ftn=\toks26
)
(/usr/share/texlive/texmf-dist/tex/latex/tools/multicol.sty
Package: multicol 2021/11/30 v1.9d multicolumn formatting (FMi)
\c@tracingmulticols=\count281
\mult@box=\box63
\multicol@leftmargin=\dimen162
\c@unbalance=\count282
\c@collectmore=\count283
\doublecol@number=\count284
\multicoltolerance=\count285
\multicolpretolerance=\count286
\full@width=\dimen163
\page@free=\dimen164
\premulticols=\dimen165
\postmulticols=\dimen166
\multicolsep=\skip61
\multicolbaselineskip=\skip62
\partial@page=\box64
\last@line=\box65
\maxbalancingoverflow=\dimen167
\mult@rightbox=\box66
\mult@grightbox=\box67
\mult@firstbox=\box68
\mult@gfirstbox=\box69
\@tempa=\box70
\@tempa=\box71
\@tempa=\box72
\@tempa=\box73
\@tempa=\box74
\@tempa=\box75
\@tempa=\box76
\@tempa=\box77
\@tempa=\box78
\@tempa=\box79
\@tempa=\box80
\@tempa=\box81
\@tempa=\box82
\@tempa=\box83
\@tempa=\box84
\@tempa=\box85
\@tempa=\box86
\@tempa=\box87
\@tempa=\box88
\@tempa=\box89
\@tempa=\box90
\@tempa=\box91
\@tempa=\box92
\@tempa=\box93
\@tempa=\box94
\@tempa=\box95
\@tempa=\box96
\@tempa=\box97
\@tempa=\box98
\@tempa=\box99
\@tempa=\box100
\@tempa=\box101
\@tempa=\box102
\@tempa=\box103
\@tempa=\box104
\@tempa=\box105
\c@minrows=\count287
\c@columnbadness=\count288
\c@finalcolumnbadness=\count289
\last@try=\dimen168
\multicolovershoot=\dimen169
\multicolundershoot=\dimen170
\mult@nat@firstbox=\box106
\colbreak@box=\box107
\mc@col@check@num=\count290
)
(/usr/share/texlive/texmf-dist/tex/latex/multirow/multirow.sty
Package: multirow 2021/03/15 v2.8 Span multiple rows of a table
\multirow@colwidth=\skip63
\multirow@cntb=\count291
\multirow@dima=\skip64
\bigstrutjot=\dimen171
)
(/usr/share/texlive/texmf-dist/tex/latex/hanging/hanging.sty
Package: hanging 2009/09/02 v1.2b hanging paragraphs and punctuation
\h@ngcommawd=\skip65
\h@ngfstopwd=\skip66
\h@ngquotewd=\skip67
\h@ngdquotewd=\skip68
\h@ngquerywd=\skip69
\h@ngexclwd=\skip70
\h@ngcolonwd=\skip71
\h@ngscolonwd=\skip72
)
(/usr/share/texlive/texmf-dist/tex/generic/iftex/ifpdf.sty
Package: ifpdf 2019/10/25 v3.4 ifpdf legacy package. Use iftex instead.

(/usr/share/texlive/texmf-dist/tex/generic/iftex/iftex.sty
Package: iftex 2022/02/03 v1.0f TeX engine tests
))
(/usr/share/texlive/texmf-dist/tex/latex/adjustbox/adjustbox.sty
Package: adjustbox 2022/10/17 v1.3a Adjusting TeX boxes (trim, clip, ...)

(/usr/share/texlive/texmf-dist/tex/latex/xkeyval/xkeyval.sty
Package: xkeyval 2022/06/16 v2.9 package option processing (HA)

(/usr/share/texlive/texmf-dist/tex/generic/xkeyval/xkeyval.tex
(/usr/share/texlive/texmf-dist/tex/generic/xkeyval/xkvutils.tex
\XKV@toks=\toks27
\XKV@tempa@toks=\toks28
)
\XKV@depth=\count292
File: xkeyval.tex 2014/12/03 v2.7a key=value parser (HA)
))
(/usr/share/texlive/texmf-dist/tex/latex/adjustbox/adjcalc.sty
Package: adjcalc 2012/05/16 v1.1 Provides advanced setlength with multiple back
-ends (calc, etex, pgfmath)
)
(/usr/share/texlive/texmf-dist/tex/latex/adjustbox/trimclip.sty
Package: trimclip 2020/08/19 v1.2 Trim and clip general TeX material

(/usr/share/texlive/texmf-dist/tex/latex/graphics/graphicx.sty
Package: graphicx 2021/09/16 v1.2d Enhanced LaTeX Graphics (DPC,SPQR)

(/usr/share/texlive/texmf-dist/tex/latex/graphics/graphics.sty
Package: graphics 2022/03/10 v1.4e Standard LaTeX Graphics (DPC,SPQR)

(/usr/share/texlive/texmf-dist/tex/latex/graphics/trig.sty
Package: trig 2021/08/11 v1.11 sin cos tan (DPC)
)
(/usr/share/texlive/texmf-dist/tex/latex/graphics-cfg/graphics.cfg
File: graphics.cfg 2016/06/04 v1.11 sample graphics configuration
)
Package graphics Info: Driver file: pdftex.def on input line 107.
)
\Gin@req@height=\dimen172
\Gin@req@width=\dimen173
)
(/usr/share/texlive/texmf-dist/tex/latex/collectbox/collectbox.sty
Package: collectbox 2022/10/17 v0.4c Collect macro arguments as boxes
\collectedbox=\box108
)
\tc@llx=\dimen174
\tc@lly=\dimen175
\tc@urx=\dimen176
\tc@ury=\dimen177
Package trimclip Info: Using driver 'tc-pdftex.def'.

(/usr/share/texlive/texmf-dist/tex/latex/adjustbox/tc-pdftex.def
File: tc-pdftex.def 2019/01/04 v2.2 Clipping driver for pdftex
))
\adjbox@Width=\dimen178
\adjbox@Height=\dimen179
\adjbox@Depth=\dimen180
\adjbox@Totalheight=\dimen181
\adjbox@pwidth=\dimen182
\adjbox@pheight=\dimen183
\adjbox@pdepth=\dimen184
\adjbox@ptotalheight=\dimen185

(/usr/share/texlive/texmf-dist/tex/latex/ifoddpage/ifoddpage.sty
Package: ifoddpage 2022/10/18 v1.2 Conditionals for odd/even page detection
\c@checkoddpage=\count293
))
(/usr/share/texlive/texmf-dist/tex/latex/amsfonts/amssymb.sty
Package: amssymb 2013/01/14 v3.01 AMS font symbols

(/usr/share/texlive/texmf-dist/tex/latex/amsfonts/amsfonts.sty
Package: amsfonts 2013/01/14 v3.01 Basic AMSFonts support
\@emptytoks=\toks29
\symAMSa=\mathgroup4
\symAMSb=\mathgroup5
LaTeX Font Info:    Redeclaring math symbol \hbar on input line 98.
LaTeX Font Info:    Overwriting math alphabet `\mathfrak' in version `bold'
(Font)                  U/euf/m/n --> U/euf/b/n on input line 106.
))
(/usr/share/texlive/texmf-dist/tex/latex/stackengine/stackengine.sty
Package: stackengine 2021/07/22 v4.11\ Stacking text and objects in convenient 
ways

(/usr/share/texlive/texmf-dist/tex/latex/etoolbox/etoolbox.sty
Package: etoolbox 2020/10/05 v2.5k e-TeX tools for LaTeX (JAW)
\etb@tempcnta=\count294
)
(/usr/share/texlive/texmf-dist/tex/generic/listofitems/listofitems.sty
(/usr/share/texlive/texmf-dist/tex/generic/listofitems/listofitems.tex
\loi_cnt_foreach_nest=\count295
\loi_nestcnt=\count296
)
Package: listofitems 2019/08/21 v1.63 Grab items in lists using user-specified 
sep char (CT)
)
\c@@stackindex=\count297
\@boxshift=\skip73
\stack@tmplength=\skip74
\temp@stkl=\skip75
\@stackedboxwidth=\skip76
\@addedbox=\box109
\@anchorbox=\box110
\@insetbox=\box111
\se@backgroundbox=\box112
\stackedbox=\box113
\@centerbox=\box114
\c@ROWcellindex@=\count298
)
(/usr/share/texlive/texmf-dist/tex/latex/enumitem/enumitem.sty
Package: enumitem 2019/06/20 v3.9 Customized lists
\labelindent=\skip77
\enit@outerparindent=\dimen186
\enit@toks=\toks30
\enit@inbox=\box115
\enit@count@id=\count299
\enitdp@description=\count300
)
(/usr/share/texlive/texmf-dist/tex/generic/alphalph/alphalph.sty
Package: alphalph 2019/12/09 v2.6 Convert numbers to letters (HO)

(/usr/share/texlive/texmf-dist/tex/generic/intcalc/intcalc.sty
Package: intcalc 2019/12/15 v1.3 Expandable calculations with integers (HO)
))
(/usr/share/texlive/texmf-dist/tex/generic/ulem/ulem.sty
\UL@box=\box116
\UL@hyphenbox=\box117
\UL@skip=\skip78
\UL@hook=\toks31
\UL@height=\dimen187
\UL@pe=\count301
\UL@pixel=\dimen188
\ULC@box=\box118
Package: ulem 2019/11/18
\ULdepth=\dimen189
)
\xrefbox=\box119
\xreflength=\skip79
\CodeWidthChar=\skip80
\CodeHeightChar=\skip81
\DoxyCodeWidth=\skip82
\c@DoxyEnumeratei=\count302
\c@DoxyEnumerateii=\count303
\c@DoxyEnumerateiii=\count304
\c@DoxyEnumerateiv=\count305
\c@DoxyEnumeratev=\count306
\c@DoxyEnumeratevi=\count307
\c@DoxyEnumeratevii=\count308
\c@DoxyEnumerateviii=\count309
\c@DoxyEnumerateix=\count310
\c@DoxyEnumeratex=\count311
\c@DoxyEnumeratexi=\count312
\c@DoxyEnumeratexii=\count313
\enitdp@DoxyEnumerate=\count314
\enitdp@DoxyItemize=\count315
\c@subsubsubsection=\count316
\c@subsubsubsubsection=\count317
\c@subsubsubsubsubsection=\count318
\c@subsubsubsubsubsubsection=\count319
)
(/usr/share/texlive/texmf-dist/tex/latex/base/inputenc.sty
Package: inputenc 2021/02/14 v1.3d Input encoding file
\inpenc@prehook=\toks32
\inpenc@posthook=\toks33
)
(/usr/share/texlive/texmf-dist/tex/latex/base/makeidx.sty
Package: makeidx 2021/10/04 v1.0m Standard LaTeX package
)
(/usr/share/texlive/texmf-dist/tex/latex/base/textcomp.sty
Package: textcomp 2020/02/02 v2.0n Standard LaTeX package
)
(/usr/share/texlive/texmf-dist/tex/latex/wasysym/wasysym.sty
Package: wasysym 2020/01/19 v2.4 Wasy-2 symbol support package
\symwasy=\mathgroup6
LaTeX Font Info:    Overwriting symbol font `wasy' in version `bold'
(Font)                  U/wasy/m/n --> U/wasy/b/n on input line 93.
)
(/usr/share/texlive/texmf-dist/tex/generic/iftex/ifxetex.sty
Package: ifxetex 2019/10/25 v0.7 ifxetex legacy package. Use iftex instead.
)
(/usr/share/texlive/texmf-dist/tex/latex/base/fontenc.sty
Package: fontenc 2021/04/29 v2.0v Standard LaTeX package
)
(/usr/share/texlive/texmf-dist/tex/latex/psnfss/helvet.sty
Package: helvet 2020/03/25 PSNFSS-v9.3 (WaS) 
)
(/usr/share/texlive/texmf-dist/tex/latex/psnfss/courier.sty
Package: courier 2020/03/25 PSNFSS-v9.3 (WaS) 
)
(/usr/share/texlive/texmf-dist/tex/latex/geometry/geometry.sty
Package: geometry 2020/01/02 v5.9 Page Geometry

(/usr/share/texlive/texmf-dist/tex/generic/iftex/ifvtex.sty
Package: ifvtex 2019/10/25 v1.7 ifvtex legacy package. Use iftex instead.
)
\Gm@cnth=\count320
\Gm@cntv=\count321
\c@Gm@tempcnt=\count322
\Gm@bindingoffset=\dimen190
\Gm@wd@mp=\dimen191
\Gm@odd@mp=\dimen192
\Gm@even@mp=\dimen193
\Gm@layoutwidth=\dimen194
\Gm@layoutheight=\dimen195
\Gm@layouthoffset=\dimen196
\Gm@layoutvoffset=\dimen197
\Gm@dimlist=\toks34
)
(/usr/share/texlive/texmf-dist/tex/latex/changepage/changepage.sty
Package: changepage 2009/10/20 v1.0c check page and change page layout
\c@cp@cntr=\count323
\cp@tempcnt=\count324
LaTeX Info: Redefining \checkoddpage on input line 59.
)
(/usr/share/texlive/texmf-dist/tex/latex/fancyhdr/fancyhdr.sty
Package: fancyhdr 2022/11/09 v4.1 Extensive control of page headers and footers

\f@nch@headwidth=\skip83
\f@nch@O@elh=\skip84
\f@nch@O@erh=\skip85
\f@nch@O@olh=\skip86
\f@nch@O@orh=\skip87
\f@nch@O@elf=\skip88
\f@nch@O@erf=\skip89
\f@nch@O@olf=\skip90
\f@nch@O@orf=\skip91
)
(/usr/share/texlive/texmf-dist/tex/latex/natbib/natbib.sty
Package: natbib 2010/09/13 8.31b (PWD, AO)
\bibhang=\skip92
\bibsep=\skip93
LaTeX Info: Redefining \cite on input line 694.
\c@NAT@ctr=\count325
)
(/usr/share/texlive/texmf-dist/tex/latex/tocloft/tocloft.sty
Package: tocloft 2017/08/31 v2.3i parameterised ToC, etc., typesetting
Package tocloft Info: The document has chapter divisions on input line 51.
\cftparskip=\skip94
\cftbeforetoctitleskip=\skip95
\cftaftertoctitleskip=\skip96
\cftbeforepartskip=\skip97
\cftpartnumwidth=\skip98
\cftpartindent=\skip99
\cftbeforechapskip=\skip100
\cftchapindent=\skip101
\cftchapnumwidth=\skip102
\cftbeforesecskip=\skip103
\cftsecindent=\skip104
\cftsecnumwidth=\skip105
\cftbeforesubsecskip=\skip106
\cftsubsecindent=\skip107
\cftsubsecnumwidth=\skip108
\cftbeforesubsubsecskip=\skip109
\cftsubsubsecindent=\skip110
\cftsubsubsecnumwidth=\skip111
\cftbeforeparaskip=\skip112
\cftparaindent=\skip113
\cftparanumwidth=\skip114
\cftbeforesubparaskip=\skip115
\cftsubparaindent=\skip116
\cftsubparanumwidth=\skip117
\cftbeforeloftitleskip=\skip118
\cftafterloftitleskip=\skip119
\cftbeforefigskip=\skip120
\cftfigindent=\skip121
\cftfignumwidth=\skip122
\c@lofdepth=\count326
\c@lotdepth=\count327
\cftbeforelottitleskip=\skip123
\cftafterlottitleskip=\skip124
\cftbeforetabskip=\skip125
\cfttabindent=\skip126
\cfttabnumwidth=\skip127
)
\@indexfile=\write4
\openout4 = `refman.idx'.


Writing index file refman.idx
(/usr/share/texlive/texmf-dist/tex/latex/newunicodechar/newunicodechar.sty
Package: newunicodechar 2018/04/08 v1.2 Defining Unicode characters
)
(/usr/share/texlive/texmf-dist/tex/latex/hyperref/hyperref.sty
Package: hyperref 2023-02-07 v7.00v Hypertext links for LaTeX

(/usr/share/texlive/texmf-dist/tex/generic/ltxcmds/ltxcmds.sty
Package: ltxcmds 2020-05-10 v1.25 LaTeX kernel commands for general use (HO)
)
(/usr/share/texlive/texmf-dist/tex/generic/pdftexcmds/pdftexcmds.sty
Package: pdftexcmds 2020-06-27 v0.33 Utility functions of pdfTeX for LuaTeX (HO
)
Package pdftexcmds Info: \pdf@primitive is available.
Package pdftexcmds Info: \pdf@ifprimitive is available.
Package pdftexcmds Info: \pdfdraftmode found.
)
(/usr/share/texlive/texmf-dist/tex/latex/kvsetkeys/kvsetkeys.sty
Package: kvsetkeys 2022-10-05 v1.19 Key value parser (HO)
)
(/usr/share/texlive/texmf-dist/tex/generic/kvdefinekeys/kvdefinekeys.sty
Package: kvdefinekeys 2019-12-19 v1.6 Define keys (HO)
)
(/usr/share/texlive/texmf-dist/tex/generic/pdfescape/pdfescape.sty
Package: pdfescape 2019/12/09 v1.15 Implements pdfTeX's escape features (HO)
)
(/usr/share/texlive/texmf-dist/tex/latex/hycolor/hycolor.sty
Package: hycolor 2020-01-27 v1.10 Color options for hyperref/bookmark (HO)
)
(/usr/share/texlive/texmf-dist/tex/latex/letltxmacro/letltxmacro.sty
Package: letltxmacro 2019/12/03 v1.6 Let assignment for LaTeX macros (HO)
)
(/usr/share/texlive/texmf-dist/tex/latex/auxhook/auxhook.sty
Package: auxhook 2019-12-17 v1.6 Hooks for auxiliary files (HO)
)
(/usr/share/texlive/texmf-dist/tex/latex/hyperref/nameref.sty
Package: nameref 2022-05-17 v2.50 Cross-referencing by name of section

(/usr/share/texlive/texmf-dist/tex/latex/refcount/refcount.sty
Package: refcount 2019/12/15 v3.6 Data extraction from label references (HO)
)
(/usr/share/texlive/texmf-dist/tex/generic/gettitlestring/gettitlestring.sty
Package: gettitlestring 2019/12/15 v1.6 Cleanup title references (HO)

(/usr/share/texlive/texmf-dist/tex/latex/kvoptions/kvoptions.sty
Package: kvoptions 2022-06-15 v3.15 Key value format for package options (HO)
))
\c@section@level=\count328
)
\@linkdim=\dimen198
\Hy@linkcounter=\count329
\Hy@pagecounter=\count330

(/usr/share/texlive/texmf-dist/tex/latex/hyperref/pd1enc.def
File: pd1enc.def 2023-02-07 v7.00v Hyperref: PDFDocEncoding definition (HO)
Now handling font encoding PD1 ...
... no UTF-8 mapping file for font encoding PD1
)
(/usr/share/texlive/texmf-dist/tex/generic/etexcmds/etexcmds.sty
Package: etexcmds 2019/12/15 v1.7 Avoid name clashes with e-TeX commands (HO)
)
\Hy@SavedSpaceFactor=\count331

(/usr/share/texlive/texmf-dist/tex/latex/hyperref/puenc.def
File: puenc.def 2023-02-07 v7.00v Hyperref: PDF Unicode definition (HO)
Now handling font encoding PU ...
... no UTF-8 mapping file for font encoding PU
)
Package hyperref Info: Hyper figures OFF on input line 4177.
Package hyperref Info: Link nesting OFF on input line 4182.
Package hyperref Info: Hyper index ON on input line 4185.
Package hyperref Info: Plain pages OFF on input line 4192.
Package hyperref Info: Backreferencing ON on input line 4195.
Package hyperref Info: Implicit mode ON; LaTeX internals redefined.
Package hyperref Info: Bookmarks ON on input line 4425.

(/usr/share/texlive/texmf-dist/tex/latex/hyperref/backref.sty
Package: backref 2021/02/04 v1.41 Bibliographical back referencing

(/usr/share/texlive/texmf-dist/tex/latex/rerunfilecheck/rerunfilecheck.sty
Package: rerunfilecheck 2022-07-10 v1.10 Rerun checks for auxiliary files (HO)

(/usr/share/texlive/texmf-dist/tex/latex/base/atveryend-ltx.sty
Package: atveryend-ltx 2020/08/19 v1.0a Emulation of the original atveryend pac
kage
with kernel methods
)
(/usr/share/texlive/texmf-dist/tex/generic/uniquecounter/uniquecounter.sty
Package: uniquecounter 2019/12/15 v1.4 Provide unlimited unique counter (HO)

(/usr/share/texlive/texmf-dist/tex/generic/bigintcalc/bigintcalc.sty
Package: bigintcalc 2019/12/15 v1.5 Expandable calculations on big integers (HO
)
))
Package uniquecounter Info: New unique counter `rerunfilecheck' on input line 2
85.
))
\c@Hy@tempcnt=\count332

(/usr/share/texlive/texmf-dist/tex/latex/url/url.sty
\Urlmuskip=\muskip16
Package: url 2013/09/16  ver 3.4  Verb mode for urls, etc.
)
LaTeX Info: Redefining \url on input line 4763.
\XeTeXLinkMargin=\dimen199

(/usr/share/texlive/texmf-dist/tex/generic/bitset/bitset.sty
Package: bitset 2019/12/09 v1.3 Handle bit-vector datatype (HO)
)
\Fld@menulength=\count333
\Field@Width=\dimen256
\Fld@charsize=\dimen257
Package hyperref Info: Hyper figures OFF on input line 6042.
Package hyperref Info: Link nesting OFF on input line 6047.
Package hyperref Info: Hyper index ON on input line 6050.
Package hyperref Info: backreferencing ON on input line 6055.
Package hyperref Info: Link coloring OFF on input line 6062.
Package hyperref Info: Link coloring with OCG OFF on input line 6067.
Package hyperref Info: PDF/A mode OFF on input line 6072.

(/usr/share/texlive/texmf-dist/tex/latex/base/atbegshi-ltx.sty
Package: atbegshi-ltx 2021/01/10 v1.0c Emulation of the original atbegshi
package with kernel methods
)
\Hy@abspage=\count334
\c@Item=\count335
\c@Hfootnote=\count336
)
Package hyperref Info: Driver: hpdftex.

(/usr/share/texlive/texmf-dist/tex/latex/hyperref/hpdftex.def
File: hpdftex.def 2023-02-07 v7.00v Hyperref driver for pdfTeX
\Fld@listcount=\count337
\c@bookmark@seq@number=\count338
\Hy@SectionHShift=\skip128
)
Package hyperref Info: Option `colorlinks' set `true' on input line 162.
Package hyperref Info: Option `unicode' set `true' on input line 162.

(/usr/share/texlive/texmf-dist/tex/latex/caption/caption.sty
Package: caption 2023/03/12 v3.6j Customizing captions (AR)

(/usr/share/texlive/texmf-dist/tex/latex/caption/caption3.sty
Package: caption3 2023/03/12 v2.4 caption3 kernel (AR)
\caption@tempdima=\dimen258
\captionmargin=\dimen259
\caption@leftmargin=\dimen260
\caption@rightmargin=\dimen261
\caption@width=\dimen262
\caption@indent=\dimen263
\caption@parindent=\dimen264
\caption@hangindent=\dimen265
Package caption Info: Standard document class detected.
)
\c@caption@flags=\count339
\c@continuedfloat=\count340
Package caption Info: changepage package is loaded.
\caption@adjustwidth@hsize=\dimen266
\caption@adjustwidth@linewidth=\dimen267
Package caption Info: float package is loaded.
Package caption Info: hyperref package is loaded.
Package caption Info: longtable package is loaded.

(/usr/share/texlive/texmf-dist/tex/latex/caption/ltcaption.sty
Package: ltcaption 2021/01/08 v1.4c longtable captions (AR)
))
(./etoc_doxygen.sty
Package: etoc_doxygen 2023/07/01 v1.2b Completely customisable TOCs (JFB)
\Etoc@toctoks=\toks35
\c@etoc@tocid=\count341
\etoc@framed@titlebox=\box120
\etoc@framed@contentsbox=\box121
)
LaTeX Font Info:    Trying to load font information for T1+phv on input line 18
4.
 (/usr/share/texlive/texmf-dist/tex/latex/psnfss/t1phv.fd
File: t1phv.fd 2020/03/25 scalable font definitions for T1/phv.
)
LaTeX Font Info:    Font shape `T1/phv/m/n' will be
(Font)              scaled to size 8.99994pt on input line 184.

(/usr/share/texlive/texmf-dist/tex/latex/l3backend/l3backend-pdftex.def
File: l3backend-pdftex.def 2023-01-16 L3 backend support: PDF output (pdfTeX)
\l__color_backend_stack_int=\count342
\l__pdf_internal_box=\box122
)
(./refman.aux)
\openout1 = `refman.aux'.

LaTeX Font Info:    Checking defaults for OML/cmm/m/it on input line 184.
LaTeX Font Info:    ... okay on input line 184.
LaTeX Font Info:    Checking defaults for OMS/cmsy/m/n on input line 184.
LaTeX Font Info:    ... okay on input line 184.
LaTeX Font Info:    Checking defaults for OT1/cmr/m/n on input line 184.
LaTeX Font Info:    ... okay on input line 184.
LaTeX Font Info:    Checking defaults for T1/cmr/m/n on input line 184.
LaTeX Font Info:    ... okay on input line 184.
LaTeX Font Info:    Checking defaults for TS1/cmr/m/n on input line 184.
LaTeX Font Info:    ... okay on input line 184.
LaTeX Font Info:    Checking defaults for OMX/cmex/m/n on input line 184.
LaTeX Font Info:    ... okay on input line 184.
LaTeX Font Info:    Checking defaults for U/cmr/m/n on input line 184.
LaTeX Font Info:    ... okay on input line 184.
LaTeX Font Info:    Checking defaults for PD1/pdf/m/n on input line 184.
LaTeX Font Info:    ... okay on input line 184.
LaTeX Font Info:    Checking defaults for PU/pdf/m/n on input line 184.
LaTeX Font Info:    ... okay on input line 184.

(/usr/share/texlive/texmf-dist/tex/context/base/mkii/supp-pdf.mkii
[Loading MPS to PDF converter (version 2006.09.02).]
\scratchcounter=\count343
\scratchdimen=\dimen268
\scratchbox=\box123
\nofMPsegments=\count344
\nofMParguments=\count345
\everyMPshowfont=\toks36
\MPscratchCnt=\count346
\MPscratchDim=\dimen269
\MPnumerator=\count347
\makeMPintoPDFobject=\count348
\everyMPtoPDFconversion=\toks37
) (/usr/share/texlive/texmf-dist/tex/latex/epstopdf-pkg/epstopdf-base.sty
Package: epstopdf-base 2020-01-24 v2.11 Base part for package epstopdf
Package epstopdf-base Info: Redefining graphics rule for `.eps' on input line 4
85.

(/usr/share/texlive/texmf-dist/tex/latex/latexconfig/epstopdf-sys.cfg
File: epstopdf-sys.cfg 2010/07/13 v1.3 Configuration of (r)epstopdf for TeX Liv
e
))
*geometry* driver: auto-detecting
*geometry* detected driver: pdftex
*geometry* verbose mode - [ preamble ] result:
* driver: pdftex
* paper: a4paper
* layout: <same size as paper>
* layoutoffset:(h,v)=(0.0pt,0.0pt)
* modes: twoside 
* h-part:(L,W,R)=(71.13188pt, 455.24411pt, 71.13188pt)
* v-part:(T,H,B)=(71.13188pt, 702.78308pt, 71.13188pt)
* \paperwidth=597.50787pt
* \paperheight=845.04684pt
* \textwidth=455.24411pt
* \textheight=702.78308pt
* \oddsidemargin=-1.1381pt
* \evensidemargin=-1.1381pt
* \topmargin=-31.2056pt
* \headheight=12.0pt
* \headsep=18.06749pt
* \topskip=10.0pt
* \footskip=25.29494pt
* \marginparwidth=125.0pt
* \marginparsep=7.0pt
* \columnsep=10.0pt
* \skip\footins=9.0pt plus 4.0pt minus 2.0pt
* \hoffset=0.0pt
* \voffset=0.0pt
* \mag=1000
* \@twocolumnfalse
* \@twosidetrue
* \@mparswitchtrue
* \@reversemarginfalse
* (1in=72.27pt=25.4mm, 1cm=28.453pt)

Package backref Info: ** backref set up for natbib ** on input line 184.
Package hyperref Info: Link coloring ON on input line 184.
(./refman.out) (./refman.out)
\@outlinefile=\write5
\openout5 = `refman.out'.

Package caption Info: Begin \AtBeginDocument code.
Package caption Info: End \AtBeginDocument code.
\Etoc@tf=\read4
Package hyperref Info: Option `pageanchor' set `false' on input line 192.
Package hyperref Info: Option `bookmarksnumbered' set `true' on input line 192.

Package hyperref Info: Option `unicode' set `true' on input line 192.
 <../../figures/LogoLaminaLatex.png (PNG copy)>
<../../figures/LogoLaminaLatex.png, id=2633, 1541.76pt x 1027.84pt>
File: ../../figures/LogoLaminaLatex.png Graphic file (type png)
<use ../../figures/LogoLaminaLatex.png>
Package pdftex.def Info: ../../figures/LogoLaminaLatex.png  used on input line 
196.
(pdftex.def)             Requested size: 455.24411pt x 303.49248pt.
LaTeX Font Info:    Font shape `T1/phv/m/n' will be
(Font)              scaled to size 12.9599pt on input line 200.
LaTeX Font Info:    Font shape `T1/phv/m/n' will be
(Font)              scaled to size 10.79993pt on input line 202.

[1


{/var/lib/texmf/fonts/map/pdftex/updmap/pdftex.map}{/usr/share/texlive/texmf-di
st/fonts/enc/dvips/base/8r.enc}] [2

]
\tf@toc=\write6
\openout6 = `refman.toc'.

LaTeX Font Info:    Font shape `T1/phv/b/n' will be
(Font)              scaled to size 8.99994pt on input line 208.
LaTeX Font Info:    Font shape `T1/phv/b/n' will be
(Font)              scaled to size 6.29996pt on input line 208.
LaTeX Font Info:    Trying to load font information for U+msa on input line 208
.

(/usr/share/texlive/texmf-dist/tex/latex/amsfonts/umsa.fd
File: umsa.fd 2013/01/14 v3.01 AMS symbols A
)
LaTeX Font Info:    Trying to load font information for U+msb on input line 208
.

(/usr/share/texlive/texmf-dist/tex/latex/amsfonts/umsb.fd
File: umsb.fd 2013/01/14 v3.01 AMS symbols B
)
LaTeX Font Info:    Trying to load font information for U+wasy on input line 20
8.

(/usr/share/texlive/texmf-dist/tex/latex/wasysym/uwasy.fd
File: uwasy.fd 2020/01/19 v2.4 Wasy-2 symbol font definitions
)
LaTeX Font Info:    Font shape `T1/phv/m/n' will be
(Font)              scaled to size 6.29996pt on input line 208.
 [1] [2] [3] [4]
[5] [6] [7] [8] [9] [10] [11] [12] [13] [14] [15] [16]
Package hyperref Info: Option `pageanchor' set `true' on input line 211.
 (./index.tex
Chapter 1.
LaTeX Font Info:    Font shape `T1/phv/m/n' will be
(Font)              scaled to size 18.66588pt on input line 1.
LaTeX Font Info:    Font shape `T1/phv/b/n' will be
(Font)              scaled to size 18.66588pt on input line 1.
LaTeX Font Info:    Font shape `T1/phv/b/n' will be
(Font)              scaled to size 22.39185pt on input line 1.
LaTeX Font Info:    Font shape `T1/phv/b/n' will be
(Font)              scaled to size 12.9599pt on input line 3.
LaTeX Font Info:    Trying to load font information for TS1+phv on input line 1
1.
(/usr/share/texlive/texmf-dist/tex/latex/psnfss/ts1phv.fd
File: ts1phv.fd 2020/03/25 scalable font definitions for TS1/phv.
)
LaTeX Font Info:    Font shape `TS1/phv/m/n' will be
(Font)              scaled to size 8.99994pt on input line 11.
 [1


]
LaTeX Font Info:    Trying to load font information for T1+pcr on input line 43
.

(/usr/share/texlive/texmf-dist/tex/latex/psnfss/t1pcr.fd
File: t1pcr.fd 2001/06/04 font definitions for T1/pcr.
)
LaTeX Font Info:    Font shape `T1/phv/m/n' will be
(Font)              scaled to size 8.09995pt on input line 51.

Overfull \hbox (133.35522pt too wide) in paragraph at lines 53--53
[]  \T1/pcr/m/n/9 |- source/                # All C source files; avoid placing
 [] here to prevent extra related pages[] 
 []

[2]
Overfull \hbox (84.75528pt too wide) in paragraph at lines 66--66
[]      \T1/pcr/m/n/9 |- extra_stylesheet.css # Optional CSS to customize HTML 
output (e.g., hide Related Pages tab)[] 
 []

) [3] [4

]
Chapter 2.
(./files.tex [5]) [6]
Chapter 3.
(./README_8md.tex) (./AccumProps_8c.tex <./AccumProps_8c__incl.pdf>
<AccumProps_8c__incl.pdf, id=3538, 238.8925pt x 214.8025pt>
File: AccumProps_8c__incl.pdf Graphic file (type pdf)
<use AccumProps_8c__incl.pdf>
Package pdftex.def Info: AccumProps_8c__incl.pdf  used on input line 10.
(pdftex.def)             Requested size: 238.0pt x 213.99895pt.
LaTeX Font Info:    Font shape `T1/phv/b/n' will be
(Font)              scaled to size 10.79993pt on input line 20.
LaTeX Font Info:    Font shape `T1/phv/m/n' will be
(Font)              scaled to size 7.19995pt on input line 25.
LaTeX Font Info:    Font shape `T1/pcr/m/it' in size <8> not available
(Font)              Font shape `T1/pcr/m/sl' tried instead on input line 25.
 [7

] <./AccumProps_8c_a4b4560208657b98f0dea0ba6d4413c19_icgraph.pdf>
<AccumProps_8c_a4b4560208657b98f0dea0ba6d4413c19_icgraph.pdf, id=3637, 329.23pt
 x 101.37875pt>
File: AccumProps_8c_a4b4560208657b98f0dea0ba6d4413c19_icgraph.pdf Graphic file 
(type pdf)
<use AccumProps_8c_a4b4560208657b98f0dea0ba6d4413c19_icgraph.pdf>
Package pdftex.def Info: AccumProps_8c_a4b4560208657b98f0dea0ba6d4413c19_icgrap
h.pdf  used on input line 75.
(pdftex.def)             Requested size: 328.0pt x 101.0026pt.
)
(./AccumProps_8c_source.tex [8]) (./AccumVacf_8c.tex <./AccumVacf_8c__incl.pdf>
<AccumVacf_8c__incl.pdf, id=3752, 193.72375pt x 214.8025pt>
File: AccumVacf_8c__incl.pdf Graphic file (type pdf)
<use AccumVacf_8c__incl.pdf>
Package pdftex.def Info: AccumVacf_8c__incl.pdf  used on input line 9.
(pdftex.def)             Requested size: 193.0pt x 214.00223pt.
[9] <./AccumVacf_8c_ad6608c7fca41e40ae23fe93c00dc5e2c_cgraph.pdf>
<AccumVacf_8c_ad6608c7fca41e40ae23fe93c00dc5e2c_cgraph.pdf, id=3852, 246.9225pt
 x 179.67125pt>
File: AccumVacf_8c_ad6608c7fca41e40ae23fe93c00dc5e2c_cgraph.pdf Graphic file (t
ype pdf)
<use AccumVacf_8c_ad6608c7fca41e40ae23fe93c00dc5e2c_cgraph.pdf>
Package pdftex.def Info: AccumVacf_8c_ad6608c7fca41e40ae23fe93c00dc5e2c_cgraph.
pdf  used on input line 68.
(pdftex.def)             Requested size: 246.0pt x 178.9991pt.
 <./AccumVacf_8c_ad6608c7fca41e40ae23fe93c00dc5e2c_icgraph.pdf>
<AccumVacf_8c_ad6608c7fca41e40ae23fe93c00dc5e2c_icgraph.pdf, id=3860, 244.915pt
 x 101.37875pt>
File: AccumVacf_8c_ad6608c7fca41e40ae23fe93c00dc5e2c_icgraph.pdf Graphic file (
type pdf)
<use AccumVacf_8c_ad6608c7fca41e40ae23fe93c00dc5e2c_icgraph.pdf>
Package pdftex.def Info: AccumVacf_8c_ad6608c7fca41e40ae23fe93c00dc5e2c_icgraph
.pdf  used on input line 75.
(pdftex.def)             Requested size: 244.0pt x 101.0026pt.
 [10] <./AccumVacf_8c_acdda65121bd9cf7a35cb4d2e0fdb7cd9_icgraph.pdf>
<AccumVacf_8c_acdda65121bd9cf7a35cb4d2e0fdb7cd9_icgraph.pdf, id=3903, 341.275pt
 x 101.37875pt>
File: AccumVacf_8c_acdda65121bd9cf7a35cb4d2e0fdb7cd9_icgraph.pdf Graphic file (
type pdf)
<use AccumVacf_8c_acdda65121bd9cf7a35cb4d2e0fdb7cd9_icgraph.pdf>
Package pdftex.def Info: AccumVacf_8c_acdda65121bd9cf7a35cb4d2e0fdb7cd9_icgraph
.pdf  used on input line 108.
(pdftex.def)             Requested size: 340.0pt x 101.00568pt.
 <./AccumVacf_8c_a9be1b8f0429ee69e28f6fb3850e8acdb_icgraph.pdf>
<AccumVacf_8c_a9be1b8f0429ee69e28f6fb3850e8acdb_icgraph.pdf, id=3930, 341.275pt
 x 101.37875pt>
File: AccumVacf_8c_a9be1b8f0429ee69e28f6fb3850e8acdb_icgraph.pdf Graphic file (
type pdf)
<use AccumVacf_8c_a9be1b8f0429ee69e28f6fb3850e8acdb_icgraph.pdf>
Package pdftex.def Info: AccumVacf_8c_a9be1b8f0429ee69e28f6fb3850e8acdb_icgraph
.pdf  used on input line 147.
(pdftex.def)             Requested size: 340.0pt x 101.00568pt.
 [11] <./AccumVacf_8c_af60963b0cbbf0bed9d310797a6f9a59d_icgraph.pdf>
<AccumVacf_8c_af60963b0cbbf0bed9d310797a6f9a59d_icgraph.pdf, id=3959, 341.275pt
 x 101.37875pt>
File: AccumVacf_8c_af60963b0cbbf0bed9d310797a6f9a59d_icgraph.pdf Graphic file (
type pdf)
<use AccumVacf_8c_af60963b0cbbf0bed9d310797a6f9a59d_icgraph.pdf>
Package pdftex.def Info: AccumVacf_8c_af60963b0cbbf0bed9d310797a6f9a59d_icgraph
.pdf  used on input line 182.
(pdftex.def)             Requested size: 340.0pt x 101.00568pt.
) (./AccumVacf_8c_source.tex [12]) (./AllocArrays_8c.tex <./AllocArrays_8c__inc
l.pdf>
<AllocArrays_8c__incl.pdf, id=4016, 237.88875pt x 214.8025pt>
File: AllocArrays_8c__incl.pdf Graphic file (type pdf)
<use AllocArrays_8c__incl.pdf>
Package pdftex.def Info: AllocArrays_8c__incl.pdf  used on input line 10.
(pdftex.def)             Requested size: 237.0pt x 214.00877pt.
 [13]
Underfull \hbox (badness 1147) in paragraph at lines 64--65
[]\T1/phv/m/n/10 References [], [], [], [], [], [], [], [], [], [],
 []

 <./AllocArrays_8c_a0de7521b891c869e61da0348ea08f8f1_icgraph.pdf>
<AllocArrays_8c_a0de7521b891c869e61da0348ea08f8f1_icgraph.pdf, id=4115, 324.211
24pt x 101.37875pt>
File: AllocArrays_8c_a0de7521b891c869e61da0348ea08f8f1_icgraph.pdf Graphic file
 (type pdf)
<use AllocArrays_8c_a0de7521b891c869e61da0348ea08f8f1_icgraph.pdf>
Package pdftex.def Info: AllocArrays_8c_a0de7521b891c869e61da0348ea08f8f1_icgra
ph.pdf  used on input line 74.
(pdftex.def)             Requested size: 323.0pt x 101.00568pt.
)
(./AllocArrays_8c_source.tex [14]) (./ApplyBoundaryCond_8c.tex <./ApplyBoundary
Cond_8c__incl.pdf>
<ApplyBoundaryCond_8c__incl.pdf, id=4194, 359.3425pt x 214.8025pt>
File: ApplyBoundaryCond_8c__incl.pdf Graphic file (type pdf)
<use ApplyBoundaryCond_8c__incl.pdf>
Package pdftex.def Info: ApplyBoundaryCond_8c__incl.pdf  used on input line 12.

(pdftex.def)             Requested size: 350.0pt x 209.23329pt.
 [15] <./ApplyBoundaryCond_8c_a5e0b9ccb6d4aee203a4de8438fc9f590_icgraph.pdf>
<ApplyBoundaryCond_8c_a5e0b9ccb6d4aee203a4de8438fc9f590_icgraph.pdf, id=4353, 2
73.02pt x 101.37875pt>
File: ApplyBoundaryCond_8c_a5e0b9ccb6d4aee203a4de8438fc9f590_icgraph.pdf Graphi
c file (type pdf)
<use ApplyBoundaryCond_8c_a5e0b9ccb6d4aee203a4de8438fc9f590_icgraph.pdf>
Package pdftex.def Info: ApplyBoundaryCond_8c_a5e0b9ccb6d4aee203a4de8438fc9f590
_icgraph.pdf  used on input line 87.
(pdftex.def)             Requested size: 272.0pt x 101.00568pt.
) (./ApplyBoundaryCond_8c_source.tex [16])
(./ApplyDrivingForce_8c.tex <./ApplyDrivingForce_8c__incl.pdf>
<ApplyDrivingForce_8c__incl.pdf, id=4481, 254.9525pt x 214.8025pt>
File: ApplyDrivingForce_8c__incl.pdf Graphic file (type pdf)
<use ApplyDrivingForce_8c__incl.pdf>
Package pdftex.def Info: ApplyDrivingForce_8c__incl.pdf  used on input line 10.

(pdftex.def)             Requested size: 254.0pt x 214.00877pt.
 [17] [18])
(./ApplyDrivingForce_8c_source.tex) (./ApplyForce_8c.tex <./ApplyForce_8c__incl
.pdf>
<ApplyForce_8c__incl.pdf, id=4626, 236.885pt x 214.8025pt>
File: ApplyForce_8c__incl.pdf Graphic file (type pdf)
<use ApplyForce_8c__incl.pdf>
Package pdftex.def Info: ApplyForce_8c__incl.pdf  used on input line 10.
(pdftex.def)             Requested size: 236.0pt x 214.00551pt.
 [19] <./ApplyForce_8c_ad6ab10f163d2a72fca0250e1aae8f09b_icgraph.pdf>
<ApplyForce_8c_ad6ab10f163d2a72fca0250e1aae8f09b_icgraph.pdf, id=4735, 227.8512
6pt x 101.37875pt>
File: ApplyForce_8c_ad6ab10f163d2a72fca0250e1aae8f09b_icgraph.pdf Graphic file 
(type pdf)
<use ApplyForce_8c_ad6ab10f163d2a72fca0250e1aae8f09b_icgraph.pdf>
Package pdftex.def Info: ApplyForce_8c_ad6ab10f163d2a72fca0250e1aae8f09b_icgrap
h.pdf  used on input line 58.
(pdftex.def)             Requested size: 227.0pt x 101.0026pt.
)
(./ApplyForce_8c_source.tex [20]) (./ApplyLeesEdwardsBoundaryCond_8c.tex <./App
lyLeesEdwardsBoundaryCond_8c__incl.pdf>
<ApplyLeesEdwardsBoundaryCond_8c__incl.pdf, id=4779, 274.02374pt x 227.85126pt>

File: ApplyLeesEdwardsBoundaryCond_8c__incl.pdf Graphic file (type pdf)
<use ApplyLeesEdwardsBoundaryCond_8c__incl.pdf>
Package pdftex.def Info: ApplyLeesEdwardsBoundaryCond_8c__incl.pdf  used on inp
ut line 10.
(pdftex.def)             Requested size: 273.0pt x 227.01627pt.
 [21])
(./ApplyLeesEdwardsBoundaryCond_8c_source.tex [22]) (./ApplyShear_8c.tex <./App
lyShear_8c__incl.pdf>
<ApplyShear_8c__incl.pdf, id=4910, 236.885pt x 214.8025pt>
File: ApplyShear_8c__incl.pdf Graphic file (type pdf)
<use ApplyShear_8c__incl.pdf>
Package pdftex.def Info: ApplyShear_8c__incl.pdf  used on input line 10.
(pdftex.def)             Requested size: 236.0pt x 214.00551pt.
 [23]) (./ApplyShear_8c_source.tex [24])
(./ApplyViscous_8c.tex <./ApplyViscous_8c__incl.pdf>
<ApplyViscous_8c__incl.pdf, id=5014, 242.9075pt x 214.8025pt>
File: ApplyViscous_8c__incl.pdf Graphic file (type pdf)
<use ApplyViscous_8c__incl.pdf>
Package pdftex.def Info: ApplyViscous_8c__incl.pdf  used on input line 10.
(pdftex.def)             Requested size: 242.0pt x 213.99895pt.
)
(./ApplyViscous_8c_source.tex [25]) (./BrownianStep_8c.tex <./BrownianStep_8c__
incl.pdf>
<BrownianStep_8c__incl.pdf, id=5071, 287.0725pt x 214.8025pt>
File: BrownianStep_8c__incl.pdf Graphic file (type pdf)
<use BrownianStep_8c__incl.pdf>
Package pdftex.def Info: BrownianStep_8c__incl.pdf  used on input line 11.
(pdftex.def)             Requested size: 286.0pt x 214.00551pt.
 [26]) (./BrownianStep_8c_source.tex [27]) (./Close_8c.tex <./Close_8c__incl.pd
f>
<Close_8c__incl.pdf, id=5252, 223.83624pt x 214.8025pt>
File: Close_8c__incl.pdf Graphic file (type pdf)
<use Close_8c__incl.pdf>
Package pdftex.def Info: Close_8c__incl.pdf  used on input line 10.
(pdftex.def)             Requested size: 223.0pt x 214.00551pt.
 [28] [29]
Underfull \hbox (badness 1000) in paragraph at lines 95--96
[]\T1/phv/m/n/10 References [], [], [], [], [], [], [], [], [], [],
 []

 <./Close_8c_a7f7a3199c392465d0767c6506c1af5b4_icgraph.pdf>
<Close_8c_a7f7a3199c392465d0767c6506c1af5b4_icgraph.pdf, id=5470, 200.75pt x 10
1.37875pt>
File: Close_8c_a7f7a3199c392465d0767c6506c1af5b4_icgraph.pdf Graphic file (type
 pdf)
<use Close_8c_a7f7a3199c392465d0767c6506c1af5b4_icgraph.pdf>
Package pdftex.def Info: Close_8c_a7f7a3199c392465d0767c6506c1af5b4_icgraph.pdf
  used on input line 105.
(pdftex.def)             Requested size: 200.0pt x 101.00723pt.
)
(./Close_8c_source.tex [30]) (./ComputeBondForce_8c.tex <./ComputeBondForce_8c_
_incl.pdf>
<ComputeBondForce_8c__incl.pdf, id=5578, 451.6875pt x 214.8025pt>
File: ComputeBondForce_8c__incl.pdf Graphic file (type pdf)
<use ComputeBondForce_8c__incl.pdf>
Package pdftex.def Info: ComputeBondForce_8c__incl.pdf  used on input line 12.
(pdftex.def)             Requested size: 350.0pt x 166.45383pt.
 [31] [32] [33] <./ComputeBondForce_8c_a3f0e4ae64582185f20eead0badd6036d_icgrap
h.pdf>
<ComputeBondForce_8c_a3f0e4ae64582185f20eead0badd6036d_icgraph.pdf, id=5864, 26
9.005pt x 101.37875pt>
File: ComputeBondForce_8c_a3f0e4ae64582185f20eead0badd6036d_icgraph.pdf Graphic
 file (type pdf)
<use ComputeBondForce_8c_a3f0e4ae64582185f20eead0badd6036d_icgraph.pdf>
Package pdftex.def Info: ComputeBondForce_8c_a3f0e4ae64582185f20eead0badd6036d_
icgraph.pdf  used on input line 167.
(pdftex.def)             Requested size: 268.0pt x 101.00104pt.
) (./ComputeBondForce_8c_source.tex [34] [35])
(./ComputeBondForce_8h.tex <./ComputeBondForce_8h__dep__incl.pdf>
<ComputeBondForce_8h__dep__incl.pdf, id=6160, 339.2675pt x 158.5925pt>
File: ComputeBondForce_8h__dep__incl.pdf Graphic file (type pdf)
<use ComputeBondForce_8h__dep__incl.pdf>
Package pdftex.def Info: ComputeBondForce_8h__dep__incl.pdf  used on input line
 7.
(pdftex.def)             Requested size: 338.0pt x 158.00645pt.
 [36] [37] <./ComputeBondForce_8h_a3f0e4ae64582185f20eead0badd6036d_icgraph.pdf
>
<ComputeBondForce_8h_a3f0e4ae64582185f20eead0badd6036d_icgraph.pdf, id=6357, 26
9.005pt x 101.37875pt>
File: ComputeBondForce_8h_a3f0e4ae64582185f20eead0badd6036d_icgraph.pdf Graphic
 file (type pdf)
<use ComputeBondForce_8h_a3f0e4ae64582185f20eead0badd6036d_icgraph.pdf>
Package pdftex.def Info: ComputeBondForce_8h_a3f0e4ae64582185f20eead0badd6036d_
icgraph.pdf  used on input line 162.
(pdftex.def)             Requested size: 268.0pt x 101.00104pt.
)
(./ComputeBondForce_8h_source.tex) (./ComputeForcesCells_8c.tex <./ComputeForce
sCells_8c__incl.pdf>
<ComputeForcesCells_8c__incl.pdf, id=6367, 258.9675pt x 214.8025pt>
File: ComputeForcesCells_8c__incl.pdf Graphic file (type pdf)
<use ComputeForcesCells_8c__incl.pdf>
Package pdftex.def Info: ComputeForcesCells_8c__incl.pdf  used on input line 10
.
(pdftex.def)             Requested size: 258.0pt x 214.0219pt.
 [38] [39] [40]
Underfull \hbox (badness 991) in paragraph at lines 166--167
[]\T1/phv/m/n/10 References [], [], [], [], [], [], [], [], [], [], [],
 []

) (./ComputeForcesCells_8c_source.tex [41] [42]) (./ComputePairForce_8c.tex <./
ComputePairForce_8c__incl.pdf>
<ComputePairForce_8c__incl.pdf, id=6850, 374.39874pt x 214.8025pt>
File: ComputePairForce_8c__incl.pdf Graphic file (type pdf)
<use ComputePairForce_8c__incl.pdf>
Package pdftex.def Info: ComputePairForce_8c__incl.pdf  used on input line 11.
(pdftex.def)             Requested size: 350.0pt x 200.81636pt.
LaTeX Font Info:    Font shape `T1/pcr/m/it' in size <7> not available
(Font)              Font shape `T1/pcr/m/sl' tried instead on input line 26.
 [43] [44]
Underfull \hbox (badness 936) in paragraph at lines 207--208
[]\T1/phv/m/n/10 , [], [], [], [], [], [], [], [], [], [],
 []

 <./ComputePairForce_8c_a190822e2698bc1ad5ac920f89047f374_icgraph.pdf>
<ComputePairForce_8c_a190822e2698bc1ad5ac920f89047f374_icgraph.pdf, id=7131, 26
1.97874pt x 101.37875pt>
File: ComputePairForce_8c_a190822e2698bc1ad5ac920f89047f374_icgraph.pdf Graphic
 file (type pdf)
<use ComputePairForce_8c_a190822e2698bc1ad5ac920f89047f374_icgraph.pdf>
Package pdftex.def Info: ComputePairForce_8c_a190822e2698bc1ad5ac920f89047f374_
icgraph.pdf  used on input line 217.
(pdftex.def)             Requested size: 261.0pt x 101.0026pt.
)
(./ComputePairForce_8c_source.tex [45] [46] [47]) (./ComputePairForce_8h.tex <.
/ComputePairForce_8h__dep__incl.pdf>
<ComputePairForce_8h__dep__incl.pdf, id=7502, 331.2375pt x 158.5925pt>
File: ComputePairForce_8h__dep__incl.pdf Graphic file (type pdf)
<use ComputePairForce_8h__dep__incl.pdf>
Package pdftex.def Info: ComputePairForce_8h__dep__incl.pdf  used on input line
 7.
(pdftex.def)             Requested size: 330.0pt x 158.00645pt.
 [48] [49] [50]
Underfull \hbox (badness 936) in paragraph at lines 203--204
[]\T1/phv/m/n/10 , [], [], [], [], [], [], [], [], [], [],
 []

 <./ComputePairForce_8h_a190822e2698bc1ad5ac920f89047f374_icgraph.pdf>
<ComputePairForce_8h_a190822e2698bc1ad5ac920f89047f374_icgraph.pdf, id=7825, 26
1.97874pt x 101.37875pt>
File: ComputePairForce_8h_a190822e2698bc1ad5ac920f89047f374_icgraph.pdf Graphic
 file (type pdf)
<use ComputePairForce_8h_a190822e2698bc1ad5ac920f89047f374_icgraph.pdf>
Package pdftex.def Info: ComputePairForce_8h_a190822e2698bc1ad5ac920f89047f374_
icgraph.pdf  used on input line 213.
(pdftex.def)             Requested size: 261.0pt x 101.0026pt.
)
(./ComputePairForce_8h_source.tex) (./DisplaceAtoms_8c.tex <./DisplaceAtoms_8c_
_incl.pdf>
<DisplaceAtoms_8c__incl.pdf, id=7835, 246.9225pt x 214.8025pt>
File: DisplaceAtoms_8c__incl.pdf Graphic file (type pdf)
<use DisplaceAtoms_8c__incl.pdf>
Package pdftex.def Info: DisplaceAtoms_8c__incl.pdf  used on input line 10.
(pdftex.def)             Requested size: 246.0pt x 213.99895pt.
 [51] <./DisplaceAtoms_8c_a3d24280446b0ed41ab873e8325636373_icgraph.pdf>
<DisplaceAtoms_8c_a3d24280446b0ed41ab873e8325636373_icgraph.pdf, id=7874, 246.9
225pt x 101.37875pt>
File: DisplaceAtoms_8c_a3d24280446b0ed41ab873e8325636373_icgraph.pdf Graphic fi
le (type pdf)
<use DisplaceAtoms_8c_a3d24280446b0ed41ab873e8325636373_icgraph.pdf>
Package pdftex.def Info: DisplaceAtoms_8c_a3d24280446b0ed41ab873e8325636373_icg
raph.pdf  used on input line 54.
(pdftex.def)             Requested size: 246.0pt x 100.9995pt.
) (./DisplaceAtoms_8c_source.tex [52]) (./DumpBonds_8c.tex <./DumpBonds_8c__inc
l.pdf>
<DumpBonds_8c__incl.pdf, id=7907, 199.74625pt x 214.8025pt>
File: DumpBonds_8c__incl.pdf Graphic file (type pdf)
<use DumpBonds_8c__incl.pdf>
Package pdftex.def Info: DumpBonds_8c__incl.pdf  used on input line 9.
(pdftex.def)             Requested size: 199.0pt x 214.01205pt.
 [53] <./DumpBonds_8c_a918ba7fcfcb799caa0f61025cb71f187_icgraph.pdf>
<DumpBonds_8c_a918ba7fcfcb799caa0f61025cb71f187_icgraph.pdf, id=7996, 232.87pt 
x 101.37875pt>
File: DumpBonds_8c_a918ba7fcfcb799caa0f61025cb71f187_icgraph.pdf Graphic file (
type pdf)
<use DumpBonds_8c_a918ba7fcfcb799caa0f61025cb71f187_icgraph.pdf>
Package pdftex.def Info: DumpBonds_8c_a918ba7fcfcb799caa0f61025cb71f187_icgraph
.pdf  used on input line 63.
(pdftex.def)             Requested size: 232.0pt x 101.00414pt.
)
(./DumpBonds_8c_source.tex [54]) (./DumpPairs_8c.tex <./DumpPairs_8c__incl.pdf>
<DumpPairs_8c__incl.pdf, id=8067, 192.72pt x 214.8025pt>
File: DumpPairs_8c__incl.pdf Graphic file (type pdf)
<use DumpPairs_8c__incl.pdf>
Package pdftex.def Info: DumpPairs_8c__incl.pdf  used on input line 9.
(pdftex.def)             Requested size: 192.0pt x 213.99895pt.
[55] <./DumpPairs_8c_a8645965b1cadcb70224588065e716c17_icgraph.pdf>
<DumpPairs_8c_a8645965b1cadcb70224588065e716c17_icgraph.pdf, id=8145, 225.84375
pt x 101.37875pt>
File: DumpPairs_8c_a8645965b1cadcb70224588065e716c17_icgraph.pdf Graphic file (
type pdf)
<use DumpPairs_8c_a8645965b1cadcb70224588065e716c17_icgraph.pdf>
Package pdftex.def Info: DumpPairs_8c_a8645965b1cadcb70224588065e716c17_icgraph
.pdf  used on input line 64.
(pdftex.def)             Requested size: 225.0pt x 101.00568pt.
)
(./DumpPairs_8c_source.tex [56]) (./DumpRestart_8c.tex <./DumpRestart_8c__incl.
pdf>
<DumpRestart_8c__incl.pdf, id=8221, 204.765pt x 214.8025pt>
File: DumpRestart_8c__incl.pdf Graphic file (type pdf)
<use DumpRestart_8c__incl.pdf>
Package pdftex.def Info: DumpRestart_8c__incl.pdf  used on input line 9.
(pdftex.def)             Requested size: 204.0pt x 214.01205pt.
 [57] <./DumpRestart_8c_ab0202998bd4c6de904803b310d95b2d8_icgraph.pdf>
<DumpRestart_8c_ab0202998bd4c6de904803b310d95b2d8_icgraph.pdf, id=8303, 237.888
75pt x 101.37875pt>
File: DumpRestart_8c_ab0202998bd4c6de904803b310d95b2d8_icgraph.pdf Graphic file
 (type pdf)
<use DumpRestart_8c_ab0202998bd4c6de904803b310d95b2d8_icgraph.pdf>
Package pdftex.def Info: DumpRestart_8c_ab0202998bd4c6de904803b310d95b2d8_icgra
ph.pdf  used on input line 76.
(pdftex.def)             Requested size: 237.0pt x 101.00414pt.
)
(./DumpRestart_8c_source.tex [58]) (./DumpState_8c.tex <./DumpState_8c__incl.pd
f>
<DumpState_8c__incl.pdf, id=8374, 194.7275pt x 214.8025pt>
File: DumpState_8c__incl.pdf Graphic file (type pdf)
<use DumpState_8c__incl.pdf>
Package pdftex.def Info: DumpState_8c__incl.pdf  used on input line 9.
(pdftex.def)             Requested size: 194.0pt x 214.00877pt.
 [59] <./DumpState_8c_a65b923e31a875dd1a266c835d7187a87_icgraph.pdf>
<DumpState_8c_a65b923e31a875dd1a266c835d7187a87_icgraph.pdf, id=8457, 228.855pt
 x 101.37875pt>
File: DumpState_8c_a65b923e31a875dd1a266c835d7187a87_icgraph.pdf Graphic file (
type pdf)
<use DumpState_8c_a65b923e31a875dd1a266c835d7187a87_icgraph.pdf>
Package pdftex.def Info: DumpState_8c_a65b923e31a875dd1a266c835d7187a87_icgraph
.pdf  used on input line 72.
(pdftex.def)             Requested size: 228.0pt x 101.00414pt.
)
(./DumpState_8c_source.tex [60]) (./EvalCom_8c.tex <./EvalCom_8c__incl.pdf>
<EvalCom_8c__incl.pdf, id=8509, 287.0725pt x 214.8025pt>
File: EvalCom_8c__incl.pdf Graphic file (type pdf)
<use EvalCom_8c__incl.pdf>
Package pdftex.def Info: EvalCom_8c__incl.pdf  used on input line 11.
(pdftex.def)             Requested size: 286.0pt x 214.00551pt.

[61] <./EvalCom_8c_a695ff3302f614ca0a896945f4a3dc709_icgraph.pdf>
<EvalCom_8c_a695ff3302f614ca0a896945f4a3dc709_icgraph.pdf, id=8610, 216.81pt x 
101.37875pt>
File: EvalCom_8c_a695ff3302f614ca0a896945f4a3dc709_icgraph.pdf Graphic file (ty
pe pdf)
<use EvalCom_8c_a695ff3302f614ca0a896945f4a3dc709_icgraph.pdf>
Package pdftex.def Info: EvalCom_8c_a695ff3302f614ca0a896945f4a3dc709_icgraph.p
df  used on input line 68.
(pdftex.def)             Requested size: 216.0pt x 101.00568pt.
)
(./EvalCom_8c_source.tex [62]) (./EvalProps_8c.tex <./EvalProps_8c__incl.pdf>
<EvalProps_8c__incl.pdf, id=8686, 233.87375pt x 214.8025pt>
File: EvalProps_8c__incl.pdf Graphic file (type pdf)
<use EvalProps_8c__incl.pdf>
Package pdftex.def Info: EvalProps_8c__incl.pdf  used on input line 10.
(pdftex.def)             Requested size: 233.0pt x 214.01205pt.

[63]
Underfull \hbox (badness 896) in paragraph at lines 81--82
[]\T1/phv/m/n/10 References [], [], [], [], [], [], [], [], [], [],
 []


Underfull \hbox (badness 772) in paragraph at lines 81--82
[]\T1/phv/m/n/10 , [], [], [], [], [], [], [],
 []

 <./EvalProps_8c_a2d0358bac91b7e98e7a5a83a69325eed_icgraph.pdf>
<EvalProps_8c_a2d0358bac91b7e98e7a5a83a69325eed_icgraph.pdf, id=8836, 221.82875
pt x 101.37875pt>
File: EvalProps_8c_a2d0358bac91b7e98e7a5a83a69325eed_icgraph.pdf Graphic file (
type pdf)
<use EvalProps_8c_a2d0358bac91b7e98e7a5a83a69325eed_icgraph.pdf>
Package pdftex.def Info: EvalProps_8c_a2d0358bac91b7e98e7a5a83a69325eed_icgraph
.pdf  used on input line 91.
(pdftex.def)             Requested size: 221.0pt x 100.9995pt.
)
(./EvalProps_8c_source.tex [64]) (./EvalRdf_8c.tex <./EvalRdf_8c__incl.pdf>
<EvalRdf_8c__incl.pdf, id=8930, 227.85126pt x 214.8025pt>
File: EvalRdf_8c__incl.pdf Graphic file (type pdf)
<use EvalRdf_8c__incl.pdf>
Package pdftex.def Info: EvalRdf_8c__incl.pdf  used on input line 10.
(pdftex.def)             Requested size: 227.0pt x 214.00551pt.

[65] [66]) (./EvalRdf_8c_source.tex [67]) (./EvalSpacetimeCorr_8c.tex <./EvalSp
acetimeCorr_8c__incl.pdf>
<EvalSpacetimeCorr_8c__incl.pdf, id=9202, 254.9525pt x 214.8025pt>
File: EvalSpacetimeCorr_8c__incl.pdf Graphic file (type pdf)
<use EvalSpacetimeCorr_8c__incl.pdf>
Package pdftex.def Info: EvalSpacetimeCorr_8c__incl.pdf  used on input line 10.

(pdftex.def)             Requested size: 254.0pt x 214.00877pt.
 [68] [69]) (./EvalSpacetimeCorr_8c_source.tex
[70]) (./EvalUnwrap_8c.tex <./EvalUnwrap_8c__incl.pdf>
<EvalUnwrap_8c__incl.pdf, id=9499, 287.0725pt x 214.8025pt>
File: EvalUnwrap_8c__incl.pdf Graphic file (type pdf)
<use EvalUnwrap_8c__incl.pdf>
Package pdftex.def Info: EvalUnwrap_8c__incl.pdf  used on input line 11.
(pdftex.def)             Requested size: 286.0pt x 214.00551pt.
 [71] <./EvalUnwrap_8c_a1bd234e1132fb484a52ec59988006c08_icgraph.pdf>
<EvalUnwrap_8c_a1bd234e1132fb484a52ec59988006c08_icgraph.pdf, id=9585, 231.8662
6pt x 101.37875pt>
File: EvalUnwrap_8c_a1bd234e1132fb484a52ec59988006c08_icgraph.pdf Graphic file 
(type pdf)
<use EvalUnwrap_8c_a1bd234e1132fb484a52ec59988006c08_icgraph.pdf>
Package pdftex.def Info: EvalUnwrap_8c_a1bd234e1132fb484a52ec59988006c08_icgrap
h.pdf  used on input line 55.
(pdftex.def)             Requested size: 231.0pt x 101.0026pt.
) (./EvalUnwrap_8c_source.tex
[72]) (./EvalVacf_8c.tex <./EvalVacf_8c__incl.pdf>
<EvalVacf_8c__incl.pdf, id=9618, 186.6975pt x 214.8025pt>
File: EvalVacf_8c__incl.pdf Graphic file (type pdf)
<use EvalVacf_8c__incl.pdf>
Package pdftex.def Info: EvalVacf_8c__incl.pdf  used on input line 9.
(pdftex.def)             Requested size: 186.0pt x 214.00877pt.
 [73] <./EvalVacf_8c_ad6608c7fca41e40ae23fe93c00dc5e2c_cgraph.pdf>
<EvalVacf_8c_ad6608c7fca41e40ae23fe93c00dc5e2c_cgraph.pdf, id=9711, 246.9225pt 
x 179.67125pt>
File: EvalVacf_8c_ad6608c7fca41e40ae23fe93c00dc5e2c_cgraph.pdf Graphic file (ty
pe pdf)
<use EvalVacf_8c_ad6608c7fca41e40ae23fe93c00dc5e2c_cgraph.pdf>
Package pdftex.def Info: EvalVacf_8c_ad6608c7fca41e40ae23fe93c00dc5e2c_cgraph.p
df  used on input line 64.
(pdftex.def)             Requested size: 246.0pt x 178.9991pt.
 <./EvalVacf_8c_ad6608c7fca41e40ae23fe93c00dc5e2c_icgraph.pdf>
<EvalVacf_8c_ad6608c7fca41e40ae23fe93c00dc5e2c_icgraph.pdf, id=9719, 244.915pt 
x 101.37875pt>
File: EvalVacf_8c_ad6608c7fca41e40ae23fe93c00dc5e2c_icgraph.pdf Graphic file (t
ype pdf)
<use EvalVacf_8c_ad6608c7fca41e40ae23fe93c00dc5e2c_icgraph.pdf>
Package pdftex.def Info: EvalVacf_8c_ad6608c7fca41e40ae23fe93c00dc5e2c_icgraph.
pdf  used on input line 71.
(pdftex.def)             Requested size: 244.0pt x 101.0026pt.
 [74] <./EvalVacf_8c_a3c5fb8e107a2ba5ac5b27a1f67558883_cgraph.pdf>
<EvalVacf_8c_a3c5fb8e107a2ba5ac5b27a1f67558883_cgraph.pdf, id=9766, 341.275pt x
 179.67125pt>
File: EvalVacf_8c_a3c5fb8e107a2ba5ac5b27a1f67558883_cgraph.pdf Graphic file (ty
pe pdf)
<use EvalVacf_8c_a3c5fb8e107a2ba5ac5b27a1f67558883_cgraph.pdf>
Package pdftex.def Info: EvalVacf_8c_a3c5fb8e107a2ba5ac5b27a1f67558883_cgraph.p
df  used on input line 117.
(pdftex.def)             Requested size: 340.0pt x 179.01007pt.
) (./EvalVacf_8c_source.tex [75]) (./EvalVrms_8c.tex <./EvalVrms_8c__incl.pdf>
<EvalVrms_8c__incl.pdf, id=9821, 287.0725pt x 214.8025pt>
File: EvalVrms_8c__incl.pdf Graphic file (type pdf)
<use EvalVrms_8c__incl.pdf>
Package pdftex.def Info: EvalVrms_8c__incl.pdf  used on input line 11.
(pdftex.def)             Requested size: 286.0pt x 214.00551pt.
 [76] <./EvalVrms_8c_a3275d07fd445af2ae869b604eee31afb_icgraph.pdf>
<EvalVrms_8c_a3275d07fd445af2ae869b604eee31afb_icgraph.pdf, id=9890, 219.82124p
t x 101.37875pt>
File: EvalVrms_8c_a3275d07fd445af2ae869b604eee31afb_icgraph.pdf Graphic file (t
ype pdf)
<use EvalVrms_8c_a3275d07fd445af2ae869b604eee31afb_icgraph.pdf>
Package pdftex.def Info: EvalVrms_8c_a3275d07fd445af2ae869b604eee31afb_icgraph.
pdf  used on input line 60.
(pdftex.def)             Requested size: 219.0pt x 101.0026pt.
)
(./EvalVrms_8c_source.tex [77]) (./global_8h.tex <./global_8h__incl.pdf>
<global_8h__incl.pdf, id=9957, 170.6375pt x 158.5925pt>
File: global_8h__incl.pdf Graphic file (type pdf)
<use global_8h__incl.pdf>
Package pdftex.def Info: global_8h__incl.pdf  used on input line 8.
(pdftex.def)             Requested size: 170.0pt x 158.00888pt.
 <./global_8h__dep__incl.pdf>
<global_8h__dep__incl.pdf, id=9965, 5812.71625pt x 170.6375pt>
File: global_8h__dep__incl.pdf Graphic file (type pdf)
<use global_8h__dep__incl.pdf>
Package pdftex.def Info: global_8h__dep__incl.pdf  used on input line 15.
(pdftex.def)             Requested size: 350.0pt x 10.27425pt.
 [78] [79] [80] [81]
Underfull \hbox (badness 2653) in paragraph at lines 462--463
[]\T1/phv/m/n/10 Referenced by [], [], [], [], [],
 []

[82] [83]
Underfull \hbox (badness 1264) in paragraph at lines 570--571
[]\T1/phv/m/n/10 Referenced by [], [], [], [], [],
 []


Underfull \hbox (badness 3209) in paragraph at lines 594--595
[]\T1/phv/m/n/10 , [], [], [], [], [], [],
 []


Underfull \hbox (badness 3209) in paragraph at lines 608--609
[]\T1/phv/m/n/10 , [], [], [], [], [], [],
 []

[84] [85] [86]
Underfull \hbox (badness 10000) in paragraph at lines 880--881
[]\T1/phv/m/n/10 Referenced by [], [], [], [], [],
 []

[87] [88] [89] [90] [91] [92] [93] [94] [95]
Overfull \hbox (34.709pt too wide) in paragraph at lines 1550--1551
[]\T1/phv/m/n/10 , [], [], [], [], [], [],
 []


Underfull \hbox (badness 3514) in paragraph at lines 1550--1551
[]\T1/phv/m/n/10 , [], [], [], [], [], [],
 []

[96] [97] [98] [99] [100]
Underfull \hbox (badness 4595) in paragraph at lines 1946--1947
[]\T1/phv/m/n/10 , [], [], [], [], [], [],
 []

[101]
Underfull \hbox (badness 4582) in paragraph at lines 1990--1991
[]\T1/phv/m/n/10 Referenced by [], [], [], [],
 []


Overfull \hbox (22.98271pt too wide) in paragraph at lines 1990--1991
[]\T1/phv/m/n/10 , [], [], [], [], [], [], and []. 
 []


Underfull \hbox (badness 4582) in paragraph at lines 2014--2015
[]\T1/phv/m/n/10 Referenced by [], [], [], [],
 []

[102] [103] [104] [105] [106] [107] [108] [109] [110] [111] [112]
Overfull \hbox (34.60814pt too wide) in paragraph at lines 2874--2875
[]\T1/phv/m/n/10 Referenced by [], [], [], [], [], [],
 []


Overfull \hbox (34.60814pt too wide) in paragraph at lines 2888--2889
[]\T1/phv/m/n/10 Referenced by [], [], [], [], [], [],
 []

) (./global_8h_source.tex [113] [114] [115]) (./globalExtern_8h.tex [116]
[117] [118] [119] [120] [121] [122] [123] [124] [125] [126] [127] [128]
[129] [130] [131] [132] [133] [134] [135] [136] [137] [138] [139] [140]
[141] [142]) (./globalExtern_8h_source.tex [143] [144]) (./Halt_8c.tex <./Halt_
8c__incl.pdf>
<Halt_8c__incl.pdf, id=12867, 298.11375pt x 214.8025pt>
File: Halt_8c__incl.pdf Graphic file (type pdf)
<use Halt_8c__incl.pdf>
Package pdftex.def Info: Halt_8c__incl.pdf  used on input line 11.
(pdftex.def)             Requested size: 297.0pt x 214.01205pt.
 [145] <./Halt_8c_a4f7624821cdea57301448e9fcc5f0144_icgraph.pdf>
<Halt_8c_a4f7624821cdea57301448e9fcc5f0144_icgraph.pdf, id=12948, 271.0125pt x 
101.37875pt>
File: Halt_8c_a4f7624821cdea57301448e9fcc5f0144_icgraph.pdf Graphic file (type 
pdf)
<use Halt_8c_a4f7624821cdea57301448e9fcc5f0144_icgraph.pdf>
Package pdftex.def Info: Halt_8c_a4f7624821cdea57301448e9fcc5f0144_icgraph.pdf 
 used on input line 56.
(pdftex.def)             Requested size: 270.0pt x 101.00414pt.
)
(./Halt_8c_source.tex [146]) (./Init_8c.tex <./Init_8c__incl.pdf>
<Init_8c__incl.pdf, id=12974, 426.59375pt x 214.8025pt>
File: Init_8c__incl.pdf Graphic file (type pdf)
<use Init_8c__incl.pdf>
Package pdftex.def Info: Init_8c__incl.pdf  used on input line 13.
(pdftex.def)             Requested size: 350.0pt x 176.24734pt.
 [147]
[148] [149] [150] <./Init_8c_a1e3b6d38df0786ccf7f938d60e386aae_icgraph.pdf>
<Init_8c_a1e3b6d38df0786ccf7f938d60e386aae_icgraph.pdf, id=13408, 189.70876pt x
 101.37875pt>
File: Init_8c_a1e3b6d38df0786ccf7f938d60e386aae_icgraph.pdf Graphic file (type 
pdf)
<use Init_8c_a1e3b6d38df0786ccf7f938d60e386aae_icgraph.pdf>
Package pdftex.def Info: Init_8c_a1e3b6d38df0786ccf7f938d60e386aae_icgraph.pdf 
 used on input line 281.
(pdftex.def)             Requested size: 189.0pt x 101.0026pt.
)
(./Init_8c_source.tex [151] [152] [153]) (./InitVacf_8c.tex <./InitVacf_8c__inc
l.pdf>
<InitVacf_8c__incl.pdf, id=13928, 183.68625pt x 214.8025pt>
File: InitVacf_8c__incl.pdf Graphic file (type pdf)
<use InitVacf_8c__incl.pdf>
Package pdftex.def Info: InitVacf_8c__incl.pdf  used on input line 9.
(pdftex.def)             Requested size: 183.0pt x 214.01534pt.
 [154] <./InitVacf_8c_a7c5f7c4e917de0e2ff97777973da01ee_cgraph.pdf>
<InitVacf_8c_a7c5f7c4e917de0e2ff97777973da01ee_cgraph.pdf, id=13995, 228.855pt 
x 101.37875pt>
File: InitVacf_8c_a7c5f7c4e917de0e2ff97777973da01ee_cgraph.pdf Graphic file (ty
pe pdf)
<use InitVacf_8c_a7c5f7c4e917de0e2ff97777973da01ee_cgraph.pdf>
Package pdftex.def Info: InitVacf_8c_a7c5f7c4e917de0e2ff97777973da01ee_cgraph.p
df  used on input line 54.
(pdftex.def)             Requested size: 228.0pt x 101.00414pt.
 <./InitVacf_8c_a7c5f7c4e917de0e2ff97777973da01ee_icgraph.pdf>
<InitVacf_8c_a7c5f7c4e917de0e2ff97777973da01ee_icgraph.pdf, id=14003, 305.14pt 
x 101.37875pt>
File: InitVacf_8c_a7c5f7c4e917de0e2ff97777973da01ee_icgraph.pdf Graphic file (t
ype pdf)
<use InitVacf_8c_a7c5f7c4e917de0e2ff97777973da01ee_icgraph.pdf>
Package pdftex.def Info: InitVacf_8c_a7c5f7c4e917de0e2ff97777973da01ee_icgraph.
pdf  used on input line 61.
(pdftex.def)             Requested size: 304.0pt x 101.00414pt.
 <./InitVacf_8c_af60963b0cbbf0bed9d310797a6f9a59d_icgraph.pdf>
<InitVacf_8c_af60963b0cbbf0bed9d310797a6f9a59d_icgraph.pdf, id=14017, 401.5pt x
 101.37875pt>
File: InitVacf_8c_af60963b0cbbf0bed9d310797a6f9a59d_icgraph.pdf Graphic file (t
ype pdf)
<use InitVacf_8c_af60963b0cbbf0bed9d310797a6f9a59d_icgraph.pdf>
Package pdftex.def Info: InitVacf_8c_af60963b0cbbf0bed9d310797a6f9a59d_icgraph.
pdf  used on input line 92.
(pdftex.def)             Requested size: 350.0pt x 88.38132pt.
) (./InitVacf_8c_source.tex [155])
(./Integrate_8c.tex <./Integrate_8c__incl.pdf>
<Integrate_8c__incl.pdf, id=14046, 187.70125pt x 214.8025pt>
File: Integrate_8c__incl.pdf Graphic file (type pdf)
<use Integrate_8c__incl.pdf>
Package pdftex.def Info: Integrate_8c__incl.pdf  used on input line 9.
(pdftex.def)             Requested size: 187.0pt x 214.01205pt.
 [156] <./Integrate_8c_a8d31c83bd377974025524c86b20425b2_icgraph.pdf>
<Integrate_8c_a8d31c83bd377974025524c86b20425b2_icgraph.pdf, id=14095, 341.275p
t x 101.37875pt>
File: Integrate_8c_a8d31c83bd377974025524c86b20425b2_icgraph.pdf Graphic file (
type pdf)
<use Integrate_8c_a8d31c83bd377974025524c86b20425b2_icgraph.pdf>
Package pdftex.def Info: Integrate_8c_a8d31c83bd377974025524c86b20425b2_icgraph
.pdf  used on input line 50.
(pdftex.def)             Requested size: 340.0pt x 101.00568pt.
) (./Integrate_8c_source.tex [157])
(./LeapfrogStep_8c.tex <./LeapfrogStep_8c__incl.pdf>
<LeapfrogStep_8c__incl.pdf, id=14117, 499.8675pt x 214.8025pt>
File: LeapfrogStep_8c__incl.pdf Graphic file (type pdf)
<use LeapfrogStep_8c__incl.pdf>
Package pdftex.def Info: LeapfrogStep_8c__incl.pdf  used on input line 13.
(pdftex.def)             Requested size: 350.0pt x 150.4066pt.
 [158] [159])
(./LeapfrogStep_8c_source.tex [160] [161]) (./main_8c.tex <./main_8c__incl.pdf>
<main_8c__incl.pdf, id=14574, 771.88374pt x 214.8025pt>
File: main_8c__incl.pdf Graphic file (type pdf)
<use main_8c__incl.pdf>
Package pdftex.def Info: main_8c__incl.pdf  used on input line 16.
(pdftex.def)             Requested size: 350.0pt x 97.39769pt.
[162] [163] [164] <./main_8c_a5e0b9ccb6d4aee203a4de8438fc9f590_icgraph.pdf>
<main_8c_a5e0b9ccb6d4aee203a4de8438fc9f590_icgraph.pdf, id=14920, 273.02pt x 10
1.37875pt>
File: main_8c_a5e0b9ccb6d4aee203a4de8438fc9f590_icgraph.pdf Graphic file (type 
pdf)
<use main_8c_a5e0b9ccb6d4aee203a4de8438fc9f590_icgraph.pdf>
Package pdftex.def Info: main_8c_a5e0b9ccb6d4aee203a4de8438fc9f590_icgraph.pdf 
 used on input line 222.
(pdftex.def)             Requested size: 272.0pt x 101.00568pt.

[165] <./main_8c_ad6ab10f163d2a72fca0250e1aae8f09b_icgraph.pdf>
<main_8c_ad6ab10f163d2a72fca0250e1aae8f09b_icgraph.pdf, id=14991, 227.85126pt x
 101.37875pt>
File: main_8c_ad6ab10f163d2a72fca0250e1aae8f09b_icgraph.pdf Graphic file (type 
pdf)
<use main_8c_ad6ab10f163d2a72fca0250e1aae8f09b_icgraph.pdf>
Package pdftex.def Info: main_8c_ad6ab10f163d2a72fca0250e1aae8f09b_icgraph.pdf 
 used on input line 321.
(pdftex.def)             Requested size: 227.0pt x 101.0026pt.
 [166] [167]
[168]
Underfull \hbox (badness 1000) in paragraph at lines 553--554
[]\T1/phv/m/n/10 References [], [], [], [], [], [], [], [], [], [],
 []

 <./main_8c_a7f7a3199c392465d0767c6506c1af5b4_icgraph.pdf>
<main_8c_a7f7a3199c392465d0767c6506c1af5b4_icgraph.pdf, id=15242, 200.75pt x 10
1.37875pt>
File: main_8c_a7f7a3199c392465d0767c6506c1af5b4_icgraph.pdf Graphic file (type 
pdf)
<use main_8c_a7f7a3199c392465d0767c6506c1af5b4_icgraph.pdf>
Package pdftex.def Info: main_8c_a7f7a3199c392465d0767c6506c1af5b4_icgraph.pdf 
 used on input line 563.
(pdftex.def)             Requested size: 200.0pt x 101.00723pt.
 [169] [170]
Underfull \hbox (badness 991) in paragraph at lines 711--712
[]\T1/phv/m/n/10 References [], [], [], [], [], [], [], [], [], [], [],
 []

 <./main_8c_a3d24280446b0ed41ab873e8325636373_icgraph.pdf>
<main_8c_a3d24280446b0ed41ab873e8325636373_icgraph.pdf, id=15424, 246.9225pt x 
101.37875pt>
File: main_8c_a3d24280446b0ed41ab873e8325636373_icgraph.pdf Graphic file (type 
pdf)
<use main_8c_a3d24280446b0ed41ab873e8325636373_icgraph.pdf>
Package pdftex.def Info: main_8c_a3d24280446b0ed41ab873e8325636373_icgraph.pdf 
 used on input line 746.
(pdftex.def)             Requested size: 246.0pt x 100.9995pt.
 [171] <./main_8c_a918ba7fcfcb799caa0f61025cb71f187_icgraph.pdf>
<main_8c_a918ba7fcfcb799caa0f61025cb71f187_icgraph.pdf, id=15481, 232.87pt x 10
1.37875pt>
File: main_8c_a918ba7fcfcb799caa0f61025cb71f187_icgraph.pdf Graphic file (type 
pdf)
<use main_8c_a918ba7fcfcb799caa0f61025cb71f187_icgraph.pdf>
Package pdftex.def Info: main_8c_a918ba7fcfcb799caa0f61025cb71f187_icgraph.pdf 
 used on input line 792.
(pdftex.def)             Requested size: 232.0pt x 101.00414pt.
 <./main_8c_a8645965b1cadcb70224588065e716c17_icgraph.pdf>
<main_8c_a8645965b1cadcb70224588065e716c17_icgraph.pdf, id=15527, 225.84375pt x
 101.37875pt>
File: main_8c_a8645965b1cadcb70224588065e716c17_icgraph.pdf Graphic file (type 
pdf)
<use main_8c_a8645965b1cadcb70224588065e716c17_icgraph.pdf>
Package pdftex.def Info: main_8c_a8645965b1cadcb70224588065e716c17_icgraph.pdf 
 used on input line 839.
(pdftex.def)             Requested size: 225.0pt x 101.00568pt.
 [172] <./main_8c_ab0202998bd4c6de904803b310d95b2d8_icgraph.pdf>
<main_8c_ab0202998bd4c6de904803b310d95b2d8_icgraph.pdf, id=15590, 237.88875pt x
 101.37875pt>
File: main_8c_ab0202998bd4c6de904803b310d95b2d8_icgraph.pdf Graphic file (type 
pdf)
<use main_8c_ab0202998bd4c6de904803b310d95b2d8_icgraph.pdf>
Package pdftex.def Info: main_8c_ab0202998bd4c6de904803b310d95b2d8_icgraph.pdf 
 used on input line 898.
(pdftex.def)             Requested size: 237.0pt x 101.00414pt.
 [173] <./main_8c_a65b923e31a875dd1a266c835d7187a87_icgraph.pdf>
<main_8c_a65b923e31a875dd1a266c835d7187a87_icgraph.pdf, id=15641, 228.855pt x 1
01.37875pt>
File: main_8c_a65b923e31a875dd1a266c835d7187a87_icgraph.pdf Graphic file (type 
pdf)
<use main_8c_a65b923e31a875dd1a266c835d7187a87_icgraph.pdf>
Package pdftex.def Info: main_8c_a65b923e31a875dd1a266c835d7187a87_icgraph.pdf 
 used on input line 953.
(pdftex.def)             Requested size: 228.0pt x 101.00414pt.

[174] <./main_8c_a695ff3302f614ca0a896945f4a3dc709_icgraph.pdf>
<main_8c_a695ff3302f614ca0a896945f4a3dc709_icgraph.pdf, id=15703, 216.81pt x 10
1.37875pt>
File: main_8c_a695ff3302f614ca0a896945f4a3dc709_icgraph.pdf Graphic file (type 
pdf)
<use main_8c_a695ff3302f614ca0a896945f4a3dc709_icgraph.pdf>
Package pdftex.def Info: main_8c_a695ff3302f614ca0a896945f4a3dc709_icgraph.pdf 
 used on input line 1002.
(pdftex.def)             Requested size: 216.0pt x 101.00568pt.

Underfull \hbox (badness 896) in paragraph at lines 1065--1066
[]\T1/phv/m/n/10 References [], [], [], [], [], [], [], [], [], [],
 []


Underfull \hbox (badness 772) in paragraph at lines 1065--1066
[]\T1/phv/m/n/10 , [], [], [], [], [], [], [],
 []

[175] <./main_8c_a2d0358bac91b7e98e7a5a83a69325eed_icgraph.pdf>
<main_8c_a2d0358bac91b7e98e7a5a83a69325eed_icgraph.pdf, id=15815, 221.82875pt x
 101.37875pt>
File: main_8c_a2d0358bac91b7e98e7a5a83a69325eed_icgraph.pdf Graphic file (type 
pdf)
<use main_8c_a2d0358bac91b7e98e7a5a83a69325eed_icgraph.pdf>
Package pdftex.def Info: main_8c_a2d0358bac91b7e98e7a5a83a69325eed_icgraph.pdf 
 used on input line 1075.
(pdftex.def)             Requested size: 221.0pt x 100.9995pt.
 [176] [177] <./main_8c_a1bd234e1132fb484a52ec59988006c08_icgraph.pdf>
<main_8c_a1bd234e1132fb484a52ec59988006c08_icgraph.pdf, id=16014, 231.86626pt x
 101.37875pt>
File: main_8c_a1bd234e1132fb484a52ec59988006c08_icgraph.pdf Graphic file (type 
pdf)
<use main_8c_a1bd234e1132fb484a52ec59988006c08_icgraph.pdf>
Package pdftex.def Info: main_8c_a1bd234e1132fb484a52ec59988006c08_icgraph.pdf 
 used on input line 1289.
(pdftex.def)             Requested size: 231.0pt x 101.0026pt.
 [178] <./main_8c_a3c5fb8e107a2ba5ac5b27a1f67558883_cgraph.pdf>
<main_8c_a3c5fb8e107a2ba5ac5b27a1f67558883_cgraph.pdf, id=16060, 341.275pt x 17
9.67125pt>
File: main_8c_a3c5fb8e107a2ba5ac5b27a1f67558883_cgraph.pdf Graphic file (type p
df)
<use main_8c_a3c5fb8e107a2ba5ac5b27a1f67558883_cgraph.pdf>
Package pdftex.def Info: main_8c_a3c5fb8e107a2ba5ac5b27a1f67558883_cgraph.pdf  
used on input line 1335.
(pdftex.def)             Requested size: 340.0pt x 179.01007pt.
 <./main_8c_a3275d07fd445af2ae869b604eee31afb_icgraph.pdf>
<main_8c_a3275d07fd445af2ae869b604eee31afb_icgraph.pdf, id=16092, 219.82124pt x
 101.37875pt>
File: main_8c_a3275d07fd445af2ae869b604eee31afb_icgraph.pdf Graphic file (type 
pdf)
<use main_8c_a3275d07fd445af2ae869b604eee31afb_icgraph.pdf>
Package pdftex.def Info: main_8c_a3275d07fd445af2ae869b604eee31afb_icgraph.pdf 
 used on input line 1376.
(pdftex.def)             Requested size: 219.0pt x 101.0026pt.
 [179] <./main_8c_a4f7624821cdea57301448e9fcc5f0144_icgraph.pdf>
<main_8c_a4f7624821cdea57301448e9fcc5f0144_icgraph.pdf, id=16117, 271.0125pt x 
101.37875pt>
File: main_8c_a4f7624821cdea57301448e9fcc5f0144_icgraph.pdf Graphic file (type 
pdf)
<use main_8c_a4f7624821cdea57301448e9fcc5f0144_icgraph.pdf>
Package pdftex.def Info: main_8c_a4f7624821cdea57301448e9fcc5f0144_icgraph.pdf 
 used on input line 1413.
(pdftex.def)             Requested size: 270.0pt x 101.00414pt.
 [180] [181] [182] <./main_8c_a1e3b6d38df0786ccf7f938d60e386aae_icgraph.pdf>
<main_8c_a1e3b6d38df0786ccf7f938d60e386aae_icgraph.pdf, id=16508, 189.70876pt x
 101.37875pt>
File: main_8c_a1e3b6d38df0786ccf7f938d60e386aae_icgraph.pdf Graphic file (type 
pdf)
<use main_8c_a1e3b6d38df0786ccf7f938d60e386aae_icgraph.pdf>
Package pdftex.def Info: main_8c_a1e3b6d38df0786ccf7f938d60e386aae_icgraph.pdf 
 used on input line 1673.
(pdftex.def)             Requested size: 189.0pt x 101.0026pt.

[183] [184] <./main_8c_a3c04138a5bfe5d72780bb7e82a18e627_cgraph.pdf>
<main_8c_a3c04138a5bfe5d72780bb7e82a18e627_cgraph.pdf, id=16671, 480.79625pt x 
923.45pt>
File: main_8c_a3c04138a5bfe5d72780bb7e82a18e627_cgraph.pdf Graphic file (type p
df)
<use main_8c_a3c04138a5bfe5d72780bb7e82a18e627_cgraph.pdf>
Package pdftex.def Info: main_8c_a3c04138a5bfe5d72780bb7e82a18e627_cgraph.pdf  
used on input line 1836.
(pdftex.def)             Requested size: 286.35976pt x 550.0pt.
 [185]
[186] <./main_8c_ac4099b32a5f955706439e3e8736be84f_icgraph.pdf>
<main_8c_ac4099b32a5f955706439e3e8736be84f_icgraph.pdf, id=16703, 218.8175pt x 
101.37875pt>
File: main_8c_ac4099b32a5f955706439e3e8736be84f_icgraph.pdf Graphic file (type 
pdf)
<use main_8c_ac4099b32a5f955706439e3e8736be84f_icgraph.pdf>
Package pdftex.def Info: main_8c_ac4099b32a5f955706439e3e8736be84f_icgraph.pdf 
 used on input line 1869.
(pdftex.def)             Requested size: 218.0pt x 101.00104pt.
 <./main_8c_a88e586d610cefdd8d3b676b9a35ceebd_icgraph.pdf>
<main_8c_a88e586d610cefdd8d3b676b9a35ceebd_icgraph.pdf, id=16761, 243.91125pt x
 101.37875pt>
File: main_8c_a88e586d610cefdd8d3b676b9a35ceebd_icgraph.pdf Graphic file (type 
pdf)
<use main_8c_a88e586d610cefdd8d3b676b9a35ceebd_icgraph.pdf>
Package pdftex.def Info: main_8c_a88e586d610cefdd8d3b676b9a35ceebd_icgraph.pdf 
 used on input line 1947.
(pdftex.def)             Requested size: 243.0pt x 101.00104pt.
 [187] <./main_8c_ae8c08b7a0eaa4515cfb245baebdf4751_icgraph.pdf>
<main_8c_ae8c08b7a0eaa4515cfb245baebdf4751_icgraph.pdf, id=16789, 221.82875pt x
 101.37875pt>
File: main_8c_ae8c08b7a0eaa4515cfb245baebdf4751_icgraph.pdf Graphic file (type 
pdf)
<use main_8c_ae8c08b7a0eaa4515cfb245baebdf4751_icgraph.pdf>
Package pdftex.def Info: main_8c_ae8c08b7a0eaa4515cfb245baebdf4751_icgraph.pdf 
 used on input line 1980.
(pdftex.def)             Requested size: 221.0pt x 100.9995pt.
 [188] <./main_8c_a9110280655b1015bb1d792845e028775_cgraph.pdf>
<main_8c_a9110280655b1015bb1d792845e028775_cgraph.pdf, id=16833, 347.2975pt x 1
79.67125pt>
File: main_8c_a9110280655b1015bb1d792845e028775_cgraph.pdf Graphic file (type p
df)
<use main_8c_a9110280655b1015bb1d792845e028775_cgraph.pdf>
Package pdftex.def Info: main_8c_a9110280655b1015bb1d792845e028775_cgraph.pdf  
used on input line 2027.
(pdftex.def)             Requested size: 346.0pt x 179.00732pt.
 <./main_8c_a9110280655b1015bb1d792845e028775_icgraph.pdf>
<main_8c_a9110280655b1015bb1d792845e028775_icgraph.pdf, id=16841, 216.81pt x 10
1.37875pt>
File: main_8c_a9110280655b1015bb1d792845e028775_icgraph.pdf Graphic file (type 
pdf)
<use main_8c_a9110280655b1015bb1d792845e028775_icgraph.pdf>
Package pdftex.def Info: main_8c_a9110280655b1015bb1d792845e028775_icgraph.pdf 
 used on input line 2034.
(pdftex.def)             Requested size: 216.0pt x 101.00568pt.
 [189] <./main_8c_a0d23960762e61f857c04368fa85438af_icgraph.pdf>
<main_8c_a0d23960762e61f857c04368fa85438af_icgraph.pdf, id=16905, 221.82875pt x
 101.37875pt>
File: main_8c_a0d23960762e61f857c04368fa85438af_icgraph.pdf Graphic file (type 
pdf)
<use main_8c_a0d23960762e61f857c04368fa85438af_icgraph.pdf>
Package pdftex.def Info: main_8c_a0d23960762e61f857c04368fa85438af_icgraph.pdf 
 used on input line 2079.
(pdftex.def)             Requested size: 221.0pt x 100.9995pt.
 [190] <./main_8c_a2a17e5b6b292eb6e59d1da1d0b499e27_icgraph.pdf>
<main_8c_a2a17e5b6b292eb6e59d1da1d0b499e27_icgraph.pdf, id=16983, 262.9825pt x 
101.37875pt>
File: main_8c_a2a17e5b6b292eb6e59d1da1d0b499e27_icgraph.pdf Graphic file (type 
pdf)
<use main_8c_a2a17e5b6b292eb6e59d1da1d0b499e27_icgraph.pdf>
Package pdftex.def Info: main_8c_a2a17e5b6b292eb6e59d1da1d0b499e27_icgraph.pdf 
 used on input line 2139.
(pdftex.def)             Requested size: 262.0pt x 101.00414pt.
) (./main_8c_source.tex [191] [192])
(./PrintCom_8c.tex <./PrintCom_8c__incl.pdf>
<PrintCom_8c__incl.pdf, id=17258, 287.0725pt x 214.8025pt>
File: PrintCom_8c__incl.pdf Graphic file (type pdf)
<use PrintCom_8c__incl.pdf>
Package pdftex.def Info: PrintCom_8c__incl.pdf  used on input line 11.
(pdftex.def)             Requested size: 286.0pt x 214.00551pt.
 [193] <./PrintCom_8c_ac4099b32a5f955706439e3e8736be84f_icgraph.pdf>
<PrintCom_8c_ac4099b32a5f955706439e3e8736be84f_icgraph.pdf, id=17355, 218.8175p
t x 101.37875pt>
File: PrintCom_8c_ac4099b32a5f955706439e3e8736be84f_icgraph.pdf Graphic file (t
ype pdf)
<use PrintCom_8c_ac4099b32a5f955706439e3e8736be84f_icgraph.pdf>
Package pdftex.def Info: PrintCom_8c_ac4099b32a5f955706439e3e8736be84f_icgraph.
pdf  used on input line 52.
(pdftex.def)             Requested size: 218.0pt x 101.00104pt.
) (./PrintCom_8c_source.tex [194])
(./PrintMomentum_8c.tex <./PrintMomentum_8c__incl.pdf>
<PrintMomentum_8c__incl.pdf, id=17382, 218.8175pt x 214.8025pt>
File: PrintMomentum_8c__incl.pdf Graphic file (type pdf)
<use PrintMomentum_8c__incl.pdf>
Package pdftex.def Info: PrintMomentum_8c__incl.pdf  used on input line 9.
(pdftex.def)             Requested size: 218.0pt x 214.00223pt.
 [195])
(./PrintMomentum_8c_source.tex) (./PrintStress_8c.tex <./PrintStress_8c__incl.p
df>
<PrintStress_8c__incl.pdf, id=17452, 192.72pt x 214.8025pt>
File: PrintStress_8c__incl.pdf Graphic file (type pdf)
<use PrintStress_8c__incl.pdf>
Package pdftex.def Info: PrintStress_8c__incl.pdf  used on input line 9.
(pdftex.def)             Requested size: 192.0pt x 213.99895pt.
 [196]) (./PrintStress_8c_source.tex [197]) (./PrintSummary_8c.tex <./PrintSumm
ary_8c__incl.pdf>
<PrintSummary_8c__incl.pdf, id=17542, 208.78pt x 214.8025pt>
File: PrintSummary_8c__incl.pdf Graphic file (type pdf)
<use PrintSummary_8c__incl.pdf>
Package pdftex.def Info: PrintSummary_8c__incl.pdf  used on input line 9.
(pdftex.def)             Requested size: 208.0pt x 214.01205pt.
 <./PrintSummary_8c_a88e586d610cefdd8d3b676b9a35ceebd_icgraph.pdf>
<PrintSummary_8c_a88e586d610cefdd8d3b676b9a35ceebd_icgraph.pdf, id=17575, 243.9
1125pt x 101.37875pt>
File: PrintSummary_8c_a88e586d610cefdd8d3b676b9a35ceebd_icgraph.pdf Graphic fil
e (type pdf)
<use PrintSummary_8c_a88e586d610cefdd8d3b676b9a35ceebd_icgraph.pdf>
Package pdftex.def Info: PrintSummary_8c_a88e586d610cefdd8d3b676b9a35ceebd_icgr
aph.pdf  used on input line 51.
(pdftex.def)             Requested size: 243.0pt x 101.00104pt.
) (./PrintSummary_8c_source.tex [198]) (./PrintVacf_8c.tex <./PrintVacf_8c__inc
l.pdf>
<PrintVacf_8c__incl.pdf, id=17619, 187.70125pt x 214.8025pt>
File: PrintVacf_8c__incl.pdf Graphic file (type pdf)
<use PrintVacf_8c__incl.pdf>
Package pdftex.def Info: PrintVacf_8c__incl.pdf  used on input line 9.
(pdftex.def)             Requested size: 187.0pt x 214.01205pt.
 [199] <./PrintVacf_8c_a9be1b8f0429ee69e28f6fb3850e8acdb_icgraph.pdf>
<PrintVacf_8c_a9be1b8f0429ee69e28f6fb3850e8acdb_icgraph.pdf, id=17662, 341.275p
t x 101.37875pt>
File: PrintVacf_8c_a9be1b8f0429ee69e28f6fb3850e8acdb_icgraph.pdf Graphic file (
type pdf)
<use PrintVacf_8c_a9be1b8f0429ee69e28f6fb3850e8acdb_icgraph.pdf>
Package pdftex.def Info: PrintVacf_8c_a9be1b8f0429ee69e28f6fb3850e8acdb_icgraph
.pdf  used on input line 56.
(pdftex.def)             Requested size: 340.0pt x 101.00568pt.
) (./PrintVacf_8c_source.tex [200]) (./PrintVrms_8c.tex <./PrintVrms_8c__incl.p
df>
<PrintVrms_8c__incl.pdf, id=17716, 287.0725pt x 214.8025pt>
File: PrintVrms_8c__incl.pdf Graphic file (type pdf)
<use PrintVrms_8c__incl.pdf>
Package pdftex.def Info: PrintVrms_8c__incl.pdf  used on input line 11.
(pdftex.def)             Requested size: 286.0pt x 214.00551pt.
 <./PrintVrms_8c_ae8c08b7a0eaa4515cfb245baebdf4751_icgraph.pdf>
<PrintVrms_8c_ae8c08b7a0eaa4515cfb245baebdf4751_icgraph.pdf, id=17735, 221.8287
5pt x 101.37875pt>
File: PrintVrms_8c_ae8c08b7a0eaa4515cfb245baebdf4751_icgraph.pdf Graphic file (
type pdf)
<use PrintVrms_8c_ae8c08b7a0eaa4515cfb245baebdf4751_icgraph.pdf>
Package pdftex.def Info: PrintVrms_8c_ae8c08b7a0eaa4515cfb245baebdf4751_icgraph
.pdf  used on input line 52.
(pdftex.def)             Requested size: 221.0pt x 100.9995pt.
)
(./PrintVrms_8c_source.tex [201]) (./SetupJob_8c.tex <./SetupJob_8c__incl.pdf>
<SetupJob_8c__incl.pdf, id=17772, 187.70125pt x 214.8025pt>
File: SetupJob_8c__incl.pdf Graphic file (type pdf)
<use SetupJob_8c__incl.pdf>
Package pdftex.def Info: SetupJob_8c__incl.pdf  used on input line 9.
(pdftex.def)             Requested size: 187.0pt x 214.01205pt.

[202] [203] <./SetupJob_8c_a4b4560208657b98f0dea0ba6d4413c19_icgraph.pdf>
<SetupJob_8c_a4b4560208657b98f0dea0ba6d4413c19_icgraph.pdf, id=17911, 329.23pt 
x 101.37875pt>
File: SetupJob_8c_a4b4560208657b98f0dea0ba6d4413c19_icgraph.pdf Graphic file (t
ype pdf)
<use SetupJob_8c_a4b4560208657b98f0dea0ba6d4413c19_icgraph.pdf>
Package pdftex.def Info: SetupJob_8c_a4b4560208657b98f0dea0ba6d4413c19_icgraph.
pdf  used on input line 80.
(pdftex.def)             Requested size: 328.0pt x 101.0026pt.

Underfull \hbox (badness 1147) in paragraph at lines 126--127
[]\T1/phv/m/n/10 References [], [], [], [], [], [], [], [], [], [],
 []

 <./SetupJob_8c_a0de7521b891c869e61da0348ea08f8f1_icgraph.pdf>
<SetupJob_8c_a0de7521b891c869e61da0348ea08f8f1_icgraph.pdf, id=17969, 324.21124
pt x 101.37875pt>
File: SetupJob_8c_a0de7521b891c869e61da0348ea08f8f1_icgraph.pdf Graphic file (t
ype pdf)
<use SetupJob_8c_a0de7521b891c869e61da0348ea08f8f1_icgraph.pdf>
Package pdftex.def Info: SetupJob_8c_a0de7521b891c869e61da0348ea08f8f1_icgraph.
pdf  used on input line 136.
(pdftex.def)             Requested size: 323.0pt x 101.00568pt.
 [204] <./SetupJob_8c_a7c5f7c4e917de0e2ff97777973da01ee_cgraph.pdf>
<SetupJob_8c_a7c5f7c4e917de0e2ff97777973da01ee_cgraph.pdf, id=17997, 228.855pt 
x 101.37875pt>
File: SetupJob_8c_a7c5f7c4e917de0e2ff97777973da01ee_cgraph.pdf Graphic file (ty
pe pdf)
<use SetupJob_8c_a7c5f7c4e917de0e2ff97777973da01ee_cgraph.pdf>
Package pdftex.def Info: SetupJob_8c_a7c5f7c4e917de0e2ff97777973da01ee_cgraph.p
df  used on input line 171.
(pdftex.def)             Requested size: 228.0pt x 101.00414pt.
 <./SetupJob_8c_a7c5f7c4e917de0e2ff97777973da01ee_icgraph.pdf>
<SetupJob_8c_a7c5f7c4e917de0e2ff97777973da01ee_icgraph.pdf, id=18005, 305.14pt 
x 101.37875pt>
File: SetupJob_8c_a7c5f7c4e917de0e2ff97777973da01ee_icgraph.pdf Graphic file (t
ype pdf)
<use SetupJob_8c_a7c5f7c4e917de0e2ff97777973da01ee_icgraph.pdf>
Package pdftex.def Info: SetupJob_8c_a7c5f7c4e917de0e2ff97777973da01ee_icgraph.
pdf  used on input line 178.
(pdftex.def)             Requested size: 304.0pt x 101.00414pt.
 <./SetupJob_8c_a9110280655b1015bb1d792845e028775_cgraph.pdf>
<SetupJob_8c_a9110280655b1015bb1d792845e028775_cgraph.pdf, id=18040, 347.2975pt
 x 179.67125pt>
File: SetupJob_8c_a9110280655b1015bb1d792845e028775_cgraph.pdf Graphic file (ty
pe pdf)
<use SetupJob_8c_a9110280655b1015bb1d792845e028775_cgraph.pdf>
Package pdftex.def Info: SetupJob_8c_a9110280655b1015bb1d792845e028775_cgraph.p
df  used on input line 225.
(pdftex.def)             Requested size: 346.0pt x 179.00732pt.
 [205] <./SetupJob_8c_a9110280655b1015bb1d792845e028775_icgraph.pdf>
<SetupJob_8c_a9110280655b1015bb1d792845e028775_icgraph.pdf, id=18056, 216.81pt 
x 101.37875pt>
File: SetupJob_8c_a9110280655b1015bb1d792845e028775_icgraph.pdf Graphic file (t
ype pdf)
<use SetupJob_8c_a9110280655b1015bb1d792845e028775_icgraph.pdf>
Package pdftex.def Info: SetupJob_8c_a9110280655b1015bb1d792845e028775_icgraph.
pdf  used on input line 232.
(pdftex.def)             Requested size: 216.0pt x 101.00568pt.
) (./SetupJob_8c_source.tex [206]) (./Trajectory_8c.tex <./Trajectory_8c__incl.
pdf>
<Trajectory_8c__incl.pdf, id=18111, 189.70876pt x 214.8025pt>
File: Trajectory_8c__incl.pdf Graphic file (type pdf)
<use Trajectory_8c__incl.pdf>
Package pdftex.def Info: Trajectory_8c__incl.pdf  used on input line 9.
(pdftex.def)             Requested size: 189.0pt x 214.00551pt.
 [207] <./Trajectory_8c_a0d23960762e61f857c04368fa85438af_icgraph.pdf>
<Trajectory_8c_a0d23960762e61f857c04368fa85438af_icgraph.pdf, id=18196, 221.828
75pt x 101.37875pt>
File: Trajectory_8c_a0d23960762e61f857c04368fa85438af_icgraph.pdf Graphic file 
(type pdf)
<use Trajectory_8c_a0d23960762e61f857c04368fa85438af_icgraph.pdf>
Package pdftex.def Info: Trajectory_8c_a0d23960762e61f857c04368fa85438af_icgrap
h.pdf  used on input line 62.
(pdftex.def)             Requested size: 221.0pt x 100.9995pt.
) (./Trajectory_8c_source.tex [208]) (./VelocityVerletStep_8c.tex <./VelocityVe
rletStep_8c__incl.pdf>
<VelocityVerletStep_8c__incl.pdf, id=18276, 253.94875pt x 214.8025pt>
File: VelocityVerletStep_8c__incl.pdf Graphic file (type pdf)
<use VelocityVerletStep_8c__incl.pdf>
Package pdftex.def Info: VelocityVerletStep_8c__incl.pdf  used on input line 10
.
(pdftex.def)             Requested size: 253.0pt x 214.00877pt.
 [209] <./VelocityVerletStep_8c_a2a17e5b6b292eb6e59d1da1d0b499e27_icgraph.pdf>
<VelocityVerletStep_8c_a2a17e5b6b292eb6e59d1da1d0b499e27_icgraph.pdf, id=18363,
 262.9825pt x 101.37875pt>
File: VelocityVerletStep_8c_a2a17e5b6b292eb6e59d1da1d0b499e27_icgraph.pdf Graph
ic file (type pdf)
<use VelocityVerletStep_8c_a2a17e5b6b292eb6e59d1da1d0b499e27_icgraph.pdf>
Package pdftex.def Info: VelocityVerletStep_8c_a2a17e5b6b292eb6e59d1da1d0b499e2
7_icgraph.pdf  used on input line 78.
(pdftex.def)             Requested size: 262.0pt x 101.00414pt.
) (./VelocityVerletStep_8c_source.tex [210])
(./ZeroVacf_8c.tex <./ZeroVacf_8c__incl.pdf>
<ZeroVacf_8c__incl.pdf, id=18454, 187.70125pt x 214.8025pt>
File: ZeroVacf_8c__incl.pdf Graphic file (type pdf)
<use ZeroVacf_8c__incl.pdf>
Package pdftex.def Info: ZeroVacf_8c__incl.pdf  used on input line 9.
(pdftex.def)             Requested size: 187.0pt x 214.01205pt.
 [211] <./ZeroVacf_8c_af60963b0cbbf0bed9d310797a6f9a59d_icgraph.pdf>
<ZeroVacf_8c_af60963b0cbbf0bed9d310797a6f9a59d_icgraph.pdf, id=18511, 418.56375
pt x 140.525pt>
File: ZeroVacf_8c_af60963b0cbbf0bed9d310797a6f9a59d_icgraph.pdf Graphic file (t
ype pdf)
<use ZeroVacf_8c_af60963b0cbbf0bed9d310797a6f9a59d_icgraph.pdf>
Package pdftex.def Info: ZeroVacf_8c_af60963b0cbbf0bed9d310797a6f9a59d_icgraph.
pdf  used on input line 52.
(pdftex.def)             Requested size: 350.0pt x 117.50412pt.
) (./ZeroVacf_8c_source.tex) [212]
(./refman.ind
LaTeX Font Info:    Font shape `T1/phv/m/n' will be
(Font)              scaled to size 22.39185pt on input line 1.
 [213



] [214] [215] [216] [217] [218] [219] [220] [221] [222]
[223] [224]) (./refman.aux)
Package rerunfilecheck Info: File `refman.out' has not changed.
(rerunfilecheck)             Checksum: ABF5F79B6AB8C5CC9863A4A9F381077A;119176.

 ) 
Here is how much of TeX's memory you used:
 25289 strings out of 477950
 517145 string characters out of 5838494
 1879388 words of memory out of 6000000
 40244 multiletter control sequences out of 15000+600000
 556690 words of font info for 94 fonts, out of 8000000 for 9000
 34 hyphenation exceptions out of 8191
 101i,16n,117p,6143b,719s stack positions out of 10000i,1000n,20000p,200000b,200000s
</usr/share/texlive/texmf-dist/fonts/type1/public/amsfonts/cm/cmmi10.pfb></us
r/share/texlive/texmf-dist/fonts/type1/public/amsfonts/cm/cmmi8.pfb></usr/share
/texlive/texmf-dist/fonts/type1/public/amsfonts/cm/cmsy10.pfb></usr/share/texli
ve/texmf-dist/fonts/type1/public/amsfonts/cm/cmsy7.pfb></usr/share/texlive/texm
f-dist/fonts/type1/public/amsfonts/cm/cmsy8.pfb></usr/share/texlive/texmf-dist/
fonts/type1/urw/courier/ucrr8a.pfb></usr/share/texlive/texmf-dist/fonts/type1/u
rw/courier/ucrro8a.pfb></usr/share/texlive/texmf-dist/fonts/type1/urw/helvetic/
uhvb8a.pfb></usr/share/texlive/texmf-dist/fonts/type1/urw/helvetic/uhvr8a.pfb>
Output written on refman.pdf (242 pages, 2485107 bytes).
PDF statistics:
 20718 PDF objects out of 22161 (max. 8388607)
 19889 compressed objects within 199 object streams
 4713 named destinations out of 5155 (max. 500000)
 5808 words of extra memory for PDF output out of 10000 (max. 10000000)

